-91766
-86223
-84879
1280
-160030
-151602
-190492
-197254
-196793
-195649
-182303
-182263
-179290
-35726
-35744
-47385
-46775
-46283
-44807
-179460
-102387
-99314
-103083
-102467
-99099
-93088
-92832
-92326
-92326
-90446
-88272
-88094
-87858
-87061
-79600
-76872
-76013
-41937
-46032
-45686
-60400
-59564
-77846
-54122
-48206
-42796
-48881
-48341
-155362
-154028
-315565
-354287
-348398
-346262
-337081
-335015
-256245
-289171
-285469
-284015
-84302
-83995
-48937
-146694
-79282
-36819
-41618
-39829
-175005
-173078
-169648
-166952
-165864
-299805
-297346
-114812
-282835
-282144
-280194
-126438
-124601
-43972
-47789
-41571
-40933
-37599
-37629
-43579
-47164
-223176
-210021
-101350
-101229
-100870
-100433
-94673
-36480
-47580
-46273
-33392
-48224
-48568
-47792
-29684
-49155
-48975
-47887
-48724
-46615
-46244
-45410
-47618
-40524
-45895
-35465
-148253
-144448
-88580
-72034
-65317
-152562
-150633
-149558
-124330
-96658
-95708
-47229
-43539
-44648
-44421
-49080
-280976
-342072
-339040
-320986
-161385
-149548
-149516
-142665
-140219
-99441
-43214
-43092
-301127
-296216
-295955
-285038
-177407
-166099
-165323
-191966
-189410
-187838
-184597
-170025
-167157
-167125
-165784
-164836
-206721
-206025
-152644
-258906
-258621
-250543
-249693
-246753
-448079
-596045
-592537
-568563
-567583
-567212
-566370
-563466
-562983
-562827
-510144
-509115
-504666
-352505
-352487
-349882
-349525
-47759
-59076
-56201
-214617
-213928
-212730
-212358
-542874
-747774
-494176
-534771
-503913
-503762
-615001
-612569
-610782
-610582
-638528
-678815
-678090
-676567
-675929
-769599
-768614
-767698
-716168
-714791
-645919
-643665
-642058
-640874
-639646
-616725
-615588
-615139
-615065
-614964
-335082
-443424
-443371
-443172
-443074
-441648
-359635
-516088
-515090
-514180
-513928
-513774
-513349
-393310
-392816
-422663
-422128
-421713
-479457
-479395
-475750
-453857
-453147
-452141
-451697
-261873
-261698
-55123
-53331
-46391
-103652
-48221
-46332
-46237
-181614
-176287
-188585
-184095
-183972
-181128
-180861
-212661
-146032
-144201
-221902
-350933
-348676
-347259
-345253
-484981
-559184
-617767
-617604
-616762
-452648
-449790
-449633
-448909
-447376
-232935
-230111
-236395
-235596
-235465
-233421
-232294
-232177
-229671
-229205
-68014
-67825
-67601
-66475
-65957
-250694
-237465
-236485
-292360
-620129
-568150
-567614
-567305
-704349
-701624
-697283
-713003
-626919
-768500
-758734
-815012
-683558
-502794
-499531
-499477
-498696
-498366
-497950
-497236
-496382
-496108
-494818
-484301
-526577
-525319
-523378
-522896
-663716
-663517
-487457
-485396
-409898
-584331
-583015
-581503
-581253
-668150
-667387
-666464
-650965
-648891
-682391
-562633
-561352
-560644
-681549
-636797
-635757
-712001
-633768
-474711
-474347
-500032
-499681
-499148
-497897
-496881
-495349
-334962
-332708
-331567
-330872
-328858
-327899
-327231
-326970
-326835
-326230
-326035
-325317
-324586
-324467
-322610
-589268
-588950
-587168
-493102
-306286
-306118
-303666
-303624
-118937
-148169
-147391
-61282
-165005
-161257
-157820
-153060
-406915
-403973
-388105
-383941
-382181
-378191
-287463
-277567
-274461
-273979
-382016
-381464
-380756
-380086
-258619
-257784
-257436
-257171
-256026
-255437
-404713
-404337
-399196
-309264
-173311
-172324
-172082
-172039
-171052
-171046
-171043
-170952
-471390
-470415
-469751
-469392
-351214
-350514
-350246
-349640
-349526
-348530
-348396
-346700
-346359
-346289
-54296
-214908
-214557
-214514
-210505
-389207
-387566
-387190
-506054
-504906
-546225
-546196
-458571
-458556
-469195
-462847
-462607
-278835
-278637
-278283
-278255
-260332
-260325
-242259
-241489
-241462
-241316
-241182
-241059
-240294
-240217
-69558
-69536
-186331
-186271
-185700
-185623
-185355
-185321
-331050
-234291
-234251
-234227
-234144
-143845
-143732
-143409
-143384
-143325
-46440
-49193
-49492
-44890
-35258
-8837
-34941
-46722
-33285
-43527
23407
-47938
-48746
-45673
-46131
-47346
-122685
-231842
-177657
-174411
-174046
-173084
-172894
-172791
-48481
-47956
-206538
-358562
-394240
-289205
-352905
-352660
-352257
-349135
-464647
-463009
-462122
-460712
-459862
-459255
-458410
-538828
-639232
-734949
-531254
-528684
-528540
-527586
-526901
-523505
-523137
-522805
-521384
-518262
-92310
-90340
-183445
-183152
-289984
-239241
-239107
-273313
-272077
-366734
-364778
-512294
-260814
-260484
-260096
-296556
-267717
-94912
-94908
-94678
-94458
-94173
-53339
-53009
-51792
-51563
-51419
-90984
-142885
-142191
-141577
-40002
-4035
-41888
-45871
-42162
-49494
-48508
-43365
-45474
-74123
-69183
-67195
-66818
-66364
-59741
-44933
-4439
-48938
-47299
-45682
-49360
-3765
-45708
-37611
-42300
-49176
-133894
-43347
-45038
-41239
-41021
-39377
-44566
-47988
-44495
-232129
-144836
-141666
-141229
-140350
-137856
-135440
-110405
-196155
-195415
-194164
-437491
-435618
-433134
-430905
-370463
-366756
-363325
-438452
-255980
-255597
-252076
-252052
-250022
-73987
-222138
-130163
-129473
-40208
-48909
-48012
-49460
-47154
-47035
-46578
-49276
-97724
-91963
-83456
-147310
-284688
-91224
-160847
-155782
-47746
-48326
-47758
152103
152432
-36403
-37846
-45256
-49460
-244061
-243901
-242752
-241489
-42670
-44423
-45570
-48420
-48341
-47826
-47129
-46554
-36110
-191226
-215622
-210811
-207152
-206415
-201335
-288347
-284074
-323940
-318032
-272451
-272218
-509373
-625373
-625364
-624034
-737737
-840350
-905135
-1039625
-1037652
-1036455
-1032324
-1069659
-1107491
-1107097
-1105405
-1105112
-1103773
-1102584
-1018221
-984410
-980740
-978900
-1009329
-1208228
-1205240
-1204958
-1175655
-1250506
-1249547
-1458145
-1455096
-1454185
-1453605
-1274560
-1489529
-1658213
-1652679
-1652405
-1604769
-1707851
-1602485
-1449774
-1449704
-1449678
-1448280
-1446557
-1445100
-1442320
-1307942
-1337435
-1519786
-1518926
-1517550
-1517355
-1516851
-1515855
-1515805
-1376630
-1374606
-1373909
-1407212
-1404294
-1403654
-1400200
-1618833
-1612819
-1610782
-1611647
-1618409
-1788962
-1649793
-1548381
-1546393
-1545365
-1622025
-1621403
-1621257
-1711633
-1711614
-1709874
-1755204
-1753703
-1638488
-1691037
-1690247
-1688053
-1850232
-1850206
-1724246
-1723716
-1734072
-1733684
-1634890
-1634176
-1633653
-1633530
-1671438
-1670926
-1719826
-1719256
-1719039
-1718956
-1717481
-1719565
-1719030
-1718706
-1794901
-1793805
-1985548
-1899460
-1796951
-1754393
-1752467
-1371293
-1370764
-1370542
-1369928
-880400
-880175
-880022
-879321
-737851
-737232
-736959
-736507
-736416
-733146
-732772
-731946
-516610
-713509
-411422
-411306
-410469
-409093
-408260
-222695
-210135
-245638
-244573
-54211
-48902
-41717
-83896
-82344
-81095
-78684
-77541
-75341
-73912
-255144
-254314
-249707
-247494
-244889
-241737
-241566
-160023
-157641
-192038
-258865
-45068
87252
-32022
-49485
-47702
-46943
-49595
-44799
-43883
-46201
-43828
-43680
-122922
-122497
-122453
-121659
-130565
-299491
-296202
-296079
-295380
-295121
-223343
-222111
-222049
-219433
-219091
-219052
-142074
-141887
-45992
-45219
-42898
-42815
-363240
-362169
-359970
-263507
-262156
-136445
-274435
-436954
-435056
-429922
-429101
-426729
-426019
-424593
-604939
-602268
-777162
-880507
-779138
-734007
-728991
-726920
-725109
-344024
-343846
-405876
-404492
-404413
-438711
-368512
-417660
-417629
-585207
-585085
-584829
-743284
-713436
-712792
-710436
-710366
-526104
-525639
-395187
-593296
-593122
-592907
-592190
-557239
-460556
-641765
-641433
-641179
-641101
-640691
-640431
-640401
-685056
-684689
-856801
-813850
-813612
-812857
-812699
-895269
-895197
-894961
-894309
-893959
-893916
-893255
-614037
-613945
-470363
-468659
-468199
-467172
-466980
-466857
-466515
-466369
-600701
-792480
-792355
-792212
-792176
-792104
-791752
-903889
-902365
-1024081
-1023435
-1096644
-1189929
-1189372
-1179323
-1178506
-1178450
-1177791
-1176544
-1176390
-1174424
-1174234
-1172817
-1242738
-1242193
-1241641
-1292706
-1292596
-1121752
-1202258
-1138215
-1087337
-1085802
-1085519
-1085102
-1084249
-785324
-705634
-705215
-782277
-878204
-876747
-1198217
-1132248
-1131475
-1130467
-1296833
-1377329
-1376977
-1376749
-1376572
-1543488
-1542914
-1542536
-1542154
-1541761
-1541692
-1422274
-1297515
-1297097
-1297023
-1412138
-1497607
-1497140
-1497069
-1496303
-1496273
-1492271
-1491701
-1491612
-1491472
-1491350
-1490655
-1392004
-1309954
-1308775
-1308726
-1480699
-1479862
-1479382
-1479313
-1350251
-1349390
-1372598
-1372418
-1372204
-1449501
-1449396
-1449122
-1533080
-1532971
-1532627
-1532240
-1532063
-1531866
-1531389
-1531109
-1529268
-1529254
-1696909
-1696300
-1695119
-1726943
-1726403
-1726351
-1725784
-1268554
-1304904
-1304660
-1037341
-1037290
-1037174
-1037066
-1036432
-1145938
-1145327
-1174966
-1306183
-1305555
-1305373
-1303484
-1303007
-1302483
-1301746
-1152283
-1152183
-1306245
-1490921
-1272653
-1272165
-1272134
-1271917
-1271772
-1271669
-1237733
-1237605
-1236441
-1184888
-1183188
-1183041
-1112012
-1111783
-1301486
-1300576
-1114412
-1112750
-1111607
-1111440
-1171961
-1170618
-1170151
-1348278
-1377093
-1539825
-1539730
-1538960
-1538870
-1538096
-1537894
-1537461
-1537201
-1536513
-1481360
-1481195
-1481170
-1678648
-1677595
-1677468
-1677346
-1676417
-1676265
-1676196
-1676024
-1675466
-1675452
-1675418
-1629402
-1629286
-1629235
-1512946
-1512864
-1333657
-1512694
-1640166
-1726669
-1886010
-1885171
-1866362
-1866312
-1829899
-1930414
-1929998
-1929970
-1929679
-1929419
-2112017
-2111324
-2111285
-1942090
-1891878
-1891001
-1890477
-1728796
-1728635
-1660811
-1660772
-1789669
-1666613
-1666290
-1665824
-1664210
-1662847
-1662481
-1662475
-1662404
-1661952
-1671568
-1671469
-1671094
-1669860
-1669524
-1668278
-1667974
-1667061
-1843245
-1843240
-1843146
-1703705
-1703665
-1886126
-1885799
-1940697
-1897539
-1897405
-1715815
-1540503
-1540427
-1564313
-1564284
-1435554
-1398546
-1398330
-1398175
-1397686
-1243509
-1243412
-1243187
-1243186
-1242869
-1113160
-1171709
-1191967
-1191958
-1191933
-1191636
-1191573
-1041965
-1373968
-1373823
-1373700
-1373353
-1373150
-1274233
-1274047
-1261721
-1437416
-1247141
-1247109
-1431598
-1230702
-1228156
-1228138
-1228109
-1032599
-821766
-821689
-821117
-730117
-725605
-725052
-724921
-884155
-1025297
-1025052
-1087047
-1261845
-1261783
-1550617
-1505689
-1505635
-1330166
-1330076
-1461258
-1389575
-1197885
-947418
-947153
-792643
-792596
-896732
-994738
-994498
-877333
-877196
-658612
-658526
-658273
-658241
-758474
-758367
-758341
-758295
-758233
-804649
-804443
-804356
-803741
-840647
-840626
-446714
-446685
-759682
-694129
-805200
-805126
-805073
-805055
-881952
-857316
-815781
-815740
-801164
-801053
-661463
-526434
-363725
-419838
-419752
-419752
-230182
-229844
-229387
-229304
-229294
-229086
-228990
-228901
-228832
-74023
-73761
-47977
-39288
-42134
-39180
-212384
-168414
-162361
-320361
-320094
-318875
-317461
-348114
-46687
-46057
-49067
-34563
-38021
-72633
-42328
-44345
-42370
-41997
-46269
-44009
-43251
-177293
-176213
-49679
-386862
-385820
-382242
-204437
-203758
-203304
-202551
-199634
-198193
-196276
-196185
-663060
-661178
-546045
-545656
-568028
-450142
-446402
-437684
-383844
-383647
-535712
-535598
-535568
-401844
-263363
-263295
-262694
-262519
-258667
-257858
-256937
-58032
-313519
-304226
-290909
-282646
-281677
-274352
-270073
-265850
-343418
-331616
-530056
-634736
-549362
-549184
-412548
-412388
-560843
-560246
-362133
-361876
-246830
-331446
-319014
-318825
-318376
-316641
-316121
-208537
-332706
-331896
-331828
-261430
-563058
-482671
-481905
-481249
-481153
-480526
-619303
-619158
-650620
-650498
-649607
-649393
-467351
-466748
-465403
-465005
-464941
-464743
-464593
-464396
-372691
-372275
-255015
-176403
-176349
-44584
-24085
-31556
-126280
-292945
-445139
-442359
-432664
-420773
-419332
-364089
-482950
-482853
-481708
-268184
-356412
-169796
-169457
-169297
-168908
-168093
-340017
-339975
-339801
-339404
-355760
-306059
-198006
-197654
-197614
-342186
-341897
-259837
-259830
-586696
-586694
-586327
-584810
-584149
-558018
-557630
-556628
-555806
-604420
-603951
-738205
-738195
-737826
-737756
-645068
-642701
-641774
-573611
-573539
-570391
-774278
-774165
-772949
-772912
-628200
-628190
-628175
-730336
-730202
-730035
-699416
-698611
-939906
-939758
-939516
-907371
-784519
-784439
-783710
-783557
-782560
-782286
-781509
-781172
-780965
-615876
-621345
-620897
-662238
-661861
-661859
-784741
-784495
-784170
-784010
-783970
-783865
-783688
-647491
-553600
-551839
-551663
-551333
-551237
-550548
-550157
-697099
-595939
-793618
-793580
-793229
-793132
-609771
-579210
-500175
-353414
-353063
-278636
-278442
-278410
-441053
-440858
-440429
-458266
-456626
-456526
-456006
-699893
-699757
-606107
-606025
-719350
-719174
-718673
-718008
-717880
-717859
-717289
-716872
-716563
-989022
-988911
-988544
-988118
-1143283
-1309665
-1189294
-1315816
-1256467
-1256291
-1255770
-1057840
-1057014
-1056272
-1146631
-1146487
-1146238
-1146033
-1296920
-1296753
-1295958
-1295548
-1295162
-1295144
-1294624
-1410897
-1410884
-1410694
-1563628
-1563462
-1448392
-1607347
-1607300
-1607060
-1413927
-1413649
-1412611
-1398896
-1338415
-1592303
-1592138
-1682469
-1558260
-1558199
-1466056
-1465615
-1561668
-1614831
-1614743
-1613937
-1613915
-1486872
-1485862
-1643937
-1642880
-1642638
-1641931
-1152297
-1151947
-1331581
-1115222
-1115149
-1114565
-1114405
-1264043
-1264037
-1266909
-1266718
-1266060
-1265063
-1264614
-1102892
-1102824
-1102771
-1025237
-1024304
-988132
-934027
-858256
-812778
-812716
-812218
-812201
-811393
-810791
-639770
-639189
-732769
-801157
-801019
-800941
-933739
-933585
-933546
-933290
-933197
-933196
-1024997
-1024711
-900556
-900420
-899785
-1009759
-1145170
-1144587
-1144501
-1144170
-1144084
-1143492
-1143422
-1234414
-1233464
-1238942
-1364250
-1226820
-1197408
-1196871
-1322907
-1460650
-1459812
-1459240
-1459110
-1458357
-1457963
-1444162
-1459210
-1264085
-1264031
-1263999
-1263937
-1263884
-1263876
-1432454
-1432069
-1432021
-1239320
-1239122
-1238583
-1079447
-1215186
-1215067
-1214664
-1212950
-1283814
-1471938
-1471784
-1322498
-1386823
-1499081
-1399342
-1438221
-1438018
-1519420
-1630679
-1630188
-1629894
-1629456
-1670417
-1788887
-1788370
-1759615
-1737599
-1783676
-1724765
-1894015
-1783652
-1783517
-1782951
-1782725
-1831987
-1831861
-1720461
-1720171
-1719906
-1427718
-1427531
-1471621
-1470688
-1525471
-1525435
-1525266
-1507846
-1507709
-1611790
-1660879
-1660477
-1660096
-1697627
-1697568
-1532232
-1531720
-1531164
-1619705
-1604821
-1604765
-1652045
-1651439
-1650654
-1650368
-1595800
-1636875
-1636542
-1636052
-1536392
-1615041
-1423153
-1422998
-1286534
-1286517
-1286486
-1112402
-1078126
-1142472
-1183057
-1182873
-1132361
-1132318
-1132036
-1131610
-1054941
-999943
-972648
-972464
-972346
-869113
-869060
-694250
-694056
-693690
-692551
-1063669
-1129964
-1080816
-1080731
-1080547
-1183707
-1183579
-1183506
-1183299
-1183265
-1231549
-1231194
-1226800
-1401313
-1401266
-1401132
-1416497
-1416330
-1415659
-1415654
-1415389
-1415355
-1415354
-1426146
-1425825
-1327426
-1327364
-1327257
-1327220
-1540318
-1539933
-1539728
-1539576
-1539458
-1538969
-1538802
-1538724
-1538650
-1538538
-1538465
-1538184
-1404280
-1404211
-1404137
-1404038
-1404031
-1403445
-1403159
-1403133
-1402963
-1402848
-1250521
-1097427
-1097325
-1097239
-1072683
-1100391
-1100296
-1232487
-1232484
-1232304
-1138908
-957465
-957381
-957364
-957323
-957158
-957021
-956987
-1117240
-1116769
-1182121
-1181592
-1181532
-1181135
-1181078
-1180860
-991886
-991448
-1119290
-1119087
-968949
-968855
-968318
-989971
-989723
-1197638
-1196937
-1196779
-1196666
-1196525
-1127519
-1137313
-1137036
-1213084
-1322348
-1322251
-1118666
-1118570
-1118531
-1092129
-1051377
-1051076
-1050794
-903680
-903525
-903439
-903211
-902962
-597758
-741444
-778143
-777622
-691342
-691318
-690871
-690578
-690520
-690501
-690410
-663997
-663873
-663803
-663677
-663658
-609650
-656827
-656814
-561144
-561029
-560581
-560517
-432537
-630078
-495979
-495832
-495691
-355026
-381515
-381372
-330843
-330457
-330043
-417746
-417732
-612952
-773174
-605067
-533795
-325003
-324983
-324936
-338626
-338500
-338480
-126684
-126473
-126295
-206873
-190133
-188724
-164169
-142073
-141972
-44272
-48940
-24702
-48489
-32776
-49366
-47730
-48479
-47358
-49769
-47366
-76775
-76385
-75891
-75459
-185718
-151599
-139177
-138596
-138062
-138033
-137596
-136142
-125040
-171688
-280007
-278539
-278007
-32181
-46850
-294899
-289705
-287652
-287500
-150916
-38597
-103008
-86027
-201679
-214081
-188915
-182728
-218422
-48253
-288294
-282251
-274202
-265817
-232831
-383314
-275547
-342888
-339253
-209011
-208933
-241793
-222825
-292872
-198207
-198087
-197694
-194151
-183336
-182789
-176784
-174215
-172694
-170703
-167718
-91879
-217786
-216604
-216341
-216138
-395730
-439043
-435860
-729141
-727375
-726482
-726276
-726105
-725387
-724772
-626337
-356495
-527089
-525365
-523628
-682012
-522383
-520847
-518847
-793755
-989107
-987963
-984923
-982466
-981357
-980764
-980273
-1153680
-1324045
-1322503
-1493179
-1490160
-1489782
-1440936
-1439568
-1439120
-1436440
-1435817
-1306376
-1304070
-1454396
-1316843
-1290985
-1290616
-1290524
-1290174
-1410178
-1407221
-1230487
-1218468
-1216015
-1410536
-1358681
-1358528
-1356902
-1375527
-1436026
-1435228
-1434832
-1469353
-1469289
-1468603
-1467113
-1523702
-1523100
-1521318
-1521121
-1322415
-1321195
-1320945
-1320364
-1320193
-1318894
-1318546
-1135421
-1134546
-1133999
-1534610
-1533916
-1392684
-1303126
-1303091
-1302982
-1302604
-1302448
-1302257
-1301777
-1301535
-1158383
-1238042
-1152432
-1222891
-1222378
-1222157
-1221876
-1221469
-1254177
-1253543
-1337360
-1336601
-1336255
-1556372
-1556268
-1555893
-1705845
-1863543
-1863273
-1862704
-1861856
-1967339
-1967057
-1966803
-2064422
-2064306
-1929977
-2221193
-2220906
-2257638
-2140834
-2112322
-2112297
-2112079
-2111851
-2111372
-2195795
-2195627
-2195161
-2035846
-1996923
-1996777
-2191052
-2098091
-1971046
-2096490
-2096121
-2095974
-2095887
-2095596
-2284047
-2283978
-2423357
-2349646
-2348895
-2348509
-2348442
-2441232
-2441098
-2407170
-2595384
-2768253
-2768191
-2768185
-2924452
-2924406
-2924386
-2975821
-2801192
-3102658
-3102585
-3102262
-2945987
-2945848
-3076252
-2891665
-3082474
-3211277
-3210754
-3211124
-3211102
-3210765
-3210508
-3210379
-3210335
-3364301
-3364287
-3356811
-3356695
-3356682
-3638508
-3638504
-3459668
-3459466
-3458782
-3458480
-3657801
-3776904
-3776643
-3828661
-3828640
-3828483
-3644630
-3644326
-3644262
-3644169
-3643274
-3781585
-3847324
-3847285
-3856334
-3856244
-4196568
-4196552
-4282676
-4282474
-4445000
-4444871
-4632731
-4632666
-4632657
-4632566
-4828680
-4910229
-4821480
-4900886
-4900387
-4778426
-4778403
-4922576
-4671933
-4671885
-4671686
-4671318
-4459389
-4181602
-3979488
-3896269
-3881725
-3881553
-4082772
-4102070
-3930147
-3930123
-3930007
-3929938
-4127749
-4127698
-4127255
-3820039
-3587133
-3406965
-3406959
-3406544
-3415144
-3414661
-3414191
-3455702
-3455611
-3455305
-3455233
-3719183
-3719017
-3718969
-3926774
-3764919
-3764790
-3920400
-3920248
-3920037
-3919981
-3919907
-3919815
-3909363
-3909331
-3909274
-3909040
-3908532
-3907773
-3907735
-3936291
-3936130
-4086949
-4086779
-4220819
-4220815
-4220518
-4334873
-4334776
-4334561
-4334452
-4529761
-4529455
-4529435
-4447436
-4323088
-4322751
-4322737
-4322352
-4322147
-4321981
-4321943
-4321856
-4142415
-4258536
-4258099
-4098809
-4098610
-4098561
-4217387
-4217383
-4217333
-4217314
-4217037
-4216967
-4216838
-4216705
-4373447
-4520680
-4520446
-4711258
-4548096
-4547963
-4547958
-4547792
-4603030
-4602918
-4710117
-4709705
-4709520
-4709438
-4709153
-4708875
-4872974
-4810584
-4810335
-4832835
-4915241
-4945366
-4945167
-4944937
-4944914
-4944898
-4944553
-5026180
-4887200
-4886450
-4886306
-4886128
-4958526
-4958399
-4958188
-4958008
-4957931
-4957886
-4947290
-4947280
-4946905
-4946876
-4785289
-4860245
-4860139
-4860138
-4860099
-4859940
-4964980
-4964945
-4964861
-4964711
-4964641
-4935839
-5100821
-5100726
-5236954
-5236639
-5350012
-5283937
-5379688
-5379681
-5313241
-5312982
-5312551
-5329664
-5329474
-5329356
-5329355
-5329314
-5328991
-5481609
-5128579
-5128470
-5005227
-4802353
-4802322
-4802202
-4802166
-4802153
-4802000
-4553189
-4490843
-4483373
-4574625
-4574624
-4566950
-4381093
-4380964
-4578556
-4528402
-4528302
-4662345
-4795080
-4795059
-4748549
-4898898
-4898789
-4898681
-4790139
-4790034
-4678826
-4678796
-4545762
-4545687
-4404604
-4475476
-4475343
-4513460
-4561137
-4491165
-4509227
-4509196
-4509133
-4509062
-4488044
-4487880
-4487828
-4487590
-4487585
-4564501
-4561596
-4621394
-4621081
-4503709
-4555439
-4693090
-4692925
-4591816
-4591527
-4591470
-4591417
-4591272
-4781699
-4781679
-4781643
-4781588
-4615910
-4615480
-4513854
-4513397
-4513346
-4512934
-4512749
-4512571
-4617690
-4617005
-4616826
-4832905
-4832693
-4832602
-4832587
-4696919
-4696847
-4696731
-4696659
-4678324
-4678296
-4678153
-4568396
-4801449
-4801178
-4915723
-4915068
-4729046
-4728883
-5009301
-5139903
-5139872
-5139813
-4840568
-4840275
-4839960
-4682882
-4682781
-4682677
-4264181
-4263984
-4301512
-4300934
-4300152
-4300085
-4299854
-4497502
-4614419
-4442041
-4441984
-4441762
-4441662
-4441363
-4441355
-4441331
-4609797
-4609768
-4609737
-4609476
-4609186
-4608762
-4608611
-4505060
-4504882
-4595096
-4595085
-4739363
-4739281
-4738849
-4738834
-4771915
-4771864
-4770922
-4770756
-4769496
-4769456
-4769271
-4754820
-4754465
-4623385
-4623025
-4717411
-4717248
-4717234
-4717231
-4717199
-4703783
-4703736
-4884342
-4883905
-4883856
-4883663
-4883632
-4883530
-5044050
-4921601
-4921393
-4921339
-4805130
-4785431
-4689319
-4689309
-4558546
-4558314
-4369220
-4760267
-4759582
-4759526
-4759496
-4759059
-4758978
-4845080
-4844987
-4844907
-4774611
-4773855
-4943630
-5130880
-5130854
-5130717
-5130113
-5129977
-5274424
-5225051
-5128622
-5128575
-5128432
-5127650
-5127513
-5127383
-5127238
-5127126
-5022434
-4932905
-4728769
-4728605
-4728426
-4728348
-4727952
-4727932
-4727869
-4713802
-4713671
-4713335
-4660703
-4468583
-4468397
-4468355
-4857753
-4930108
-4930081
-4929685
-4929612
-4929378
-4795111
-4794980
-4794905
-4794795
-4794570
-4784522
-4784135
-4784010
-4783986
-4907731
-4761423
-4761163
-4649707
-4502206
-4502199
-4501993
-4501840
-4501794
-4539773
-4539033
-4336228
-4335906
-4326280
-4192190
-4192084
-4258160
-4105785
-4105750
-4286281
-4285674
-4289950
-4289846
-4289825
-4134392
-4134366
-4134273
-4171241
-4170664
-4170470
-3972147
-4066793
-4066791
-4318256
-4318115
-4309063
-4309000
-4308923
-4453415
-4271159
-4271137
-4270965
-4270739
-4270729
-4270701
-4270682
-4270342
-4274400
-4441010
-4577615
-4577528
-4576634
-4576311
-4576311
-4509977
-4509966
-4509922
-4509559
-4509429
-4509283
-4633063
-4470962
-4649928
-4752143
-4751719
-4751586
-4751406
-4751377
-4751158
-4751081
-4667340
-4627308
-4627234
-4627158
-4627050
-4626981
-4826315
-4469835
-4602627
-4602419
-4602202
-4601958
-4621501
-4649797
-4649714
-4649624
-4649019
-4648757
-4648733
-4647958
-4647758
-4647724
-4647703
-4673124
-4590080
-4772681
-4830047
-4829122
-4788062
-4786763
-4785989
-4785800
-4609617
-4609491
-4621693
-4567410
-4566866
-4566659
-4384380
-4383819
-4383749
-4577691
-4577660
-4577097
-4751694
-4751471
-4750260
-4750084
-4634372
-4716725
-4716353
-4613403
-4767918
-4703634
-4703365
-4877143
-4877081
-4924946
-4924945
-4924401
-4924331
-4923793
-4923180
-4739828
-4739780
-4739741
-4708298
-4706922
-4596574
-4596447
-4682713
-4682274
-4681937
-4681893
-4681420
-4739377
-4805102
-4804426
-4804117
-4804091
-4803858
-4803830
-4878111
-4878093
-4877822
-4877583
-4965101
-4965019
-4964976
-4964934
-4972368
-5058519
-5113754
-5113332
-5113253
-5103592
-5102999
-5102740
-5102708
-5102225
-5102157
-5101952
-5101839
-5175846
-5175606
-5175519
-5175053
-5174866
-5174859
-5344903
-5374396
-5417097
-5417093
-5417033
-5416902
-5416417
-5416404
-5416334
-5416274
-5416150
-5207375
-5063045
-5062424
-5062236
-5087017
-5182589
-5109468
-5109343
-5108621
-5241809
-5241654
-4901808
-4901467
-4901310
-4900927
-4871117
-4870197
-4940976
-4940940
-5136506
-5135880
-5135765
-5135579
-5134964
-5134898
-5134742
-5134294
-5133784
-5133658
-5133419
-5251663
-5251132
-5066298
-5066155
-5065911
-5065820
-5065779
-5064786
-5064775
-5064465
-5064133
-5064121
-5063823
-5104073
-5141035
-5141018
-5036688
-5036331
-5036231
-4968798
-4968688
-4876980
-4876856
-5130680
-5130368
-5081637
-5081576
-5081527
-5078443
-5078411
-5118099
-5043949
-5043807
-5043639
-5104975
-5471702
-5471546
-5291479
-5291475
-5249660
-5249100
-5172704
-5165600
-5165303
-5164865
-5164724
-5164699
-5164374
-5319932
-5296520
-5296280
-5296248
-5295571
-5295159
-5333798
-5333575
-5332509
-5331628
-5331241
-5330833
-5330813
-5330414
-5330386
-5330045
-5329632
-5329412
-5180636
-5180423
-5371800
-5371689
-5371683
-5371322
-5371291
-5392360
-5391853
-5568531
-5568140
-5567803
-5566585
-5566543
-5566535
-5591017
-5419120
-5418362
-5417865
-5434511
-5434084
-5432967
-5432656
-5432431
-5403767
-5403592
-5514549
-5514387
-5512691
-5372701
-5396689
-5396655
-5396478
-5396271
-5396123
-5395288
-5394907
-5394434
-5394184
-5393824
-5393676
-5393562
-5393117
-5584482
-5584414
-5584397
-5583906
-5692739
-5692362
-5691696
-5691616
-5691266
-5691251
-5900672
-5900400
-5900293
-5772957
-5772578
-5772256
-5912798
-5912102
-5775848
-5702275
-5709486
-5651141
-5308799
-5308247
-5308200
-5263622
-5263347
-5262918
-5231954
-5385750
-5301200
-5301053
-5218181
-5218041
-5217719
-5217260
-5217013
-5215797
-5354616
-5354261
-5353829
-5164974
-5164377
-5163572
-5098971
-5113081
-5112922
-5112874
-5112856
-5112503
-5223596
-5223024
-5309036
-5309022
-5308910
-5308200
-5307414
-5255101
-5320512
-5347705
-5236803
-5236787
-5080366
-4887740
-4887459
-4887338
-4886081
-4886004
-5086851
-5350718
-5349561
-5223170
-5030628
-5030447
-5143822
-4973750
-5146779
-5013244
-4884078
-4883997
-5220081
-5218717
-5410389
-5382621
-5539241
-5539220
-5538598
-5538474
-5538437
-5537941
-5537775
-5537698
-5537613
-5676713
-5553546
-5565285
-5705037
-5704802
-5704526
-5704334
-5370964
-5430909
-5430654
-5430269
-5285419
-5259540
-5227080
-5226937
-5226812
-5226717
-5564510
-5564389
-5564229
-5564009
-5563598
-5563271
-5762477
-5830891
-5830738
-5798919
-5798874
-5798136
-5629135
-5698323
-5740927
-5740889
-5607798
-5454899
-5454725
-5259303
-5314826
-5314732
-5313932
-5392555
-5392306
-5391722
-5391119
-5391007
-5390235
-5389886
-5388647
-5387758
-5389682
-5245983
-5167924
-5167866
-5212743
-5212549
-5211864
-5086932
-5086891
-5079713
-5079063
-4956916
-4956506
-4956080
-4955768
-4955764
-4955630
-5130559
-5130235
-5129836
-5146015
-5145595
-5145461
-5144719
-5144479
-5039923
-4877631
-4877450
-5018161
-5016598
-4853110
-4852870
-4852674
-4620387
-4619733
-4619546
-4619417
-4460898
-4460391
-4405123
-4145155
-4144148
-4143853
-4143784
-3999717
-3842927
-3822375
-3822341
-3821149
-3820901
-3820241
-3971052
-3915575
-3914989
-3914216
-3913872
-3913789
-4039119
-4038968
-3981803
-3981513
-3813329
-3810833
-3923292
-3923285
-4030562
-4022098
-3937107
-3937071
-3745075
-3659793
-3757473
-3718161
-3717901
-3716956
-3672078
-3653090
-3652225
-3651233
-3710723
-3710553
-3710243
-3709609
-3709494
-3599885
-3400876
-3400525
-3252607
-3250800
-3250684
-3249452
-3249283
-3249262
-3248749
-3248453
-3248304
-3247351
-3150569
-3149743
-3149049
-3411310
-3411278
-3411071
-3410490
-3410430
-3127312
-3127093
-3126219
-3220219
-3359566
-3359525
-3359096
-3358894
-3358637
-3358631
-3760222
-3742180
-3739094
-3739054
-3730592
-3730076
-3730018
-3728154
-3865964
-3863803
-3861718
-3860913
-3837587
-3671952
-3671214
-3721358
-3557890
-3368614
-3472739
-3447406
-3446939
-3334212
-3334137
-3333956
-3222726
-3221498
-3337303
-3337272
-3335884
-3335778
-3278069
-3277963
-3359115
-3358492
-3358088
-3357480
-3356905
-3356418
-3367953
-3367793
-3320324
-3320323
-3319796
-3402121
-3401366
-3401259
-3468012
-3467533
-3467281
-3639619
-3489476
-3488963
-3488766
-3487920
-3487903
-3496264
-3495558
-3495177
-3494927
-3493477
-3572407
-3571645
-3571321
-3570212
-3748026
-3747021
-3862605
-3771205
-3897448
-3897344
-3897155
-4007841
-4007290
-3961364
-3961184
-4138925
-4230426
-4092083
-4091358
-3983843
-4016198
-4189818
-4212981
-4212895
-4283010
-4280799
-4380066
-4376974
-4189738
-4189718
-4185964
-4183951
-4182898
-4182295
-4036613
-4035211
-4034701
-4041493
-4212416
-4211594
-4211222
-4312213
-4567040
-4563064
-4562191
-4727115
-4623115
-4620412
-4599843
-4599577
-4599384
-4599134
-4436022
-4434670
-4433879
-4350932
-4349391
-4347335
-4346206
-4345132
-4345048
-4344464
-4343591
-4342884
-4342738
-4341884
-4059899
-4059451
-4189146
-4256821
-4256065
-4377417
-4377291
-4376283
-4375378
-4375353
-4472994
-4472249
-4664609
-4664224
-4664047
-4663639
-4661140
-4658172
-4657693
-4657078
-4655066
-4618148
-4567151
-4566953
-4763239
-4762542
-4761207
-4759823
-4730934
-4729672
-4537586
-4469963
-4465297
-4465032
-4464917
-4464798
-4619124
-4618690
-4617845
-4617435
-4616324
-4305024
-4167600
-4180223
-4179543
-4179447
-4217055
-4215495
-4018106
-3776677
-3767909
-3767625
-3767477
-3580644
-3580022
-3579363
-3578916
-3577743
-3577658
-3576226
-3672191
-3671899
-3671720
-3280555
-3289566
-3150959
-3150767
-3140995
-3055453
-2855652
-2988804
-2988334
-2986545
-3060479
-3060410
-3045084
-3029530
-3029364
-3097361
-3089397
-3089301
-3089021
-3088869
-3087682
-3087682
-3086966
-3169628
-3169601
-3169356
-3169290
-3156595
-3156361
-3111402
-3227780
-3227651
-3226684
-3327975
-3327912
-3327804
-3326864
-3184159
-3184054
-3324585
-3326726
-3325967
-3325519
-3325206
-3290998
-3290956
-3570857
-3570808
-3570189
-3569684
-3569188
-3510128
-3545507
-3545234
-3632943
-3632849
-3632724
-3632519
-3632224
-3879298
-3878597
-3937039
-3767642
-3767367
-3767101
-3536369
-3536301
-3535829
-3611572
-3611457
-3611281
-3610957
-3407687
-3407449
-3407202
-3902768
-3902517
-3989435
-3988523
-4141047
-4203979
-4203813
-4266056
-4266001
-4265619
-4304542
-4304425
-4304214
-4304124
-4304020
-4303847
-4303796
-4303768
-3987786
-4096657
-4095949
-4086825
-4086785
-4086349
-4008216
-4008036
-4007539
-4007130
-3875181
-3874975
-3874677
-3860824
-4010773
-4056553
-4056105
-4056059
-4055862
-4243755
-4243227
-4242724
-4534446
-4463465
-4355446
-4500046
-4499954
-4499763
-4454940
-4454498
-4453947
-4453396
-4549702
-4769901
-4769885
-4769559
-4768384
-4588467
-4749824
-4698633
-4698548
-4698221
-4758364
-4757487
-4735763
-4753553
-4753511
-4752967
-4494624
-4494328
-4540587
-4539658
-4408321
-4317728
-4317282
-4204076
-4127806
-4127578
-4126825
-4126815
-3941632
-3941588
-3759103
-3889774
-3793664
-3749997
-3695847
-3805439
-4015743
-3886977
-3903497
-3720673
-3720515
-3720393
-3710475
-3710158
-3709698
-3702800
-3702764
-3702621
-3634416
-3634262
-3722757
-3722583
-3722232
-3721899
-3721624
-3805207
-3805151
-3652579
-3652303
-3652050
-3651968
-3651923
-3651822
-3651742
-3651472
-3651247
-3651226
-3651209
-3650915
-3747987
-3747857
-3747720
-3747716
-3829402
-3937480
-3937099
-3937078
-3743614
-3750974
-3928109
-3928044
-3833370
-3832963
-3748731
-3998337
-3998028
-4035344
-4034743
-4034439
-4034345
-4034173
-3845584
-3845136
-4009820
-4038702
-3930626
-3930551
-3930546
-3930539
-4102026
-4101969
-4028192
-4050834
-3994947
-3994813
-3994067
-3994047
-4068702
-4068633
-4068632
-4068579
-4068002
-4067982
-4067330
-3980504
-3678474
-3450746
-3549194
-3580930
-3580825
-3580818
-3580702
-3580418
-3580031
-3579989
-3579921
-3579812
-3445364
-3377200
-3376919
-3531944
-3531900
-3610990
-3610905
-3673603
-3787303
-3873086
-4020714
-4020262
-4020235
-4020008
-4019716
-3967766
-3946160
-3705508
-3705208
-3704862
-3702489
-3802114
-3801382
-3800459
-3800459
-3800299
-3800272
-3787853
-3598630
-3525836
-3525670
-3598963
-3598633
-3455882
-3428141
-3663283
-3501646
-3674638
-3674050
-3673912
-3673861
-3673794
-3673700
-3673649
-3519723
-3368805
-3390281
-3390188
-3389965
-3389276
-3389190
-3388897
-3198377
-3198137
-3198135
-3310777
-3310674
-3310664
-3310588
-3310566
-3310419
-3400569
-3400413
-3400100
-3399967
-3146012
-3145932
-3145902
-3124508
-3124493
-3124373
-3124264
-3124153
-3123268
-3123204
-3123059
-3122896
-3124362
-3124234
-3023087
-2977580
-2977568
-3022811
-3022575
-3022527
-3022469
-3021995
-3058961
-3058923
-3257595
-3257394
-3202546
-3088994
-3088762
-3247656
-3247181
-3246945
-3246665
-3125200
-3125185
-3421548
-3506130
-3698571
-3698167
-3698064
-3888293
-3736359
-3736172
-3735449
-3932297
-3789894
-3789677
-3597914
-3597788
-3597701
-3597656
-3597636
-3597617
-3597558
-3597089
-3624160
-3465694
-3509675
-3349814
-3291486
-3291065
-3290859
-3314019
-3313773
-3313607
-3229615
-3229541
-3229431
-3229309
-3229243
-3229167
-3228996
-3228994
-3228905
-3141879
-3141760
-3141757
-3141450
-3141199
-3140664
-3238006
-3237677
-3237616
-3237490
-3237056
-3236957
-3236799
-3192049
-3191952
-3191849
-3191767
-3191444
-3124892
-3124586
-3124282
-2949201
-2949003
-2948766
-2750610
-2750370
-2593224
-2593222
-2592705
-2592663
-2592591
-2592492
-2592362
-2592213
-2462815
-2462750
-2462510
-2576214
-2575972
-2575805
-2575772
-2575614
-2575374
-2574741
-2574693
-2574620
-2580515
-2580286
-2669060
-2667906
-2667854
-2667717
-2667095
-2490165
-2490139
-2489843
-2489523
-2489513
-2489421
-2332667
-2332132
-2022254
-1864755
-1864723
-1953480
-2084436
-2084074
-2083402
-2021922
-1940247
-1940097
-1940081
-1801609
-1801205
-1801195
-1800999
-1800554
-1800496
-1800235
-1800128
-1800055
-1799797
-1657279
-1784520
-1784155
-1784075
-1409246
-1603001
-1523497
-1479933
-1479929
-1546102
-1545937
-1545747
-1545540
-1361943
-1361851
-1389289
-1389065
-1388989
-1388733
-1388573
-1259423
-1259362
-1783887
-1777278
-1777221
-1829969
-1829457
-1829101
-1828567
-1828460
-1828434
-1828324
-1827472
-1827371
-1827293
-1804064
-1803740
-1803476
-1922550
-1734680
-1734486
-1734306
-1728936
-1597649
-1597350
-1533399
-1533361
-1533152
-1334308
-1334283
-1333250
-1333165
-1161122
-1131055
-1348708
-1701029
-1700617
-1924712
-1924417
-1924369
-1924325
-1774680
-1774423
-1774050
-1773744
-1773595
-1773466
-1773348
-1773171
-1773024
-1772702
-1871597
-1871429
-1871249
-1871181
-1789848
-1781672
-1781626
-1781553
-2090920
-1935868
-2091911
-2091849
-2111195
-2111175
-1996994
-1920941
-1780212
-1681853
-1681835
-1661743
-1661640
-1661382
-1484416
-1623175
-1623134
-1622879
-1622693
-1154484
-1154448
-1154426
-1154387
-1153950
-1153760
-1153742
-1153730
-1153553
-1153534
-1153424
-1468174
-1467999
-1467755
-1606968
-1606896
-1981759
-2009160
-2408036
-2407921
-2382890
-2382834
-2382789
-2084331
-2084331
-2084322
-2143149
-2142949
-2271277
-2271185
-2271021
-2270457
-2395267
-2495017
-2494993
-2494893
-2410344
-2410123
-2409903
-2409568
-2802112
-2801950
-2801324
-2812343
-2812088
-2812077
-2784118
-2609701
-2609613
-2609596
-2795278
-2795168
-2795139
-2795131
-2699642
-2630603
-2630495
-2630320
-2630268
-2606994
-2536715
-2536548
-2536419
-2536365
-2536337
-2392274
-2392229
-2382971
-2382923
-2120251
-2120142
-2120134
-2119930
-1943816
-1943663
-1943543
-1943451
-1943435
-1943280
-1943200
-1943185
-1942966
-1998747
-1976323
-1976200
-2164663
-2164581
-2164568
-2117020
-2116955
-2116867
-2116575
-2304976
-2468378
-2468314
-2494879
-2494821
-2494621
-2494553
-2797347
-2755688
-2755542
-2755369
-2755159
-2703609
-2703503
-2702448
-2702312
-2720664
-2720651
-2619488
-2664461
-2643322
-2532600
-2532149
-2532111
-2532078
-2532065
-2532061
-2532027
-2531907
-2531663
-2531436
-2531339
-2450778
-2450487
-2450255
-2450171
-2449997
-2449724
-2477153
-2476950
-2372131
-2499355
-2499351
-2499084
-2658528
-2658457
-2658153
-2658030
-2657606
-2877765
-2892236
-2892138
-2892029
-3067828
-3067810
-3067435
-3066741
-2865020
-2864559
-2864537
-2864509
-2864480
-2753904
-2753810
-2753616
-2752999
-2842002
-2750171
-2728846
-2453907
-2453737
-2476416
-2476256
-2474708
-2471664
-2470377
-2391083
-2390655
-2390612
-2485977
-2485311
-2485056
-2484805
-2553188
-2696652
-2696637
-2702035
-2701960
-2701820
-2562943
-2562243
-2562170
-2561785
-2561741
-2561735
-2561329
-2738862
-2738805
-2627103
-2491512
-2491412
-2435172
-2434725
-2254886
-2254044
-2253510
-2252821
-2370216
-2515818
-2515314
-2515011
-2540302
-2539945
-2482291
-2482247
-2435204
-2435126
-2280212
-2279885
-2333321
-2333201
-2333079
-2332771
-2381062
-2380926
-2577602
-2401996
-2401499
-2401284
-2401254
-2400955
-2400524
-2492814
-2454755
-2402926
-2402808
-2402803
-2402770
-2282191
-2281793
-2281617
-2281389
-2281335
-2302684
-2302469
-2291349
-2291315
-2291308
-2402782
-2402390
-2564156
-2564065
-2474105
-2686157
-2722082
-2640457
-2528660
-2528203
-2528074
-2630675
-2770530
-2936847
-2936375
-2936263
-3131207
-3131109
-3130513
-3129308
-3163416
-3163363
-3104162
-3104154
-3225030
-3041635
-3041433
-3041429
-3041409
-3041217
-3040841
-3181641
-3202897
-3202861
-3290955
-3290860
-3290227
-3307166
-3085265
-3085158
-3046687
-3046075
-3098786
-3098524
-3098042
-3097639
-3096664
-3111558
-3111030
-3225997
-3328440
-3328143
-3327994
-3327653
-3327621
-3353421
-3353337
-3230780
-3184651
-3183533
-3318004
-3317775
-3317357
-3316954
-3316802
-3422587
-3586136
-3586100
-3684938
-3705685
-3705647
-3705609
-3678799
-3484374
-3483922
-3483393
-3483268
-3483082
-3482678
-3482618
-3482547
-3550444
-3550227
-3549258
-3549255
-3549105
-3360647
-3367977
-3297451
-3297025
-3124341
-3124158
-3124151
-2923051
-2922838
-2898558
-2898341
-2898289
-2904036
-2903796
-2733777
-2752906
-2752288
-2752267
-2944458
-2802753
-2739668
-2739466
-2739166
-2738671
-2738566
-2546141
-2727962
-2727417
-2843295
-2842961
-2842737
-2775179
-2682927
-2682354
-2682338
-2682272
-2682113
-2682037
-2682031
-2513490
-2513423
-2513398
-2512906
-2289593
-2289035
-2411288
-2411260
-2411227
-2411141
-2232030
-2231875
-2179942
-2132165
-2132091
-2131896
-2131674
-2058789
-2058786
-2058354
-2058226
-2058177
-2058141
-2057807
-2057711
-2057708
-2290043
-2289769
-2327366
-2327287
-2327234
-2327198
-2404231
-2403881
-2403754
-2473471
-2473395
-2473349
-2473251
-2472986
-2553651
-2553639
-2470169
-2444663
-2481677
-2481673
-2481614
-2481582
-2481477
-2481445
-2481390
-2409432
-2442832
-2575744
-2369215
-2314350
-2602236
-2602207
-2601996
-2601812
-2601788
-2833913
-2833793
-3009957
-2820928
-2759229
-2759185
-2696907
-2696731
-2857433
-2857381
-2857310
-2857308
-2857247
-2857193
-2972624
-2875003
-2530153
-2477725
-2477684
-2600932
-2600894
-2600841
-2600750
-2600713
-2600550
-2452450
-2452408
-2452324
-2452218
-2516928
-2516735
-2516606
-2711377
-2783838
-2783579
-2783412
-2783309
-2783298
-2733820
-2733791
-2733771
-2733686
-2733635
-2733633
-2533982
-2715563
-2846269
-2846254
-2846240
-2900414
-2900381
-2856546
-2856541
-2908145
-2908122
-2894456
-2894385
-2894141
-2894096
-2777294
-3204603
-3204490
-3204434
-3432902
-3432830
-3432748
-3478618
-3478534
-3478515
-3478305
-3478194
-3384621
-3384527
-3384508
-3384017
-3383944
-3383909
-3383625
-3383493
-3511003
-3510958
-3510744
-3583536
-3583469
-3583461
-3583441
-3583279
-3583154
-3582977
-3582821
-3582780
-3612124
-3612078
-3611993
-3526373
-3666469
-3638559
-3578900
-3578656
-3578576
-3578202
-3578199
-3577936
-3254614
-3254598
-3254502
-3254280
-3254195
-3005627
-3005590
-2833242
-2945998
-2726339
-2726215
-2725979
-2759332
-2759205
-2759200
-2894374
-3242409
-3242208
-3242190
-3242110
-3242091
-3379249
-3400819
-3400646
-3400489
-3400441
-3433634
-3517745
-3517712
-3459105
-3459069
-3570287
-3570278
-3570231
-3570156
-3570149
-3768217
-3768073
-3768066
-3890393
-3990255
-3989549
-3989490
-3949734
-3949290
-3949235
-3733353
-3761361
-3774764
-3814372
-3814308
-3814184
-3814031
-3857040
-3857031
-3856962
-3856920
-3856855
-3856603
-3856551
-3856265
-3928146
-3928050
-3927854
-3875298
-3677874
-3677577
-3677369
-3676848
-3946883
-3946744
-3946658
-3946554
-3946380
-4088697
-4088624
-4090661
-3891057
-3805489
-3805363
-3805354
-3805325
-3531174
-3568291
-3567860
-3567369
-3435187
-3396898
-3396853
-3218642
-3313356
-3470643
-3470558
-3470355
-3470080
-3444706
-3444680
-3444471
-3444441
-3444384
-3444289
-3444285
-3444199
-3267907
-3267570
-3394397
-3497367
-3497360
-3587540
-3435380
-3253545
-3196292
-3033768
-3033711
-3033701
-3033694
-3033600
-3114889
-3114756
-3100436
-3100164
-3100086
-3099830
-3099317
-3003769
-3275373
-3275333
-3275246
-3644848
-3755574
-3607438
-3658706
-3658474
-3658273
-3830380
-3951187
-3951148
-3951119
-4037737
-3774060
-3773998
-3773968
-3773785
-3773698
-3773654
-3902026
-3901937
-3969122
-3969117
-3886983
-3886951
-3886944
-3886914
-3886746
-3696426
-3577439
-3577210
-3577130
-3577009
-3436583
-3436488
-3436444
-3436404
-3436284
-3398436
-3460782
-3542803
-3361456
-3210477
-3210331
-3210266
-3209936
-3098919
-3098578
-3098511
-3098120
-3097753
-3097695
-3097473
-3097470
-3097437
-3097429
-3097422
-3097188
-3097163
-3029473
-3029471
-3029409
-3029407
-3029252
-3041796
-3041668
-3022139
-3022037
-3021786
-2785405
-2785370
-2785199
-2784976
-2784904
-2784832
-2784706
-2784703
-2902488
-2846668
-2846602
-2863978
-2691874
-2883794
-2883457
-2882921
-2882909
-2882846
-2882663
-2882661
-2882631
-2882598
-2995291
-2995129
-2891816
-2891806
-2968278
-2825421
-2825270
-2825129
-2825046
-2824914
-2824886
-2816027
-2664617
-2664295
-2557961
-2557940
-2557934
-2843098
-2842895
-3050179
-3050043
-3049766
-3226676
-3143116
-3143063
-3269784
-3269688
-3269680
-3269677
-3269666
-3074811
-3074482
-3074257
-3073815
-3073810
-3250374
-3250370
-3250352
-3250281
-3504440
-3339006
-3328301
-3328157
-3328060
-3125208
-3125026
-3125000
-3124772
-3124624
-3124449
-3031663
-3031590
-3031425
-3031382
-3031348
-3030660
-3143363
-3143325
-3143206
-3143002
-3245678
-3214242
-3214197
-3214085
-3048930
-3048822
-2997238
-2997146
-2997100
-2996909
-2996807
-2996710
-2996575
-2996522
-2996407
-2996291
-2996282
-2996168
-3017478
-3017399
-3017365
-3138756
-3285148
-3284968
-3061427
-3061336
-3284549
-3284471
-3284417
-3284373
-3284318
-3142774
-3142768
-3214362
-3214299
-3146318
-2959134
-3085918
-3085860
-3244331
-3244254
-3244246
-3429839
-3429749
-3429744
-3336989
-3336873
-3516204
-3516081
-3516078
-3516051
-3515794
-3515497
-3515389
-3515107
-3399923
-3433321
-3433282
-3433218
-3433217
-3433179
-3236042
-3383787
-3383743
-3383687
-3383574
-3326043
-3365689
-3746563
-3642269
-3642243
-3771319
-3491860
-3491676
-3614282
-3614269
-3613518
-3655831
-3655739
-3655520
-3655416
-3655303
-3655114
-3654859
-3654848
-3654476
-3653969
-3502698
-3263550
-3263452
-3278913
-3278416
-3278291
-2983125
-2983009
-3070232
-3131217
-3131068
-3253648
-3253449
-3162350
-3124268
-3124188
-3192834
-3192624
-3191814
-3191577
-3391005
-3390877
-3390848
-3294421
-3294358
-3380390
-3379964
-3379933
-3044179
-2929573
-2929444
-2929378
-2890071
-2844552
-2812004
-2811833
-2811802
-2962100
-2846895
-2846837
-2846803
-2932802
-2932800
-2761352
-2585188
-2721470
-2721415
-2721164
-2720681
-2720676
-2643225
-2643119
-2643065
-2326608
-2326417
-2479369
-2479188
-2479050
-2402022
-2274728
-2142081
-2142045
-2142028
-2040163
-2204816
-2204569
-2204524
-2353944
-2353542
-2353386
-2176089
-2176019
-2175978
-2175611
-2030573
-2030573
-1850607
-1850599
-1850407
-1850325
-1850317
-1850230
-2018630
-2018574
-2018493
-2018437
-1833828
-1833667
-1833565
-1833542
-1660667
-1660406
-1660298
-1660206
-1798388
-1798257
-1798227
-1797927
-1797871
-1797734
-1797635
-1668875
-1668831
-1668259
-1667850
-1624932
-1624287
-1624196
-1740212
-1748230
-1748203
-1748051
-1747849
-1787551
-2078546
-2078540
-2078393
-2078383
-2156568
-2156322
-2156136
-2224372
-2224041
-2223946
-2223818
-2223772
-2223390
-2223278
-2238253
-2238092
-2413810
-2413764
-2035641
-2086830
-2086726
-2051261
-1913863
-2222312
-2222281
-2222151
-2222107
-2246606
-2246534
-2287132
-2286977
-2253222
-2252921
-2515117
-2652109
-2651819
-2651564
-2651430
-2651277
-2651021
-2646583
-2466700
-2466640
-2466620
-2466407
-2466173
-2466164
-2466028
-2329352
-2514742
-2514559
-2514499
-2476209
-2595804
-2761757
-2761333
-2876978
-2876871
-3072482
-3072471
-3072464
-3072459
-3031970
-2931898
-2843625
-2757074
-2889577
-2889542
-2889350
-2889173
-2889151
-2937975
-2719495
-2719486
-2719472
-2719450
-2719341
-2577868
-2577827
-2577623
-2577618
-2577415
-2577351
-2740360
-3117747
-2780634
-2780575
-2780488
-2780459
-3005121
-3004838
-3189803
-3289402
-3138644
-3138603
-3041862
-3069526
-3069373
-3186339
-3352282
-3489171
-3348316
-3348275
-3348261
-3348190
-3348189
-3348057
-3358667
-3331834
-3331830
-3331798
-3672106
-3774439
-3774361
-3823803
-3823730
-4021737
-4021689
-4026464
-3834397
-3834317
-3834158
-3834158
-3834039
-3861895
-3861883
-3861809
-3680267
-3680245
-3804279
-3686355
-3859113
-3859092
-3859000
-3858802
-3858716
-3858534
-3858534
-3858289
-3858256
-3858240
-3857929
-3857895
-3857617
-3857515
-3700502
-3700268
-3700215
-3661156
-3705733
-3726482
-3726477
-3726170
-4023497
-4216828
-4216735
-4297284
-4297171
-4297151
-4297006
-4296933
-4296917
-4440032
-4545776
-4545690
-4545541
-4545494
-4492053
-4491955
-4491926
-4677671
-4677665
-4725212
-4725147
-4960892
-4960857
-4960853
-4960353
-4994837
-4839464
-4839453
-5081463
-5081245
-5081243
-5081078
-5080997
-5411710
-5411443
-5506583
-5506314
-5698439
-5698406
-5698338
-5698331
-5698323
-5698103
-5698049
-5697975
-5697947
-5800328
-5800171
-5703108
-5703013
-5843175
-5843160
-5928228
-5928218
-5928211
-5888916
-5888891
-5920305
-5819013
-5818831
-5818768
-5818673
-5818671
-5995176
-5995095
-6405243
-6405192
-6405186
-6405146
-6405077
-6463243
-6533929
-6533832
-6604128
-6870693
-6870678
-6840562
-6840561
-6840204
-7107928
-7107870
-7021577
-7021545
-7021495
-7021460
-7021393
-7021373
-6927025
-6813972
-6813787
-6813742
-6813683
-6981881
-6981878
-6981876
-6981817
-6981708
-6981639
-6972155
-6887977
-6902180
-6902164
-7046514
-7046415
-7046133
-7067306
-7123778
-6952163
-7067985
-7067832
-7067758
-7127314
-7127292
-7127245
-7127221
-6870508
-6727151
-6727134
-6814848
-6814631
-7010815
-6965083
-6965050
-7088530
-7032876
-7032670
-7032654
-7032603
-7032498
-7032254
-7032202
-7032192
-7487704
-7487696
-7368052
-7539830
-7539806
-7539620
-7539448
-7539365
-7539271
-7406524
-7406281
-7406237
-7406224
-7406036
-7078133
-7190655
-7190593
-7190526
-7190384
-7035592
-6847537
-6847392
-6847314
-6847214
-6847129
-6846924
-6846894
-6846712
-6846689
-6846632
-6717107
-6766496
-6940723
-7332108
-7140229
-7140159
-7305008
-7200827
-7200654
-7048377
-7048252
-6959808
-6959613
-6959594
-6959590
-6888291
-6888170
-6888131
-6887961
-6887953
-6739813
-6739756
-6739626
-6779072
-6778983
-7045852
-7137007
-7136975
-7136791
-7154400
-7154325
-7278899
-7278892
-7309122
-7309065
-7308699
-7391144
-7391125
-7391125
-7391084
-7390825
-7390639
-7567270
-7567217
-7567203
-7613506
-7613412
-7798292
-7798205
-7798100
-7798007
-7797955
-7797841
-7797748
-7828747
-7828263
-7828229
-7828224
-7828166
-7827996
-7827934
-7827876
-7827716
-7715386
-7765538
-7581464
-7581323
-7581277
-7581264
-7704604
-7569537
-7569494
-7468290
-7468142
-7468122
-7467997
-7467941
-7467931
-7467858
-7467597
-7467508
-7467412
-7502079
-7502025
-7502001
-7495441
-7495383
-7495327
-7423639
-7322977
-7322653
-7404568
-7404225
-7217609
-7217555
-7217546
-7217506
-7217429
-7217397
-7122420
-6965303
-6965204
-7025582
-7025574
-7025550
-6872096
-6871549
-6871521
-7070015
-7069974
-7069901
-7069893
-7069749
-7069558
-7078627
-6935859
-6935816
-6935790
-6921043
-6920877
-6789788
-6646187
-6378990
-6378966
-6378942
-6621287
-6621245
-6621155
-6621143
-6621027
-6620904
-6620830
-6620814
-6620792
-6620770
-6481524
-6481422
-6481319
-6481250
-6480958
-6480851
-6480566
-6480520
-6143269
-6143244
-6035352
-6035315
-6035225
-6035201
-6035122
-6035118
-6035018
-6034895
-6141199
-6141148
-6141102
-6140984
-6331400
-6331380
-6059235
-6059147
-6075971
-6186684
-6070416
-6070304
-6236957
-6405591
-6634133
-6634010
-6633815
-6633676
-6633630
-6761671
-6804255
-6860090
-6859910
-6694289
-6694249
-6738042
-6737953
-6737918
-6737913
-6737850
-6737743
-6737703
-6616543
-6616354
-6565921
-6474238
-6474165
-6474137
-6473974
-6473777
-6484883
-6484826
-6472451
-6557903
-6557892
-6557864
-6580717
-6462930
-6462900
-6462808
-6462756
-6462750
-6462747
-6462707
-6503202
-6503154
-6161312
-6161283
-6138944
-6138943
-6138795
-6138621
-6138422
-6138402
-6138225
-6138175
-6138053
-6148852
-6270133
-6270040
-6270026
-6440719
-6512902
-6796956
-6796936
-6796907
-7136385
-7136286
-7245869
-7245810
-7245768
-7245637
-7245439
-7170649
-7324783
-7324687
-7324657
-7324579
-7324396
-7520353
-7520275
-7520183
-7437422
-7466925
-7466921
-7466898
-7395966
-7395674
-7367835
-7367810
-7367769
-7367692
-7367627
-7556802
-7547609
-7547606
-7547578
-7547377
-7633387
-7702685
-7702673
-7731325
-7731294
-7731190
-7731179
-7731145
-7916852
-7885424
-7885414
-8018125
-8017985
-7826711
-7826602
-7978456
-7978405
-7978341
-7990077
-8041273
-8041252
-8041214
-8041212
-8101015
-7915973
-7915847
-7915804
-7840859
-8094667
-8094589
-8094544
-8094439
-8094435
-8094377
-8094372
-8094328
-8094206
-8139164
-8139112
-8139065
-8168470
-8331400
-8331397
-8228895
-8228828
-8441594
-8441097
-8441085
-8586769
-8586731
-8586677
-8586488
-8586409
-8267564
-8254355
-8254263
-8254234
-8254171
-8199054
-8073696
-8046705
-8046677
-8046604
-8054479
-8054435
-8054371
-8053898
-8112075
-8112074
-8112049
-8112018
-8111977
-8303172
-8303124
-8303002
-8333063
-8333009
-7966505
-7966364
-7966305
-7966221
-8100825
-8253001
-8252983
-8252929
-8252705
-8252572
-8310934
-8310710
-8310621
-8310618
-8342957
-8342916
-8260586
-8389066
-8388958
-8431994
-8247856
-8073173
-8073155
-7986815
-7911464
-7832680
-7832557
-7832395
-7644423
-7644376
-7644365
-7644290
-7644259
-7644230
-7646092
-7680413
-7680397
-7680275
-7680272
-7912176
-7948899
-7948868
-7948803
-7902252
-7689900
-7881205
-7881156
-7881116
-7881086
-7880984
-7774410
-7774371
-7774328
-7774322
-7830739
-7977338
-7977250
-7976496
-7401058
-7400673
-7492876
-7259651
-7259437
-7407771
-7407659
-7407612
-7373629
-7285367
-7285363
-7248368
-7351769
-7351689
-7351558
-7408591
-7381404
-7483046
-7482908
-7482795
-7482763
-7581362
-7581269
-7581181
-7581073
-7580975
-7580716
-7507355
-7641823
-7598320
-7598272
-7598165
-7633778
-7459140
-7459070
-7476509
-7476481
-7476461
-7476446
-7476444
-7413328
-7499827
-7499755
-7499740
-7499644
-7768570
-7768550
-7768501
-7768431
-7768400
-7768366
-7768323
-7768306
-7924482
-8105905
-8105847
-8105821
-8121952
-8121899
-8121816
-8121793
-8121729
-8121659
-8290821
-8290684
-8216196
-8408270
-8410767
-8596861
-8596831
-8596779
-8734203
-8734142
-8734131
-8734128
-8733891
-8920501
-8920489
-8920430
-8951676
-8951604
-8951525
-8951502
-8951493
-8951400
-8951393
-9013500
-8941273
-8941172
-8941155
-8941124
-9064736
-9064608
-9027821
-9110150
-9109743
-9009606
-9009508
-9009497
-9009478
-9171196
-9171177
-9364904
-9373563
-9208501
-9208456
-9208361
-9036764
-9112957
-8949445
-8949425
-9067609
-9053672
-9053554
-9053461
-9053459
-9019988
-9019710
-9019696
-8791084
-8791076
-8790925
-8901014
-8900949
-8900895
-9049076
-9063845
-9063807
-9063619
-8904396
-9100634
-9100624
-9100531
-9100448
-9235340
-9422801
-9549821
-9731981
-9731770
-9552087
-9551900
-9551843
-9551733
-9551619
-9551560
-9551386
-9551344
-9551311
-9551266
-9854431
-9854407
-9854395
-9684783
-9784845
-9784776
-9784626
-9784570
-9690119
-9690012
-9689910
-9689851
-9689803
-9689777
-9689676
-9689675
-9565419
-9565397
-9565323
-9565291
-9565290
-9565212
-9565170
-9565146
-9565070
-9438658
-9438565
-9415017
-9414996
-9414893
-9475141
-9475139
-9475045
-9474910
-9443962
-9474237
-9628734
-9710209
-9704807
-9704791
-9704228
-9704203
-9839708
-9839668
-9785552
-9785384
-9803772
-9803639
-9803625
-9803541
-10186474
-10192894
-10365986
-10365975
-10365935
-10365911
-10365863
-10414733
-10475038
-10122584
-10122582
-10039345
-10039323
-10039203
-10039200
-10039167
-10039141
-10094316
-10094186
-10094151
-10094146
-10094139
-9908434
-10078543
-10078539
-10250084
-10250067
-10249837
-10249834
-10060546
-10055199
-9901519
-9901468
-9900906
-9900902
-10034971
-10034970
-10034956
-10387547
-10387476
-10489416
-10621804
-10621788
-10621764
-10621450
-10621447
-10621281
-10504766
-10504594
-10504451
-10504401
-10149600
-10149482
-10149168
-10149163
-10149163
-10149032
-10149011
-10148958
-10340130
-10353537
-10353470
-10353399
-10521433
-10521421
-10521384
-10384583
-10384565
-10384551
-10384541
-10384518
-10226013
-10225977
-10225925
-10225909
-10225880
-10225804
-10225642
-10330850
-10396239
-10396197
-10396192
-10396021
-10599955
-10599822
-10860313
-10860183
-10860162
-10860089
-10860051
-10843482
-10843458
-10843416
-10726908
-10726828
-10726798
-10592230
-10592141
-10416129
-10337976
-10337938
-10410922
-10410897
-10427619
-10698586
-10698455
-10867350
-10867276
-10867172
-10867140
-10895647
-10844286
-10847323
-10869410
-10869395
-10843807
-11032583
-10863739
-10779594
-10779544
-10675661
-10794367
-10794353
-10615633
-10615525
-10615518
-10463450
-10463437
-10463395
-10463366
-10465792
-10356130
-10301596
-10398607
-10398582
-10398500
-10398428
-10619956
-10619956
-10766826
-10760341
-10760341
-10760332
-10814342
-10814264
-10624182
-10624048
-10816024
-10906367
-10906134
-10905951
-10905931
-11198978
-11090505
-10443141
-10654626
-10654569
-10654512
-10654236
-10654161
-10654078
-10654007
-10597030
-10597014
-10597008
-10596971
-10556159
-10621521
-10621520
-10478722
-10458956
-10458890
-10458790
-10458646
-10539612
-10539513
-10594455
-10746040
-10923312
-10803200
-10802825
-10802795
-10810093
-10809985
-10809771
-10974241
-10636838
-10636770
-10686420
-10696159
-10696085
-10695881
-10695590
-10097295
-9983852
-9983811
-9823357
-9823343
-9823278
-9809108
-9809034
-9808834
-10016143
-10016129
-10015704
-10015677
-10015642
-10015622
-10015603
-10015577
-10015526
-10015321
-10015317
-9877212
-9877066
-9809380
-9809323
-9813016
-9813007
-9808064
-9688105
-9358369
-9358257
-9358234
-9358099
-9358021
-9424511
-9491708
-9491700
-9491565
-9491488
-9491452
-9491436
-9491435
-9225362
-10071175
-10070327
-10070220
-10070203
-9931715
-10037480
-10037467
-10037454
-10037437
-10037398
-9898962
-9898960
-9543645
-9852424
-9852360
-9852352
-9752293
-9783538
-9783501
-9783499
-9783307
-9611312
-9611297
-9611253
-9611231
-9442522
-9442401
-9160352
-9160320
-9160252
-9160032
-9092044
-9092019
-9092011
-9091891
-9091876
-9091777
-9091711
-9091692
-9091405
-9091371
-9091202
-9091150
-9023280
-9023059
-9023032
-8974244
-8974170
-8974163
-8973996
-8919463
-8919232
-8919167
-8916345
-8916341
-8916311
-9165171
-9196401
-9374213
-9374144
-9564680
-9564510
-9564344
-9564333
-9564290
-9564124
-9564005
-9563957
-9659029
-9658792
-9658789
-9658704
-9658534
-9658518
-9658222
-9658212
-9665371
-9786467
-9786393
-9786292
-9786140
-9786106
-9785872
-9785823
-9865959
-9865929
-9865813
-9865761
-9865732
-9865651
-9870849
-9870815
-9824624
-9921650
-9921527
-9921459
-9921412
-9921386
-9921373
-9921261
-9921178
-9921117
-9921094
-9920833
-9920822
-10071537
-10071403
-10149241
-10149175
-10149053
-10333182
-10333138
-10656240
-10303816
-9935651
-9935625
-9935602
-9935583
-9926798
-9926789
-9718547
-9752944
-9752868
-9660924
-9498519
-9498010
-9566538
-9566417
-9532270
-9247429
-9247074
-9211985
-9211985
-9286359
-9286340
-9286320
-9286226
-9286071
-9286045
-9285953
-9285915
-9410410
-9410214
-9409973
-9409831
-9400726
-9400622
-9243900
-9243788
-9243757
-9243739
-9243738
-9357005
-9356892
-9356814
-9471365
-9471278
-9665161
-9665083
-9665072
-9665026
-9665016
-9664874
-9524007
-9524002
-9523925
-9523917
-9523850
-9238515
-9238396
-9238342
-9237708
-9284250
-9284152
-9283894
-9021090
-9020873
-9020786
-9020768
-9033020
-8875645
-8875568
-8875301
-9040407
-9040337
-9040333
-9040145
-9044389
-9044376
-9044306
-9044297
-9044181
-9044047
-9043975
-9043951
-9043937
-8872507
-8886003
-8885940
-8885633
-8885608
-8772686
-8772566
-8772488
-8772310
-8772295
-8772293
-8772220
-8772143
-8772131
-8772075
-8772065
-8652148
-8651920
-8651897
-8508934
-8508735
-8508712
-8431545
-8431280
-8431165
-8431094
-8571877
-8571719
-8571716
-8504386
-8504384
-8504345
-8504335
-8504179
-8504153
-8503810
-8503802
-8362454
-8362452
-8362436
-8362434
-8362047
-8200864
-8200583
-8200547
-8200380
-8224255
-8224230
-8115407
-8115405
-8309677
-8178869
-8178861
-8178858
-8178757
-8178535
-8178523
-8178388
-8178104
-8005038
-8003679
-8022629
-8022497
-8022452
-8160330
-8160315
-8242944
-8242428
-8242401
-8156762
-8156708
-8370453
-8370262
-8370206
-8379402
-8379142
-8379128
-8378944
-8303844
-8303785
-8303703
-8387251
-8297544
-8297482
-8297429
-8111637
-8111392
-8111357
-8111312
-7878145
-7877924
-7877831
-7877723
-7877672
-7764258
-7763980
-7436198
-7436082
-7632542
-7632452
-7632441
-7701760
-7701747
-7701737
-7848081
-7847976
-7847920
-7908087
-7666323
-7666185
-7666125
-7518625
-7518602
-7518208
-7518040
-7517932
-7517930
-7517921
-7331014
-7482366
-7482254
-7482186
-7482094
-7481879
-7550743
-7550638
-7537485
-7537242
-7537236
-7537232
-7614013
-7613939
-7613905
-7613884
-7613809
-7613784
-7613698
-7613687
-7613584
-7613159
-7613091
-7612982
-7612717
-7482602
-7898813
-8013391
-8013001
-8012860
-7868209
-7868150
-7868081
-7867929
-7867807
-7867760
-7867482
-7867441
-7867179
-7867137
-7866914
-7866837
-7729749
-7786032
-7703687
-7733172
-7535558
-7535548
-7535438
-7535280
-7534889
-7534846
-7536695
-7536639
-8058391
-8058376
-7887736
-7887727
-7876988
-7876925
-7956850
-7853522
-7991889
-7991806
-7991734
-7998589
-7998554
-7810886
-7884368
-7898135
-7898073
-7897958
-7897750
-7897651
-7897576
-7897553
-7897502
-7918824
-8086182
-8086097
-8122059
-8122058
-8122012
-8121949
-8121882
-8121791
-8121693
-8121566
-8121539
-8121461
-8121252
-8020891
-7943605
-7794942
-7644133
-7643678
-7652633
-7652543
-7652522
-7652512
-7652499
-7652497
-7652459
-7652452
-7652298
-7652173
-7652138
-7651800
-7651800
-7732118
-7678553
-7678408
-7678372
-7678310
-7678173
-7678050
-7678028
-7556977
-7585788
-7644935
-7644719
-7819347
-7819006
-7906070
-7818280
-7981859
-8124196
-8134641
-8290460
-8290453
-8290428
-8164172
-8164158
-8194471
-8274041
-8273895
-8407286
-8407259
-8470380
-8470242
-8470231
-8470223
-8561568
-8074856
-8074850
-8178264
-8178176
-8177866
-8177838
-8114131
-8114017
-7919839
-7919735
-7926121
-7779602
-7779595
-7426115
-7426021
-6885021
-7070051
-7038133
-7235175
-7234710
-7349069
-7348846
-7348804
-7459188
-7416362
-7416358
-7650448
-7650390
-7650279
-7775868
-7612189
-7611991
-7611908
-7821609
-7763198
-7878157
-7878120
-7878074
-7887099
-7723765
-7727561
-7567057
-7566775
-7566755
-7672804
-7675747
-7771500
-7771465
-7995789
-7995684
-7995632
-7995566
-7995513
-7994925
-7994821
-8067452
-8142838
-8142697
-8112105
-8158524
-8158368
-8272934
-8272932
-8217350
-8217136
-8416017
-8415732
-8574818
-8574724
-8414254
-8414096
-8414018
-8251130
-8251012
-8250961
-8250763
-8236964
-8236867
-8148296
-8148250
-7970237
-7969872
-7836204
-7836119
-7836053
-7835956
-7756910
-7828414
-7524388
-7687598
-7687527
-7687451
-7687420
-7687334
-7687334
-7687244
-7687095
-7579752
-7579727
-7755314
-7755197
-7744081
-7743690
-7743667
-7955934
-7955908
-7880377
-7768039
-7767584
-7767578
-7819536
-7819284
-7819224
-7819092
-7818504
-7818333
-7818324
-7818119
-7818075
-7625166
-7577861
-7577709
-7577452
-7634435
-7383189
-7383015
-7382790
-7382720
-7382617
-7382562
-7382529
-7382346
-7524173
-7524146
-7524061
-7381204
-7381134
-7483612
-7483389
-7682816
-7615593
-7615444
-7414596
-7414536
-7414475
-7333118
-7371804
-7530844
-7530787
-7708081
-7708055
-7694468
-7694096
-7702559
-7702449
-7702352
-7702083
-7702017
-7701948
-7701838
-7701722
-7964492
-7964449
-7964299
-7866642
-7866567
-7843524
-7843443
-7729654
-7882938
-7882785
-7717543
-7895230
-7894692
-7957863
-7938474
-7938467
-7938445
-7938444
-7851068
-7851032
-7850959
-7850890
-7850757
-7850624
-7850417
-7864767
-7864759
-7864672
-7864486
-7864479
-7864359
-7864333
-7996563
-7996505
-7996384
-8042651
-8042507
-8319034
-8318958
-8311829
-7988516
-7987800
-8083319
-8083186
-8089658
-8089539
-8089506
-8149129
-7925682
-7925652
-8225641
-8225557
-8225404
-8225024
-8132786
-8810446
-8871819
-9060129
-9294152
-9294085
-9294079
-9293934
-9293734
-9293425
-9293371
-9175961
-9175497
-9175373
-9184311
-9052903
-9052761
-9052625
-9041068
-9040931
-9040775
-8992186
-8330503
-8329883
-8194728
-8501709
-8501667
-8501483
-8501289
-8536561
-8642413
-8548161
-8693077
-8692925
-8692773
-8692646
-8922338
-8922254
-8922246
-8922058
-8833301
-8833276
-8833128
-8833109
-8920682
-8920574
-8920572
-8920531
-8920463
-8785025
-8784953
-8784754
-8784703
-8784544
-8668337
-8668218
-8667959
-8667856
-8667851
-8667815
-8667777
-8667775
-8800352
-8800344
-8646872
-8646782
-8646764
-8646722
-8684413
-8684367
-8840692
-8840677
-8840656
-8840562
-8840372
-8840325
-8840302
-8840069
-8886341
-8886229
-8886010
-8885804
-9019621
-9019593
-9019498
-9019481
-9019407
-9019404
-9019310
-9019126
-9019093
-9018963
-9018923
-9018792
-9018714
-8873110
-8981962
-8981901
-8981812
-8793063
-8818515
-8947378
-8947207
-8947175
-9211849
-9211728
-9211693
-9211664
-9210649
-9210433
-9010256
-9010150
-9119964
-9119818
-9119563
-9119530
-8698323
-8698244
-8698173
-8698041
-8697692
-8697514
-8697435
-8795342
-8795320
-8711325
-8711226
-8711177
-8710931
-8609788
-8609604
-8609440
-8752444
-8752389
-8680774
-8547739
-8385097
-8543409
-8575916
-8575854
-8445698
-8445692
-8609882
-8335390
-8364373
-8336042
-8419826
-8437436
-8621305
-8621286
-8621116
-8620913
-8445253
-8444936
-8153815
-8153565
-8349085
-8348694
-8348672
-8342019
-8291197
-8289834
-8356106
-8355955
-8355908
-8355824
-8355813
-8355734
-8355669
-8464971
-8668058
-8659367
-8790458
-8790455
-8938437
-8938435
-8938259
-8792091
-8791820
-8848333
-8894978
-8894784
-8894731
-8894608
-8855541
-8855374
-8855336
-8765128
-8922980
-8823457
-8823280
-8822918
-8641239
-8641136
-8640938
-8640915
-8517942
-8517870
-8517793
-8517788
-8517752
-8399545
-8399444
-8399416
-8399325
-8227369
-8227253
-8263448
-8263409
-8263087
-8374568
-8504168
-8504053
-8412564
-8412424
-8424344
-8424335
-8424302
-8478528
-8399246
-8399244
-8202377
-8177708
-8177590
-8177489
-8177359
-8018980
-7953869
-7953772
-8123591
-8123453
-8123362
-8141637
-8141428
-8141278
-8141166
-8141155
-8141068
-8141063
-8162422
-8162325
-8162305
-8161968
-8161600
-8161415
-7965129
-7965096
-7892200
-7891928
-7891851
-8035314
-8120428
-8120230
-8120206
-8251732
-8358718
-8358649
-8554244
-8554229
-8554139
-8484607
-8484580
-8484560
-8484550
-8522860
-8522836
-8360206
-8240312
-8240236
-8240172
-8240026
-8390396
-8351837
-8351796
-8470088
-8469818
-8469719
-8614873
-8728237
-8728058
-8795664
-8795635
-8795209
-8795091
-8872259
-8872251
-8872142
-8872012
-8810162
-8711939
-9130060
-9129910
-9129838
-9108283
-9108147
-9015108
-9167219
-9167031
-9166844
-9166719
-9044926
-9044819
-9044809
-9044702
-9214993
-9214908
-9214781
-9062681
-9062639
-8862137
-8862125
-8862051
-8861942
-8861852
-8938704
-9138323
-9119626
-8949636
-8949532
-8935230
-8780596
-8780578
-8591977
-8390293
-8201812
-8201758
-8201622
-8201422
-8132661
-8132657
-8132634
-7997639
-7955582
-7955548
-7955478
-8104949
-8104848
-8104730
-8104721
-7915958
-7915879
-7915600
-7915574
-7915573
-7745579
-7671292
-7747314
-7747307
-7865093
-7864970
-7864651
-7969870
-7969858
-7969522
-7969511
-7969480
-7969473
-7861913
-7803707
-7803493
-7644525
-7644487
-7644401
-7644390
-7566995
-7408919
-7408868
-7408811
-7442021
-7441934
-7441907
-7441786
-7471364
-7471314
-7471252
-7471148
-7471114
-7471082
-7397515
-7621189
-7621184
-7621136
-7621121
-7621103
-7621064
-7661504
-7661500
-7477788
-7572830
-7816017
-7808694
-7808529
-7700314
-7700235
-7700187
-7764529
-7764492
-7764491
-7855045
-7897171
-7897105
-7897094
-7897036
-7853267
-7853267
-7817779
-7732412
-7945800
-7945655
-7945651
-7945617
-7945528
-7894745
-7894680
-8077765
-7641900
-7597489
-7597353
-7783222
-7783222
-7783216
-7973063
-7972984
-8040555
-8040500
-8040347
-7950785
-8045909
-8045884
-8055115
-8080131
-8080003
-8079787
-8079707
-8079678
-8079660
-7917779
-8071079
-8071078
-8071028
-8070996
-8070943
-8070934
-8070878
-8016196
-7912251
-7912185
-7671951
-7850995
-7850862
-7850852
-7850841
-7734145
-7718668
-7718555
-7718344
-7537465
-7537386
-7537065
-7537017
-7522765
-7522729
-7522727
-7522718
-7522699
-7522685
-7522499
-7522432
-7522279
-7619203
-7619180
-7619086
-7510420
-7629598
-7629563
-7629553
-7411333
-7411227
-7377757
-7377412
-7377392
-7499660
-7499520
-7499491
-7499317
-7618108
-7618083
-7467059
-7316135
-7298221
-7298219
-7298069
-7157954
-7157903
-7157447
-7157418
-7064839
-7052653
-7004869
-7004851
-7004846
-7004538
-7004394
-7004384
-7004135
-7004053
-7041626
-7041523
-7041510
-6988702
-6940600
-6940588
-6940400
-7220621
-7402988
-7402874
-7402841
-7402839
-7402822
-7402685
-7398895
-7398840
-7353362
-7353201
-7352947
-7352913
-7352865
-7352670
-7352418
-7201580
-7201372
-7353966
-7353817
-7353541
-7353460
-7494967
-7503321
-7580895
-7580843
-7580813
-7580797
-7827959
-7827788
-7827736
-7824037
-7824036
-7824030
-7823984
-7823893
-7823827
-7823741
-7823574
-7823487
-7823404
-7806746
-7806711
-7806639
-7806523
-7806390
-7806374
-7806239
-8061832
-8061667
-8061478
-8061357
-8224228
-8224064
-8223891
-8026255
-8287844
-8287786
-8287786
-8287757
-8287614
-8287508
-8287454
-8287389
-8440220
-8440099
-8440085
-8618842
