-1377258533
-1725472806
-1652232287
-1635571898
-1614351244
-965000281
-947452895
-3444114412
-4336080766
-4313717080
-4295558847
-4991962554
-4232440815
-2312214192
-2612648312
-2133397812
-1081850661
-1049215652
-1110198526
-1049824710
-1021549901
-990310130
-877367291
-1466406510
-1346820007
-1306490319
-1279944921
-127552748
-610939654
-2361628877
-1323161059
-1142384785
-1947084605
-1915274280
-1752328666
-2405402816
-2393135864
-2602987132
-2967617646
-2957519740
-2924947220
-3076310493
-3062512240
-3059006672
-3793249451
-2904694372
-2897016710
-2857122638
-4396102272
-5735117885
-5723448589
-4489601497
-4930072637
-4924826955
-4914596043
-5176029061
-5169341161
-5160148044
-5159203703
-4463059883
-4451873764
-5300772869
-5256852299
-5206364742
-5197181705
-5893173176
-6255632450
-6235781020
-7003923803
-7001756070
-6996692488
-6967729983
-6963198435
-6958120766
-7061944784
-7053366564
-7039581334
-8196194032
-7437182296
-8371240644
-8366468943
-8331280082
-8046419631
-8044798190
-7494875246
-7491578259
-7578892996
-7564589146
-7201487833
-6394459486
-7209402222
-7208019430
-7694896847
-7688842030
-8263312753
-7607238258
-9552681016
-9550991923
-9547097925
-9190922757
-9698032276
-9684910056
-9680666191
-9679614956
-9679430257
-9669447923
-9661574012
-9654665360
-9286085079
-9280982080
-9369756957
-9365223853
-8828271350
-7920083707
-7823797883
-8042994946
-7661828410
-8395260955
-8394683873
-8737620086
-10024375174
-10869938066
-10264450058
-8540284698
-7581308404
-7896689741
-7879820439
-8504786449
-8461840206
-8447550363
-8446683454
-7560153109
-7830476945
-7821750354
-6322512667
-6311002805
-5823734037
-5820271390
-6305653048
-6299243458
-6294981330
-5092617064
-5180425364
-5177275874
-6318915410
-6549803165
-5695933062
-5608939601
-5409260071
-4097880458
-4639870864
-4638999682
-4634837070
-4689961400
-4814163859
-5647400876
-5640985714
-5514727359
-6378522922
-6378489438
-6378072132
-5733073049
-5727853933
-5338833731
-4703278614
-5691758295
-6588969222
-7752466218
-7750405127
-8731296617
-7554545302
-7472804430
-7467465365
-7452695925
-8381665250
-8379388771
-9156765766
-9133434000
-9802074048
-8660505104
-8848939045
-7876082550
-7870597931
-9585113923
-10789769788
-11614288602
-11610906579
-11608246988
-11606534077
-10960191555
-10959190851
-10445257986
-10436485489
-10892069351
-10099998397
-8514667034
-8513758280
-8812612454
-8808836732
-8807847458
-8804313958
-8799754160
-8799655226
-8115110664
-8922462750
-8922250941
-9153787430
-8911433398
-8375592012
-8350429277
-8569100340
-8884125412
-9072899999
-9072130249
-9820720434
-9819751998
-9814888129
-9812977977
-9807718987
-9805722984
-9803988806
-9803173456
-9801613210
-9794286953
-9180157746
-9158100538
-8219627341
-8511997802
-8508813746
-8506688682
-8023963593
-7999347407
-6713103945
-6478954334
-6706774260
-6697203992
-7181743953
-5707196149
-5705322578
-4884005424
-4881499673
-4877876221
-3977093586
-3971020238
-4412538330
-4406680179
-4825686302
-4825535194
-2327563924
-963902909
-933353614
-1168283632
-1977408839
-1915964960
-2087000133
-2456604330
-1941260645
-3084525389
-4308330968
-4930569120
-8263091666
-8261950653
-8231211140
-10458601859
-10451444330
-10409602914
-9430395619
-9779440178
-8158342684
-8426106863
-7693937747
-6567592569
-6538110074
-6530300014
-6979582381
-10501486747
-10182651550
-10222067403
-10221969418
-10483046051
-10473329992
-10895611133
-10893566579
-10091099811
-10081091438
-10063149842
-10007969588
-10047807696
-10035642273
-10026402259
-10026047217
-10936599425
-9910785564
-9905707298
-8293670061
-7760150762
-6955619310
-7554044891
-8490074605
-9192658845
-9223619767
-8662965463
-8660767821
-8749745623
-7984729515
-8509918089
-9098344659
-9094761968
-9160010883
-8262987243
-8676898935
-9143446483
-9136744096
-9720130043
-8754620871
-8395942582
-11084961242
-12423292989
-13480377128
-14027668336
-13405689500
-12413977075
-12411542523
-12411450400
-12410724134
-12409120064
-12401809618
-11342586481
-11337351571
-10131885375
-9608235373
-9606756503
-9607150512
-9606188915
-9557260099
-9554610350
-8702480417
-8700281083
-7839391688
-7839304744
-7835464109
-8190368823
-7854422527
-7853949696
-8998398535
-8035833757
-8034536013
-7669372251
-7666308178
-7664249548
-7866310170
-8154835209
-8330873869
-8329260600
-7485798284
-7482377808
-7480721058
-8956871620
-8824634190
-8820443451
-7970300445
-7969186157
-7967907676
-7962777657
-7956341129
-7952822283
-8881536686
-8385202828
-8385190442
-8487416174
-8594452277
-8589758902
-7378234578
-7562895603
-7561592157
-7558716340
-7550158178
-8464274148
-8194582040
-7947938549
-8231686903
-8229084466
-8228902935
-8123726939
-8120144747
-8117898480
-8114851274
-8743529390
-8669510998
-8618073839
-9088632738
-9087832383
-9804419322
-10647913667
-11486310646
-11485561677
-11484681842
-10493233327
-10487866364
-9667678295
-8734396346
-9048212834
-9047785538
-9215612425
-9214807509
-9212038809
-9360886580
-8682210322
-7344490631
-7889395505
-8253971117
-7502294805
-8432024431
-8432021459
-8807703240
-8807111331
-9128047465
-9125416105
-9641010045
-10219813565
-10218556655
-10216573789
-9991367845
-9989895064
-10597292891
-10615689653
-10461382576
-9821800544
-9056119404
-9268153744
-8456321556
-8883453249
-8883073474
-8878421365
-8189949084
-8140751062
-9292672918
-10084212173
-10078432767
-12073407321
-12072681942
-12067023281
-12064872977
-12064830343
-11670064718
-11455013222
-12868803825
-11476053147
-12086405832
-11791786878
-11344048595
-12487596058
-12485405669
-12484376931
-11927945177
-12915599566
-12914012080
-13896956661
-13545639752
-13544365400
-13544289870
-13544019060
-14578353972
-15481650530
-15475090172
-16215413181
-16213732028
-15851517661
-15850223354
-15968858569
-15967726711
-16172541567
-16168969352
-14268568908
-14268278090
-14963510847
-14963499011
-14963418879
-15626939787
-15583022017
-15678433785
-15677116192
-15878187830
-13751334116
-13748621117
-12935510686
-12451796446
-12068568838
-12067247142
-12061671350
-12060755929
-10457860404
-10220686427
-10519478898
-10611522836
-10610726116
-10610206432
-11457119303
-11455244523
-12311607665
-11575115883
-11774995000
-10795907615
-11097579153
-11096455175
-11304314377
-11959954054
-11959603011
-11489378548
-11487996640
-11391613703
-12196459258
-12138487636
-12138163078
-11676228229
-12179024494
-12177709513
-12177192692
-11190550281
-11478441553
-11472044207
-11470511275
-11468279467
-11467886869
-11127218306
-11125829749
-10892526112
-10887899832
-10853345335
-11807691302
-12923055324
-12921094029
-12906973980
-12904773540
-13278357873
-14497851988
-14497385157
-13088229627
-13418403852
-13655982121
-13655324103
-13654992620
-13653547827
-13651031081
-14565967081
-15832352861
-15830734145
-15828853226
-15915373368
-15914653959
-16019456712
-16019046706
-15090568009
-14744327671
-14808789263
-14808236578
-14804161159
-16164594749
-16164063369
-16160281586
-16159481465
-16158459904
-15913617495
-16722232200
-16721242981
-16741054139
-16739135694
-17476924918
-16499739754
-16498457900
-16494734391
-17071443272
-16497202660
-16496882755
-16496803043
-15942514555
-16670620608
-16670313761
-16668972016
-16323415596
-15462522897
-15169971550
-15168815789
-14342624740
-13513712010
-13201294490
-13199177668
-13198319669
-13197066887
-12636507269
-12631372224
-12630421823
-12629696816
-12795274502
-12792996107
-12977063695
-13859494703
-13858778920
-12637860618
-12826543938
-12825801508
-13066693694
-9955137219
-9955123945
-10343324778
-9394613353
-9393796636
-9582969616
-9558360492
-9741516796
-9074717273
-9074169852
-9073188888
-8579037964
-8578005986
-8573903305
-8573701469
-9280869989
-9687970498
-9684568898
-8527393760
-8492954528
-8491615494
-9110648010
-9109213749
-8662879212
-7640984150
-9275928625
-9592698320
-10183864323
-9572545812
-9773371719
-11022787819
-11250334253
-10417065413
-11271504033
-10868838638
-11234974948
-11233412515
-11233277266
-11233055586
-11225672668
-11903829133
-11900217541
-11413562828
-11413066645
-11410740371
-11409806841
-11407242520
-12069560814
-12067908554
-11578135649
-11577149489
-11575707359
-11856141720
-11852856480
-11245660738
-8638149636
-8636795444
-7724822176
-7724353533
-7723981124
-7722620686
-7721602397
-6750030393
-6747758460
-6719528677
-6719276678
-4846053528
-4422545743
-4421014900
-4420096927
-4101691647
-4101310187
-4094473098
-3746168864
-3743724687
-1627129844
-1626827994
-2564457214
-2563835327
-3776425252
-2725267664
-2794423375
-2794328238
-2961058224
-2960634417
-4010377256
-4784341142
-4779831383
-4778310875
-4402055214
-4039113851
-4036930620
-3552946938
-3549848736
-2879151603
-2878818334
-1998758039
-1998606065
-1995644503
-1494282489
-1732026074
-1729881156
-1592914965
-1590235328
-2895284195
-2893321109
-2892927843
-2892698245
-2493588668
-2492236911
-3224512742
-4133266820
-4391698265
-2992390923
-3434399166
-3434235192
-3432941466
-3432898893
-3073547187
-3070090375
-3151702414
-2578326602
-2576332786
-2574986439
-2574493849
-2239419293
-3300952398
-2139798562
-1165585128
-1112469076
-1800253305
-1757176835
-1669701575
-1668956622
-1660477687
-555229555
-766005577
-692615676
-769511636
-972612269
-994255524
-951197264
-729744810
-721363496
-889134627
-978889320
-1358887809
-1337218240
-1315286123
-1273345035
-1263434127
-963773190
-1647208701
-1612486917
-1612205937
-1168547345
-1444394386
-403762163
-771639040
-866830272
-969437095
-967822692
-932604375
-978275587
-897731701
-996171026
-1694264259
-1687736696
-1631159710
-1594556885
-1718560800
-1663478685
-1627756034
-2437885770
-2435836449
-2315600902
-2235275627
-1741680684
-1733989798
-1701979576
-937023752
-1406551558
-1995694519
-1985911705
-985210677
-554963831
-991536566
-1413005077
-1404934758
-1385835042
-1319118228
-1214963598
-1578074664
-975064511
-916315055
-863238542
-711187908
-2258521641
-3047017505
-3015962405
-3213613074
-3013545152
-3011405578
-2193302252
-4411060448
-6254140004
-5860103373
-5196920191
-5173516987
-4623691633
-4530044911
-4510376589
-4601339074
-5194772332
-5162917562
-5157430852
-6051038495
-6162973629
-6147346751
-6116270491
-6095924698
-6003153888
-6690417983
-6293263163
-6723934926
-7562288162
-7545578205
-7475393020
-5874964501
-5865015843
-5676413622
-5807984723
-5782434763
-5766163818
-5739273970
-5699825015
-5699420895
-5644659774
-5616522809
-5580103664
-5846714405
-5842730373
-3181266620
-3162748322
-3815985922
-4075391927
-3623409327
-2355729832
-2866353215
-2860349995
-2854127515
-3874716782
-3864305272
-4616251678
-4753142680
-4735981165
-2581241900
-3079701105
-3078467907
-3968690535
-2676391948
-4393095091
-3520117274
-3509141617
-3504240200
-2711514507
-4340931953
-3891299762
-4634061456
-4441853924
-3946222176
-3680695853
-2692289920
-3010424458
-2175868304
-990691042
-1775181013
-1751071576
-1731876586
-2343935557
-2301559721
-1132521992
-934901215
-992389545
-985426259
-2372218812
-3037483684
-3008689041
-2890648982
-4215899963
-3210489704
-2102268541
-1241588587
-1241089984
-1169411623
-1133226658
-1129474266
-1129051560
-1757109358
-1756724836
-2140550533
-2640827920
-3531250645
-5952183518
-5282478363
-6439560053
-7059028277
-7041718571
-7038711349
-8069481783
-8067119542
-7502661887
-7079954947
-7077731677
-7071675615
-7068281101
-7059815514
-5796465472
-4988933559
-5179132373
-5549942112
-5549661888
-5549541372
-5283622493
-5281025458
-5280250084
-5280063330
-4392017011
-5559712940
-5558978689
-6186483731
-7262235799
-7261933525
-7256160851
-7252295752
-7617770940
-8569385323
-8567492717
-8563952230
-9168313606
-9999697978
-6788797169
-7013433277
-7123138607
-6860865214
-6859820614
-6857515412
-4347919970
-6183245288
-6117774638
-6352905786
-6340491405
-6330910941
-6698440425
-6696692746
-6925616228
-6924540305
-6410136452
-6371835057
-6364466554
-6360163398
-7269527230
-7453836199
-6775218922
-6768430766
-9489241010
-8851116902
-8850703074
-8850690931
-8843387287
-8030415211
-8944716781
-8939408304
-8257105153
-7417292673
-7414086928
-7405087741
-8092761147
-8085613856
-7490638049
-7487704545
-7462456837
-7459936878
-8939198270
-8934219685
-9735465742
-9733781403
-9718127229
-9717567391
-9717014864
-8738354462
-8469538096
-10228619716
-9984302781
-9979515078
-9975838701
-8490695100
-8792770553
-8790933530
-10499939917
-9852962324
-9836995121
-9833546823
-10052132338
-10306203602
-10214590055
-8646992462
-8645153184
-8642893521
-7973827099
-7971033923
-8920078780
-8707035447
-10572085595
-10569686169
-9723476120
-9719598877
-9715700797
-10264558649
-10407752949
-10403768996
-10403628178
-10096990894
-10096723596
-8571379891
-8571334659
-9238630877
-9237842265
-9237836874
-9235905911
-9233076792
-9231603092
-7247173960
-7242329273
-7239439164
-6296842123
-6291845378
-6289003663
-6716494366
-6715732225
-6555390281
-6554768113
-6553768690
-6551667708
-7051341080
-7047858889
-6564740015
-6558570454
-6556330277
-6555510809
-4899536241
-4668466893
-5273115796
-5272547390
-5624990809
-6579483257
-5653561079
-5653532722
-5652330243
-6013813682
-5424363988
-4159880466
-4159559217
-4236283479
-4235996059
-4232575527
-4678901688
-4674325454
-4401858742
-3923642784
-3921108060
-3458829817
-4207416373
-3753919670
-3751413769
-3688259987
-3687459989
-2692299429
-2782253512
-2778847069
-2776556090
-3463447520
-4225754601
-4442552175
-4272931399
-3060796679
-3060679787
-3058263081
-4360466091
-2854138433
-2854072329
-2849215597
-2722059650
-2721953794
-2721061798
-2720241865
-2203610046
-1812653026
-1809087627
-1806453479
-2294607259
-2302269525
-2301641069
-1546240660
-1545033876
-984580692
-950798255
-1663982184
-1659580766
-2230932884
-2193636622
-942981573
-843478700
-959841733
-1516696823
-1511482667
-1372517854
-1269008885
-1160367054
-1085792870
-1065531378
-999483500
-996752830
-978561555
-1453452053
-1391168311
-929279451
-730544860
-708781895
-927212704
-895049560
-952730412
-798862209
-1693662219
-1690266574
-2001580660
-1991377399
-1983879293
-1291254734
-1276979878
-1266634669
-1180362505
-1179320722
-1168371988
-1162470812
-1113397172
-1118034575
-1697336328
-852724736
-849065752
-1694186436
-1242719189
-1211904227
-1159421119
-1137000291
-1084104150
-1054194700
-1472681945
-1607051930
-583953600
-957404218
-838746089
-895668824
-830128948
-729665714
-983888215
-844985172
-2575887065
-2658048803
-3506635868
-3496022402
-3479762340
-3699854554
-3692965933
-3470035038
-3391666084
-3682353273
-3674079539
-4371975257
-4330103711
-4329413318
-6011612410
-5985750533
-5939182671
-5821057124
-6263077259
-4145883523
-2864636595
-2850502754
-2818161854
-2802031263
-3713675729
-3689577252
-3663576615
-3597930504
-3597870495
-3838559490
-4140668970
-5843313545
-4214640060
-3919775405
-4162547803
-3610587793
-3021483362
-2945536214
-2929402933
-2929103831
-2928739697
-4169331236
-3287722289
-3281732236
-3279193743
-3233686316
-2783687852
-3561563900
-3560014829
-3584926318
-3568250184
-3550718240
-3629178567
-3620163867
-2224506622
-2222270668
-1507124826
-1502501758
-1529159107
-2356934583
-1691101104
-2211739596
-2211567163
-2211538742
-2211093128
-2210136362
-1659419703
-1159613055
-1156886906
-991257092
-959314009
-999268794
-977617027
-981827660
-1765572385
-1070185663
-1056293183
-1411731497
-1405819191
-3946943702
-3945110166
-3941704609
-4703678252
-4703552917
-4700379475
-4697988689
-4696383564
-5357320712
-3806500836
-3747780730
-4226851116
-4210344126
-4168584734
-5138886387
-5963222688
-5364031935
-4700984003
-6323137452
-6316731007
-6311902247
-6299926686
-6299060753
-6298894126
-8177739005
-8159305568
-8136434522
-8477694412
-8425867986
-7835204331
-7815492004
-7802700993
-7743674255
-7740838963
-7732702255
-7725347848
-7334508485
-7318634425
-6529304352
-6823853536
-7716747691
-7642617237
-8572513692
-8561751454
-8527582919
-8521707426
-9466497648
-9457085489
-9442512798
-10893369644
-12410288977
-13269052957
-13665430905
-13643273915
-13641274661
-13224447779
-13221193608
-13210901034
-13207408885
-13800362118
-14703844361
-15384949760
-15381379120
-15375008507
-14849512283
-14847595203
-14676486886
-14634469007
-14320954339
-15047741323
-15047648304
-15392381680
-16603998092
-17545287556
-15896495114
-16007069029
-18604030122
-18597501655
-18555101898
-18547020581
-18544039751
-19626499497
-19620196196
-19248891117
-19134704275
-19600928646
-19598240577
-18312615117
-18021031763
-17862447531
-17849601655
-17688683454
-17679365731
-17672524251
-17669594915
-17665978964
-17663995653
-17444196015
-17793462201
-17547962179
-17546851179
-16710200207
-16032075708
-16019424241
-16018387030
-17154735116
-17153062703
-17146696905
-18042336870
-18219745744
-18215089894
-18199242897
-18192948874
-18289647910
-18286472060
-18282722682
-18265779836
-18263990745
-18255150727
-18243277139
-15959936565
-15955161988
-17078710527
-17547763706
-17065774441
-17623478587
-17621576016
-17619242440
-17511804806
-17510884363
-18309360363
-18307767885
-17620110664
-18308788416
-18304761081
-18302309225
-18300250171
-18300029427
-18299647673
-19317114748
-19315163281
-19993882041
-19543978486
-19542809042
-19539582935
-19536920556
-20451684836
-20448365254
-20447509140
-20703172006
-21648586994
-21971287988
-22393328721
-22831893795
-22609978712
-22609826259
-23195607887
-22855340699
-22350939828
-22345079844
-21377869734
-19642965313
-19642412350
-19642412033
-20131505583
-21004241697
-21003668508
-21815736126
-21811169900
-21529821229
-21528775188
-21524886916
-22082211739
-22080604792
-21921346851
-21921238805
-21918732917
-22607690294
-20762892185
-20762113856
-22425318406
-22154388857
-22124454887
-22123884019
-22365324770
-22364326968
-19262567837
-19260229061
-20082824725
-20051202478
-19748768842
-19748365035
-20363328119
-20361357018
-20558920915
-18989488507
-18989444531
-18986125568
-18324396646
-18323217428
-18321201263
-18224741942
-18224185357
-18862594262
-18567330634
-18732507107
-18732403002
-19491468381
-19487047554
-19816492082
-19812018121
-19451856238
-19449454989
-19539421031
-19538885844
-19536592349
-19532328259
-19530965743
-19946132832
-19945312292
-19594314123
-19594225434
-19593861464
-19592853020
-19592591946
-19591708644
-21205336197
-19632558156
-19759425902
-19284911939
-20115414300
-20114180865
-20111800463
-20746648865
-21161394842
-20016070833
-21178776292
-21589723128
-21587646746
-21587222627
-18086533377
-18086512943
-18086039229
-18085922238
-20612235733
-21031119659
-20865667601
-20815765525
-21016840985
-21264448270
-22529372900
-23434964902
-23428390771
-23427291639
-23425830846
-21348085005
-21347858473
-21347474414
-21344433914
-21338776410
-19848674472
-19982425940
-19979323355
-19976915047
-19976300406
-19972087658
-19482556163
-19482349280
-19482015977
-20428951067
-20426881194
-20426542063
-20425416197
-20424569840
-20913503689
-20912540547
-20912178451
-21581791236
-21882973841
-21882928439
-20505366401
-20505357416
-20711349045
-20193882120
-20062058354
-20850960559
-20849596871
-20849362597
-20848611137
-19653301339
-19653250769
-19870711058
-19868478359
-19867910245
-19867869787
-20767318813
-19868682390
-20888487979
-20888124512
-20884451578
-20883725986
-20883281486
-20882697331
-21765778724
-23467797470
-23274631623
-22137170600
-21893919497
-21743355559
-22256549333
-23173545978
-23533506753
-24251057093
-24395171770
-24857972691
-24857853209
-22594174528
-22594172324
-22425200782
-22423450037
-22421613742
-22421331416
-22418626605
-22416344021
-22413937348
-22262276297
-19867990768
-19866982630
-20394264879
-19978258264
-22084707181
-22276844733
-22738378747
-22735764555
-22747072344
-22549971849
-22549721217
-22146496588
-22250578373
-22250527093
-22248879087
-22459260776
-22031801627
-22030182123
-23538792608
-24341588778
-24341016198
-24339485598
-24515956148
-24514363767
-24513931751
-24372359259
-21867668038
-22020818373
-22558006048
-22613309777
-23241811351
-23922961605
-23920529221
-23598904875
-23598891994
-23597691620
-23594882631
-23594126194
-23940556437
-23991840906
-24018822806
-23854614445
-24831639544
-24586778540
-24586064300
-24522053968
-24521092318
-24520675121
-24230953095
-25003843510
-25003224868
-24479016401
-24478904385
-24664220878
-25632174540
-26692283450
-26398914250
-26503910151
-26871728424
-27281374579
-27280388593
-27279134804
-29101356112
-29101141550
-29100761602
-28482007768
-28480871909
-28477752673
-28476943794
-27950251541
-28740480011
-28354817581
-29201511424
-28094354351
-27194822761
-27194217293
-27192010280
-27191822421
-27191408065
-26521290544
-24737921134
-25504144653
-25502858617
-25502498056
-25501866449
-24883730969
-23913805928
-23654206638
-23650246800
-24237187431
-20752568713
-20752457577
-21266079702
-21265349226
-21264054483
-21263521423
-21724204622
-20913639189
-20243800907
-20242670188
-20240891398
-20239664739
-18702252545
-18698445359
-17693094284
-16959617444
-16938603607
-17390977401
-17390421064
-17389305205
-16786227608
-16785612506
-16781119448
-16992299493
-16615560582
-16641069801
-16648064442
-15757403340
-15626850336
-15133672237
-15131775674
-15213970600
-15213742614
-14523105310
-14216605197
-12893636966
-13529610080
-12965645982
-12963034416
-12565647239
-12563681301
-12562683863
-12562397137
-12875141485
-12575583517
-12575137446
-12573727135
-12573206699
-12572938014
-12571402773
-13667718680
-14143135213
-12354282827
-12352701295
-11959496853
-11755829330
-11755196225
-10820510504
-11357635073
-11499030522
-12237273381
-11278034914
-12019388217
-12019136155
-12018743631
-12018642491
-11840675730
-11513048035
-12395142752
-12393679424
-12393543279
-12389148773
-12389146074
-12057564835
-12711649156
-12708582548
-12707223826
-13400409004
-13544647702
-13540391841
-13019288145
-12516780814
-13010043502
-13035335296
-13032587445
-13029955743
-13687629995
-13687072767
-13835916152
-15630987632
-16171981771
-18579640463
-18057276938
-17117720700
-17059710420
-16914075660
-17607086006
-17316114268
-17315173012
-17315082652
-17451866396
-18632346483
-18629042129
-18627989472
-18648387316
-18843827537
-18843737421
-18094537563
-18333736940
-18661130951
-17898697005
-18037936166
-18037042278
-18036340888
-18530991610
-18529741078
-18527687063
-18526924095
-19041521634
-19796879601
-19796859408
-20774086993
-20772865698
-20239964307
-20425596289
-20422478726
-20421706877
-20421400406
-20421269069
-20420980452
-19697576356
-19526478301
-20357034809
-20636316269
-20634981418
-20634731356
-19688085802
-18811061959
-18809812166
-19268834560
-18852086110
-18851678409
-19302474814
-20966959664
-20966131016
-20964932330
-21269530887
-21269523502
-21269277904
-21269017535
-21844070836
-21636864752
-21650908992
-22318148098
-22517971925
-23208417884
-22680634671
-22214423769
-22473034115
-23020544810
-23019342627
-23017968538
-23017553701
-23017351404
-23017325238
-23101682896
-23101135793
-23098689224
-22667416410
-22667043384
-22263373793
-21857141836
-21355971344
-21355415218
-21353969242
-19757222784
-19756399562
-19755752971
-20589880624
-19985820619
-19985509199
-19284892216
-19284469114
-19068364876
-19067185906
-19066943770
-19066781873
-19065433576
-18872306360
-17991322577
-17991319743
-17989633374
-17988944829
-18774759646
-18781913992
-18780827264
-18779099711
-18778865292
-18774069523
-19187523809
-19191555605
-20075821166
-20074588178
-20074562629
-18762902794
-18760643513
-18760409202
-18927483157
-18457942648
-18457874630
-17841172563
-17839115827
-16860102208
-16857064578
-16856944967
-16855027773
-16720867320
-16720257173
-16717228140
-16748163778
-16891365303
-16125545342
-16125498625
-16125199954
-15256197918
-13984619003
-13983381220
-12194536260
-10531945076
-11158114800
-13012022132
-13011457396
-13010374276
-13884832087
-14409268710
-14408953474
-14408620946
-13768715807
-13408242784
-11699937822
-11217132983
-11216410173
-11364894589
-12516424903
-12076097450
-12075402867
-12075240351
-12322788209
-13621740249
-14020839310
-14020278516
-14400135653
-14399864984
-14520944224
-14519677818
-14898985879
-14297032179
-14817559686
-14813797640
-14610883723
-14610811140
-14513908082
-13924925130
-13924855379
-13923348004
-13054723943
-13054637075
-13053848490
-12085498218
-12084804325
-12667308805
-14304699885
-14905854600
-14551113819
-14550245263
-14549115949
-16243683656
-16243576453
-16909735334
-16908429333
-18128625348
-18127209829
-18127207289
-18126095348
-17674796873
-17673254259
-17671174657
-18643974601
-18639703063
-18639524264
-18639310359
-18639073079
-18793685132
-17858562104
-17861182066
-17801280805
-17800095477
-17800060332
-17798934718
-18212910623
-16657690173
-16788434738
-16856463959
-15748622135
-15748434074
-15747475886
-15745994966
-14865889754
-13998693012
-13996690661
-12855474209
-14872762924
-14421117862
-14025181218
-14520384495
-15529374804
-15578276947
-15577672343
-14880272044
-15042614577
-15042579863
-15320735477
-14990365697
-14989903507
-15106831131
-16838815568
-16836961276
-15192325164
-15798790920
-15797720228
-15797258569
-15796702079
-16937835388
-16937826621
-16937518749
-16495710373
-17339626887
-17398831078
-17753357492
-17241115255
-17240183378
-16849618623
-17804007222
-17800788162
-17021697198
-17353852700
-17352547865
-17752860483
-18693947674
-19479138489
-20177270201
-20176853867
-20175830176
-19960158410
-19958795949
-19530857534
-19009974369
-19009205777
-19008471261
-18385925018
-18385762703
-18385718958
-18385594294
-17784102615
-17783921522
-17383132063
-17382938787
-17381734692
-17381233326
-17381064196
-17381052007
-17380096132
-17614191575
-17612920747
-19452025528
-18783188930
-18783166138
-18781316594
-17563412858
-15984394042
-15980514239
-15980693023
-15980311370
-15979062761
-15977771533
-15977767883
-15977246471
-17140330897
-17139235305
-17025669934
-17138761935
-16195783223
-15180547611
-16144830651
-17457482488
-17457255998
-17455017726
-17454602745
-17452046348
-17451772995
-16510405068
-16397414148
-16396121347
-14944971725
-13218740187
-13217920702
-13217567490
-13217348487
-14854279904
-14600266940
-14600143098
-14597693869
-15165768914
-15698817640
-14951558630
-15100779889
-15100582395
-16096318201
-15857492223
-15857415958
-15591625379
-16295678888
-16219893216
-17785777624
-17785722261
-17785656271
-18223220029
-18991937763
-18990735565
-18990355175
-19584428252
-19584219730
-20224830086
-21030488423
-21308634618
-21307490425
-21307485377
-21306867601
-21305135172
-21303860431
-22266974845
-22425602457
-21807996890
-22632565662
-22631920851
-23211759308
-23155009967
-23355486818
-23355418634
-24039324563
-24566179375
-24565797216
-24565640675
-24109675501
-26127505643
-25356990831
-25307316548
-25659272897
-26166998258
-26307731519
-26159620840
-26159237728
-26591641524
-26587092571
-26587064512
-26587055572
-26317378775
-26762596355
-26743261400
-26741941373
-26741723912
-27418367812
-27531572996
-27319108132
-27199371849
-27199312217
-27198428132
-26500369253
-26499062920
-26498915471
-26497146278
-26497108779
-26496482951
-24387257323
-24386676099
-24386136305
-24385953052
-24351629778
-24350898927
-25306263745
-24492742288
-24492712387
-25838620420
-25838440799
-26605027219
-26605016170
-27129812397
-27882252551
-28479226682
-28479121138
-28818583724
-28818490512
-28482027181
-28711861830
-28484292942
-28655690667
-28654301327
-28385378909
-28616927345
-29729142194
-29861610013
-29861584900
-29861092673
-29860351756
-28605821945
-27867862265
-28351575133
-28347005871
-27310536751
-27309633484
-27306232434
-27305782663
-28142997735
-28142602682
-28142373026
-28142026913
-26987619129
-26744246044
-27507804840
-27011989077
-27010504155
-27010008065
-27008506385
-27008237131
-27007536576
-27006969614
-29308647908
-29086098929
-28155730649
-26654170420
-26653835752
-26650600743
-25266020178
-25263624888
-24673718292
-23698943837
-23698356839
-23697968231
-21636229482
-21009189429
-19947672377
-19578861476
-19575480124
-17885670663
-17885633178
-17884795518
-18170603352
-18170347915
-18166092752
-18163084461
-18162625345
-18162180111
-17229287643
-18686799238
-18686229237
-21428098378
-21427203156
-19760268733
-20583272457
-20583124620
-20581599706
-20579210922
-20665196242
-19419671547
-17470228817
-17470217439
-16894250147
-17441531492
-17439285663
-17438656130
-17438207497
-16994556558
-16991903755
-16991288536
-16989963412
-17023838729
-16383775557
-16382019922
-17471306112
-17471133764
-18779110643
-18544041005
-18400014702
-18399155424
-18950472440
-19018859651
-19326131868
-20101870513
-20884888874
-20884887412
-19916766056
-18920598581
-18920004154
-18369328476
-18367462267
-19166079528
-21113611908
-19301077593
-19903863754
-20829673785
-20058989071
-21733392935
-21733013156
-22490640532
-21349533825
-21432059199
-21281345591
-21280925881
-21280706080
-21280266990
-21314594858
-21311981419
-22466671742
-22464497257
-22462179643
-23452248621
-23451870816
-24403779100
-23685215696
-23187059575
-23186811338
-23186146498
-22457821209
-22457077051
-22456238006
-22433694291
-22431502446
-22429722168
-22429368436
-22428182073
-22427143081
-22177176608
-22175473676
-22175436672
-22174584658
-22292585566
-22291526607
-23027270751
-22126689024
-22126256174
-22126192183
-20609466608
-20609420025
-20609129777
-19789452625
-20561966863
-20560949147
-20560457513
-20560047994
-20559531893
-20492589346
-20444308530
-19082395562
-19048915953
-19048241233
-19873506546
-19873102874
-19863678194
-19743307914
-19742565954
-19742314111
-21753950938
-21753073121
-22449180855
-22446860063
-21768141245
-21841090115
-21102592982
-19955036609
-19954217385
-19952446452
-18592176246
-18590524619
-18611767195
-18609246413
-18805405558
-18089194831
-18088225811
-19055636772
-19272744635
-19841864796
-19295032137
-19488109357
-19486184651
-20220269106
-20219782281
-19634056120
-19955881251
-19336205667
-21394411461
-21394058874
-20398292717
-20875470847
-20874795830
-20246189315
-19640997985
-19639957154
-19638876801
-20098181657
-19013154321
-18544999635
-19382569434
-19269946712
-20167427104
-19960950203
-19960395932
-20775816556
-20774604739
-21584940280
-21434005721
-21432883850
-21432514253
-21969869151
-21968708584
-21977720796
-21976944645
-23363175547
-23359872996
-23778702374
-25417860225
-25796994441
-25885843104
-27071684151
-27402715164
-27402101675
-27402032521
-27401799246
-25427009567
-25426430172
-25425892475
-24950720328
-25446747434
-25539662706
-25539494517
-25058747346
-25058651596
-24878985196
-24878715392
-24779948705
-24778073974
-24775737096
-25667437936
-25016673029
-25016295955
-25015316990
-24720893852
-24719560327
-24718630005
-25521982559
-23337253385
-23335939751
-21735037053
-21734724946
-23021517421
-23021029947
-23020817701
-23020705685
-23106948901
-23106170697
-22133052972
-21561090320
-23017219356
-23677480746
-22272449531
-22806543793
-21841635279
-21841629179
-21840419799
-21838317246
-21835106251
-21833983086
-21693955546
-20869260509
-20868276690
-22234356148
-22232541308
-22230657132
-23146119624
-23146109647
-22644723975
-22642211945
-21949200062
-21948809735
-21947631858
-21563077412
-21562732166
-22061344328
-22059272981
-22858038321
-23006131997
-23005745488
-21649303351
-21694487345
-21329325763
-21285702869
-22048672817
-22045732083
-22892078651
-22891784003
-22891034015
-22052703318
-22051083965
-21818629957
-21075592530
-21156708505
-21156289331
-20675980405
-21653493620
-21653302642
-21653021596
-21276605027
-21274194320
-21274073029
-21273642913
-21183468730
-19664360989
-20581667458
-20776273786
-21320084750
-21319676370
-20511682425
-20511353014
-17876776980
-17181157402
-16694897910
-17181862140
-16688035519
-16686045464
-16686001124
-16685701480
-16153966910
-17849979715
-17401140605
-17553820936
-18557924204
-18557780657
-18225803022
-17964154958
-17964037071
-17963902166
-17963845255
-17963644478
-17963305464
-17963194948
-17961967577
-17961898642
-17060491555
-17962513754
-17516767203
-17516294976
-18116745755
-18116549326
-18115041717
-19042192963
-18265926424
-18264752406
-18264723491
-18264514814
-18263187020
-18261689077
-18261658150
-18404790971
-19163047337
-19162760507
-19162579256
-17754459660
-17754190700
-17753523169
-17753274053
-18072909486
-18072624406
-18052007347
-18050936458
-18050721547
-18050604732
-17917713450
-17764613963
-17600550147
-17220680195
-17136003697
-17135926140
-17100237366
-17497628567
-16733294735
-16143304911
-16417761444
-17481079036
-17480582807
-17573698972
-17569315849
-17569092150
-17395360388
-17440397672
-17438961476
-21007010076
-21006812866
-21348140456
-21347466740
-21346833856
-20840302920
-20840011882
-22454676639
-22452188361
-22452073769
-23164633451
-24628604111
-24628528451
-25424729143
-24376958578
-24101771072
-24631171850
-24630928321
-25086953171
-25085284358
-25895182377
-26408870720
-25381047163
-25709312741
-25112687259
-23730614049
-22918518991
-22918368267
-22916495610
-22828022902
-22737008948
-22736584469
-22735648827
-22226687300
-22250608854
-22111499297
-20662708962
-20662557612
-19677716478
-19676756544
-19676062615
-19261114009
-19261085852
-17893273213
-17893243930
-17893017181
-18832668976
-18831099665
-18609989273
-16684471769
-18394828229
-18393113776
-18824450508
-18823935106
-18499108643
-18499061972
-20661694776
-20661532611
-20178656470
-20176832177
-20667140831
-20666005351
-19887009149
-19886796947
-20439529555
-20437924695
-20436620595
-20534331167
-20533993410
-20532455471
-20889958793
-20889889358
-20888359832
-20887740010
-19298270965
-19285225997
-19285191603
-19105167770
-18505125397
-18504959133
-18504828814
-18172133791
-16971706268
-16971012047
-17963236217
-17239410798
-17238969494
-17237841047
-17236803220
-17236589045
-17236297471
-17236198962
-17235700483
-17234240022
-17451001958
-15297834492
-15888328560
-15887717002
-18067493338
-18065127445
-18065060529
-18064611249
-18063977868
-18063145408
-18062670274
-18061379088
-18060356230
-18059282161
-17794743419
-16965138617
-15714630129
-15895871938
-15895078861
-15483461130
-15482552329
-15836493707
-15836311472
-14891785978
-13403978142
-12043363119
-11451424724
-11726056051
-11869077256
-11794854251
-10762532418
-11079653221
-10980663848
-10938091886
-10937089622
-13069385369
-13297871123
-13090924455
-13138442637
-13138280733
-13137764899
-13989778902
-13276555137
-13967725662
-13967114466
-13077645526
-13546185895
-13545919077
-13586380291
-12706133168
-12318273474
-12317548512
-12370588791
-12369400987
-13920578104
-13919188935
-14274886096
-14173578134
-14257910939
-14257753548
-14179799783
-14179776855
-13729839633
-12842478997
-12839903988
-13437192551
-13437059727
-12656039949
-12774056400
-12774029353
-12772847632
-12852650155
-12630863718
-12629285948
-14557511952
-14208925291
-14208533631
-14569375056
-14532662100
-15416172744
-15415785167
-16834407882
-16833648146
-16833640759
-17521429801
-17518088257
-18318129132
-18960612308
-18733439366
-18544593731
-18542929575
-18542403529
-17594333473
-17593487897
-17714647330
-16916148524
-16728564068
-16728434647
-16873260385
-16872258192
-17633328769
-18504952317
-18306165975
-19048936107
-19048931926
-19048459073
-17626187400
-17137829339
-17136791982
-16637180001
-16636433099
-16634864892
-16118334490
-15423306964
-15423141669
-13269492213
-13268721593
-13268531905
-13267501169
-14446412982
-14445430155
-14241005557
-14240667753
-14239331712
-13398335819
-13826393098
-13826223986
-13825718679
-14257606561
-14256873417
-13413615799
-13409774625
-13409452697
-13407648306
-14697970809
-15539770477
-15537277181
-15537128101
-13913275345
-13912536452
-13911977299
-12519079624
-12200442134
-13578677416
-13578365920
-13671798253
-13151928244
-13325143364
-13635221776
-13726415581
-13726104040
-12267340825
-12266773284
-12266455199
-12265284615
-11553912331
-10680553899
-9892557018
-9109189693
-9245268988
-9243545873
-9038332499
-9037923387
-9814167636
-9813350965
-9633546858
-8875257464
-9981953944
-9329692851
-9900944978
-9952543839
-9952220557
-9951185029
-9624595694
-9624455203
-10539399051
-10538501106
-10080592614
-10078940211
-10078898932
-10078426805
-12176732490
-11360017044
-11179293075
-12016798170
-11373192705
-12116495761
-13046724600
-13189032018
-13093001911
-14090125694
-14089432730
-15124784893
-15447098556
-16208734552
-16208324758
-15101704961
-15552332664
-15552106884
-15563410363
-15560501606
-15560493188
-15559811645
-14970066287
-13661047779
-13747675442
-13747663985
-13436924099
-13436549397
-13454504009
-13454481124
-12895947315
-12895505097
-13886067505
-14098521385
-14098513875
-14575505195
-14549839765
-14673238590
-14672854095
-14672756912
-13340443589
-13340246133
-13339483055
-13338862975
-13338847025
-13337051741
-13800724102
-9977233979
-9977175231
-9977171576
-11311223535
-11109464126
-10315193651
-10314917681
-11053333366
-11052666494
-11241183158
-11240441525
-11634378868
-11797887730
-11797100299
-11796674971
-10804707241
-10234498828
-10012182730
-9497791623
-9571868502
-9569991778
-9569382885
-10423396643
-10423237664
-10421922248
-9418106746
-9416845257
-9912271484
-9522332762
-9756088542
-10358831715
-10358171233
-10357793268
-11334387248
-10313568316
-10312712686
-11014127272
-10161572321
-10495016980
-10427799813
-10110359377
-10110102592
-10224046462
-10583355150
-11173947673
-10504891666
-10912657125
-10914355709
-10671866959
-10671065817
-10670938701
-9432582047
-9432543639
-8604286442
-8604046789
-8193575260
-8193155952
-6489355271
-6487692276
-7619358606
-7140226089
-7078381061
-6099578323
-6099292617
-6083153914
-5564540897
-5029439790
-6741587717
-6741466656
-6287663054
-6286886414
-5958262373
-5316571338
-5315579847
-5314647477
-5314365394
-5690472876
-5689356009
-5132307211
-5129846157
-2534301803
-2175313615
-2174424149
-5222618714
-5464479422
-3881759618
-3880420390
-3879875616
-3166650205
-3411259255
-3409815288
-3406584173
-2578248900
-2202112342
-2201735673
-2201487273
-613938839
-612749958
-641794531
-956703510
-1439146152
-1400203575
-1388285068
-1764047716
-1753207644
-1749323315
-2178742860
-2155940505
-1321094824
-1309681683
-1201614998
-982904584
-969277778
-1083817356
-980910803
-984769831
-987353818
-993262181
-988473675
-919526554
-907636730
-861669073
-1327462079
-1831175515
-1939795687
-1934958493
-1892395876
-1867479858
-1308357992
-1607150244
-1325759284
-1111233608
-359616215
-2181021010
-1762402604
-2129584319
-2100822518
-2080386359
-1939929607
-1924999531
-992721489
-960021612
-841801565
-975555660
-1136519819
-1088588498
-1339194918
-1210173132
-1013972253
-2543372835
-2520132140
-2495643174
-2478371402
-2378708085
-2481348475
-2480468384
-2714188968
-2881790465
-2881499535
-2979264659
-2971547554
-2668125366
-999592342
-592064732
-585256783
-977667962
-1701422924
-1650451287
-1588613183
-1569545589
-1504354430
-964681043
-875447118
-988022395
-1045048218
-987122764
-978709236
-974442818
-797772017
-576411249
-2164733870
-1702247181
-1607354757
-1606616676
-565427698
-2460249894
-1308470350
-1205012087
-1079050043
-994993177
-2624010799
-2542039819
-2547615607
-2536334721
-2535879728
-1813786535
-2127253645
-3019128972
-3450933368
-3101746720
-2318341953
-1925465799
-988561449
-640910736
-944264316
-916722739
-989740267
-1912707393
-1898250414
-1408634260
-1803476906
-2747255588
-2658862883
-2347616383
-2320017718
-2306994305
-1779380561
-982622118
-972099956
-1103204789
-1332217260
-1312645836
-1265273897
-1164849991
-931499802
-921990644
-816251049
-840326624
-837474712
-996523808
-2029426395
-2028315033
-1055257595
-720576746
-965642876
-1023192084
-986037585
-454989323
-957581657
-993743238
-948397252
-648597909
-921461138
-987146210
-1111517359
-1072862711
-1601575053
-1343549212
-1165959377
-797920511
-1596977853
-1544495627
-1767695636
-1429951751
-1283235444
-1203364611
-1908288478
-2152647081
-2286944377
-2122254577
-1983839625
-1971628683
-2261089025
-1934996242
-1468858048
-1411324617
-1588575088
-1583719435
-1889637054
-1907895408
-1889974803
-1436898882
-1429352465
-1404087702
-1376638313
-1230534746
-974097688
-969547381
-949281227
-1839239808
-1018590522
-1007104058
-1744434563
-1724177164
-807219901
126169953
-1269147728
-1009373079
-994055008
-993087750
-1715725531
-1486360897
-978038341
-999701710
-545512397
-934120576
-1657463112
-1756264108
-2023604544
-2006808522
-1998163529
-1988718756
-1942323830
-1910029049
-1897490029
-1128692171
-875703109
-989002411
-1424659015
-939851488
-935728503
-810907873
-953550116
-967984691
-857004196
-924167681
-905056313
-768842177
-2108599776
-2036884864
-1430151805
-1750948048
-3050050277
-2755126635
-2738777503
-2660521208
-2656446100
-1824874069
-1818720083
-2266614293
-1006201560
-1564719494
-3143661878
-1373422996
-1359516421
-1346316973
-1220293231
-1377370979
-1358995323
-1135014463
-1097320700
-1059310048
-1641772233
-2482762933
-2447344797
-2443401651
-1800464305
-793836721
-926773155
-762544175
-999246920
-971767348
-1684128434
-1657752889
-1604596625
-860161745
-1632457428
-961403808
-489108414
-22460046
-719396577
-713898455
-677829219
-1295997670
-1271389817
-927213309
-720399691
-899314235
-923089876
-941917169
-965952175
-1167402816
-821796086
-1156468864
-1042004906
-1857531907
-1943030643
-2521736292
-2513346710
-2863363128
-3193243405
-3180489801
-3166839652
-2888898298
-2865822570
-2845551305
-3070542376
-3060954142
-1980983924
-1965914808
-1333019986
-1322149748
-1299976332
-1107787379
-1090498247
-1064548139
-707583679
-965948506
-918555885
-807130936
-1174646911
-1127402966
-793463233
-990410919
-961294816
-900900038
-1893127089
-1875560335
-1793545180
-1737384235
-1881743669
-2302205549
-1359960364
-1545206907
-1249937548
-1243516867
-1445962027
-1067989313
-1048693130
-1047773860
-889532370
-913287409
-853248960
-948695046
-958819700
-1698256307
-1693147354
-1125689015
-1117953401
-1112128662
-2906782818
-2905859691
-2890690390
-2864069056
-2827970144
-1201098704
-2080311511
-1334155658
-953224452
-945643779
-1825043991
-1797287338
-2203310077
-2174646073
-2170068611
-2156829713
-2151759818
-2807217358
-2789758724
-3666944629
-3664222807
-3660727601
-3645777986
-3641380401
-3222450894
-3275205976
-2462628144
-2614270895
-3448443368
-3426330579
-3489097339
-3682843158
-5897211481
-5882423985
-5747633306
-5452899177
-3712310724
-4538089683
-5216180715
-5064542445
-6413239596
-6998535438
-6972377893
-6956814380
-6858620485
-6845046700
-6510624116
-5488615196
-5457511276
-5440124769
-6358865641
-6188414817
-6172454633
-6147357725
-6619527458
-6606130677
-6806432351
-8468230575
-8452323827
-9091280354
-9077419726
-9075476057
-10117518214
-10114422875
-10972856271
-10952364168
-8472824984
-8038611905
-8007220264
-8004241671
-7998127314
-8526666016
-8523465276
-8440425994
-7515660522
-6738093035
-6737042529
-7317271453
-7947218374
-7938295931
-7932269259
-10291754415
-8647117370
-9176599060
-9168968392
-9167173545
-7641377989
-6687048435
-6666621118
-7190230036
-7188062161
-7175921081
-7174916896
-7167618724
-7164583717
-7801220011
-9279469962
-9278621878
-9778039759
-9530997006
-9519870401
-9519031072
-9677112099
-9677054885
-9676712009
-10574435899
-10572805187
-10105915466
-10592726059
-9907620529
-10889299158
-10883646828
-10867547742
-10857445175
-11825795149
-11822687557
-11817309667
-11815283308
-11365520997
-10657798592
-11629884584
-10758051935
-10751548924
-9906798633
-9905575830
-9903599082
-9898107234
-8796730295
-8789591828
-8789107820
-8788426045
-8774108276
-8477263479
-8475331894
-8805670948
-8856241850
-8628890681
-8628142903
-8623073170
-8617095962
-8790353354
-8789954798
-8787119579
-10226051555
-9411053864
-8773606699
-8770775392
-8669184894
-9237588742
-9304283031
-9070665312
-8238520226
-8087807084
-7887214068
-7886571416
-7082489913
-7080531604
-7080267251
-8544534296
-8065723575
-8063115335
-8061746506
-8061262194
-8619511295
-8635597479
-8378659613
-7463300732
-7462284078
-7105889583
-7103617403
-6195947986
-6495321144
-6493012597
-7089394008
-7880593934
-6861999832
-6860051688
-6856260052
-6853554830
-6848667710
-5794095805
-5787661482
-5785935151
-7998692114
-8388628126
-8388343056
-8387189789
-9261042281
-9260458281
-8810721250
-8809497639
-9148684453
-9148269635
-9144799379
-8953881403
-8316695034
-8382864112
-7176324334
-7175806687
-7173520046
-6713982925
-6711279116
-7198575716
-7196824562
-4739376286
-2789432328
-1714132100
-1146107931
-1143545610
-1141655114
-1141264105
-885416000
-547447810
-508604428
-2040916258
-1214270096
-2035918736
-2812477092
-2436204805
-4417871033
-4500149936
-4990830396
-4987919680
-4983460171
-4981623055
-5511471023
-3852060372
-3847624561
-3847054665
-6295006005
-6294573771
-5512632591
-5483406054
-5419508995
-5409826285
-5407530474
-5548979046
-4666887510
-4181374038
-4475217860
-5106484360
-5566572869
-6634674988
-6575318514
-6572642637
-6830632069
-5590136258
-6256046460
-5828209231
-6717740178
-7680494029
-9890962328
-10638546083
-10627887485
-12188646610
-12250276677
-12215235549
-12316500151
-12311532028
-13413924712
-13325135757
-13287284211
-11826823870
-11478642922
-11137058196
-10171712185
-10170494086
-10449302539
-10582494432
-11377465743
-12409016844
-12348692473
-12348393411
-12321950332
-12302213056
-12258766333
-12254541266
-12250716048
-12940166143
-12918491850
-13590954432
-14052729659
-14023382221
-14051579664
-13451020003
-13966113095
-14963411379
-14936554477
-14486321559
-14485131690
-14480549057
-13882289287
-13831727358
-13827451590
-13891478863
-15099980999
-16011928287
-15760111965
-15482811249
-15482223370
-15477160394
-14959466543
-13038304610
-14068129600
-14095288640
-14782687217
-15707296246
-16307744360
-16667978740
-14842280780
-16271073265
-16267588555
-17630164645
-17629217657
-17626592027
-18907135664
-18646561453
-18643749308
-18643736764
-18641165286
-19684848633
-19341745102
-19265363238
-19263843978
-21583281371
-22043164558
-22041378732
-22034965892
-20533468901
-19800703522
-19287966133
-19281356061
-19808450700
-19959942911
-19959845962
-19955013159
-19953020405
-19815473528
-19814005577
-19936876895
-19935576974
-22129212926
-21836349211
-21833433968
-21832380188
-21830273843
-21828103186
-22008197669
-22008051519
-22007421942
-21146245628
-21141633473
-21140886656
-21633609322
-20640788424
-19267752569
-19455288699
-18929823145
-18295662465
-17579660327
-17579635989
-17579578783
-17579319339
-17691876375
-18654344128
-18654218228
-17768937544
-15744276713
-15739711375
-16425784942
-16424881645
-16423722304
-15513745814
-15513220501
-15510503043
-15508886545
-15508226708
-15834819548
-15658247286
-15658236577
-15657284728
-15655539579
-14391514318
-14287872515
-13520696733
-12529736898
-10114232149
-10113774752
-10658823723
-10749964367
-10102578515
-8232694349
-8228779113
-8224309918
-8220773208
-8762106842
-10461426614
-10459506241
-10458229180
-10455356735
-11298819834
-10567228492
-9841752452
-9410905921
-10278772730
-10679906922
-10272619910
-10271561445
-10312809992
-10312488462
-10310618922
-8616998039
-7711589831
-7711544041
-7709356235
-7779124633
-7778404902
-6162436125
-8101663425
-8101554892
-7201725795
-5286841144
-5285936962
-5284136403
-5280188357
-5280028670
-6318056569
-6314276602
-6312945431
-7139605525
-6352379566
-6350720096
-6349733395
-6349554596
-7155062072
-7154243377
-7154158784
-7480278598
-7479380874
-7475933026
-7469004918
-7467640046
-7466906177
-7947205617
-8253142508
-7153075808
-6217423903
-6210353057
-6208787817
-6205631046
-6832090547
-6827877972
-6827426774
-6827032769
-6826501040
-7080968217
-7700911493
-8397962032
-9731566817
-9731109051
-10030251399
-10027956333
-10027043809
-10025520903
-9960293242
-9957194071
-9957004319
-9957003106
-9953076541
-9247707978
-9246922924
-9609623472
-9666466698
-10031712194
-7130629707
-8082338458
-8081355045
-8080031651
-8076064933
-8075183687
-8073121471
-8784403559
-7301271156
-7873947780
-7320127338
-7320098107
-6857362022
-5473110424
-6226437599
-6225709532
-5510671752
-5510205960
-5507075513
-5504674251
-5661447477
-5661372129
-4085396372
-4083154574
-4082194810
-4081104953
-745314898
-1024440835
-955729522
-987494038
-2056086522
-1214057736
-1202982644
-736905819
-727626903
-990173799
-1319193493
-1804301524
-996110921
-1822977399
-1622450174
-1617363063
-2342753139
-2182287652
-2158636918
-3126851123
-3126691998
-4106844138
-4095134942
-4092307259
-4058747717
-3274107167
-3484126300
-3470938526
-3424507464
-3403029694
-3002760683
-2961608557
-2774979558
-2770264180
-2911980599
-2900502170
-2894982635
-3024792988
-2919006640
-3559181820
-3540930392
-4369272774
-3674695545
-2986338051
-3771002977
-3863584578
-3873829957
-5277016727
-5257464752
-4705985714
-5233534422
-4416726049
-5846787479
-5808724580
-5796597104
-5793622835
-4826685314
-4823633339
-7945019271
-6128197276
-6115907114
-5366830226
-3783111180
-3780980223
-2743183745
-2737272622
-2731516045
-2599759740
-2263901161
-2986838642
-2984481080
-2095819291
-2094101437
-1537295876
-1536116535
-1533998903
-1531726641
-2294378318
-2291442447
-2289764496
-1341912866
-636949599
-849250830
-613955922
-633193691
-2107325919
-1743995948
-891055088
-896345471
-735442041
-818748998
-1426528722
-1317554517
-1307140573
-1301273577
-1226094064
-1200211045
-1183389402
-2637700741
-2607045303
-2600473308
-2590100562
-2574427345
-1958192899
-2903367675
-2895401016
-2886112672
-2881442913
-2877406512
-3101410111
-3487015445
-3483098758
-2515752252
-2512294372
-2506937543
-2504198812
-2497136449
-3041654317
-3135532663
-3128154370
-2336155443
-2332067449
-2331768368
-2780965928
-2694858345
-2295020205
-2723613805
-3191017538
-3190140989
-3181400570
-3316369268
-2418435193
-1634690635
-1630597885
-1630517991
-881227394
-918913426
-899806399
-906901811
-888331084
-943602592
-987382590
-1170399380
-1122197558
-1317714164
-1315655892
-1302052951
-958771693
-944349669
-1065938649
-1056517971
-944119313
-995639469
-998826032
-1883013541
-1838827966
-1821062431
-1819155105
-1258295302
-1238098060
-1226130453
-1643301501
-2290905898
-2284478308
-3520808561
-3483661904
-3666847854
-3012566061
-3007955337
-2994857457
-2518869036
-2788112490
-4296308323
-3710843357
-4980493126
-4972560573
-5009705469
-5008657579
-5312104244
-4527261910
-4523694275
-5490970366
-5478381229
-5472859988
-5472140117
-5103691839
-6214408330
-6207289748
-6201100367
-5855943994
-6368544939
-6362976995
-6359181780
-6336252741
-5621445342
-4663933856
-3545808690
-3545734082
-2305433672
-2299934767
-2297504665
-1234733693
-1229424758
-715888472
-988131293
-3156731744
-3136811197
-5619684230
-6188415990
-5983006581
-5982274031
-5162897955
-5883244237
-5710180076
-5843760423
-5302077160
-6248817239
-5722851339
-5720137301
-5714027123
-4478809665
-4378117955
-6893232291
-7007658937
-6445931474
-6443195579
-6425994821
-7229387952
-8100235970
-6625569550
-6623268257
-6619180356
-6606463074
-5843453632
-5683901028
-6565270950
-8030242962
-8015541224
-8002851743
-8363198458
-8362318635
-11245210519
-11242202390
-10633352264
-11760054674
-11758294704
-11754554365
-11745959271
-11340203056
-11334271905
-11746233883
-12139685142
-12348823910
-12347997043
-12369692562
-11559988786
-12047722473
-13711701938
-13706077482
-13686547069
-13684549450
-14300016273
-13730446777
-13730402915
-14257822640
-14253834736
-15051362127
-14649164490
-14306821785
-14303949610
-15091985170
-14577071486
-14576785630
-14375314486
-14806678490
-14802945987
-14802086008
-13832079457
-13190526406
-14025895814
-14624247531
-15791658364
-15789715443
-14947727981
-15009873948
-13401536176
-13392534076
-13379138328
-13377927842
-11391106278
-11390013149
-11386388096
-11386126831
-11384028103
-10241356056
-9934999555
-10051127948
-10050293920
-10275691162
-10275654356
-9983086172
-9147518212
-10248453079
-7857349594
-7857214507
-7853172299
-7849266235
-7846406472
-7844390047
-9596982625
-9593956710
-9939904406
-10916910969
-10909891348
-10162488497
-9531552955
-9531552918
-9530128712
-8116175039
-6830245689
-7764602849
-7760136362
-8399849384
-8397871637
-9425841373
-9467152363
-9021724218
-8370651084
-9276561792
-9267420312
-9255438876
-10256308445
-10587511539
-10427942316
-10427292251
-11326137076
-11742978872
-11424375313
-11754667595
-12225047457
-12217566392
-12214006084
-12733702756
-12438077004
-11612513395
-11610851500
-10796101872
-10794520406
-10802069902
-10801585332
-10798616352
-10737352618
-10735166491
-10631900746
-10629513689
-10629158307
-10558316421
-10554519486
-10102408902
-10177106946
-11093668747
-12683355653
-12682527582
-14385607745
-14384052370
-15181626456
-15181431242
-15180939332
-15178714980
-16126990055
-16126510614
-16121870031
-15131828734
-15130782211
-15123491943
-15115396868
-14461874110
-14455474568
-13854770109
-13849515773
-13844037302
-13839566745
-12976453019
-13614653087
-13611668057
-13611158004
-13609953245
-13734328854
-14171762131
-14170445111
-14325325682
-14666240495
-14660192080
-14656097570
-13663897201
-14023217679
-13248293105
-13247751751
-14029610562
-13708615744
-16428800842
-15948674274
-15910512418
-15431586855
-15061301044
-14259963826
-14550003555
-14547806276
-16029997887
-16028862056
-15870994605
-15870732999
-15306232068
-15305447546
-14590670103
-15475705781
-15473599809
-15051525091
-15051514485
-14642983856
-14642188012
-14635590995
-16050743335
-16377584258
-16621677347
-16681991341
-16681122454
-17941261329
-18484607170
-18003142931
-17544914600
-17053207627
-17048640441
-17628958797
-17824122123
-17783647166
-16503083024
-16174995108
-16174569545
-16743081282
-16732867495
-16731372633
-16731176367
-17601577436
-18339704186
-17188868050
-18130559958
-18428623841
-18425930963
-18425159815
-18424466804
-18422243285
-18421889297
-18416898144
-19626070773
-20474577559
-20472299695
-20469020731
-20467923981
-20536235679
-20535635998
-20428468004
-20425691352
-20885951090
-20882545489
-20882419972
-20878744535
-21677905646
-23308751444
-23306536500
-23305427834
-23120312018
-23118661767
-23117229054
-23116289912
-23719153113
-23718113028
-24076357378
-24075020302
-23683047564
-23680875808
-23708057310
-23707873325
-24303191606
-25127335644
-25126446017
-25125660460
-25933279292
-25192019815
-25489421930
-25489277496
-25550257728
-26006345132
-27241724757
-27239673453
-27405019037
-27404819132
-28141813107
-28890161490
-28889428048
-28626410153
-28625406249
-28624388508
-28620346315
-28689166060
-29321138201
-29316648439
-29313536529
-28821190853
-29025145399
-28787135715
-28786980827
-27793450262
-27790904973
-27790394423
-28289246336
-29314604697
-29313520054
-28865379969
-28863841697
-28862470068
-27286065181
-27286040048
-26564011376
-25469788990
-25469565899
-26575882968
-26572662779
-26450044364
-27290019665
-27289534214
-26701172841
-27412212825
-27411893900
-27410595062
-27253580489
-28309965193
-28500767900
-29332388828
-29329689399
-29329632117
-29328789188
-29328633356
-29327302219
-29190886794
-29188728414
-29477788521
-28649564783
-27660917151
-27659808210
-27659004989
-27658275314
-25785725227
-25785169080
-26397638924
-26396337483
-26396312474
-26395658357
-27349030833
-27347475992
-27134371418
-27163669135
-25980038497
-25978546641
-26894239359
-26893384851
-24706701591
-25431374834
-25431013364
-26268627942
-26268604577
-25655253351
-25652184101
-26389168388
-26448975444
-28245942750
-28244977844
-28244529092
-29133828286
-29132288412
-28385077233
-27433505476
-27432853941
-27431427926
-27279043970
-27278394276
-27952693918
-27563410031
-27562890580
-27562730492
-28564193640
-28890695058
-27931707443
-27927210835
-27132627671
-26204540015
-26946136630
-26945759339
-26942998910
-26057911824
-26056415920
-26799684121
-26203847691
-26203749175
-25997378989
-25997352778
-25997219355
-25716419383
-25714249474
-26956929540
-26956823406
-27041684099
-28871980505
-28870997275
-28590497474
-28588930306
-28586884237
-27882402773
-28413411048
-29003771403
-28637177100
-28636849499
-28431041499
-28384208480
