0
0
0
0
0
3
1
0
2
14
8
9
0
9
0
12
0
9
10
0
9
9
1
9
0
0
9
0
0
2
0
4
0
0
9
2
9
9
2
0
9
0
0
0
0
0
0
3
0
9
10
0
2
0
9
14
9
9
0
9
9
1
33
0
9
9
0
38
0
9
9
0
22
3
35
9
0
9
9
9
1
9
29
9
33
0
0
9
0
9
9
3
9
9
0
0
9
0
9
9
9
0
0
9
9
0
9
58
9
9
0
9
9
38
22
9
0
58
0
0
0
38
3
64
4
1
0
9
35
2
9
3
47
0
0
35
51
9
9
9
35
0
55
9
69
0
2
9
3
9
0
9
9
0
0
81
9
9
9
9
9
9
9
9
0
0
0
0
2
9
0
9
84
0
3
89
9
0
65
9
9
9
9
0
90
58
9
1
9
0
3
9
1
9
9
0
2
0
1
0
9
9
9
0
9
9
2
4
9
99
9
100
9
4
9
93
0
110
0
9
121
0
0
9
9
0
9
3
68
2
0
68
9
9
0
0
9
2
0
0
0
9
9
9
0
0
9
0
0
9
0
113
0
0
9
4
0
9
104
0
0
0
0
9
0
2
9
0
9
9
0
0
3
9
0
9
9
9
4
9
0
124
