gowdjznuxxkcoitkzuoqvadyzdwhzhgduqsofuumccckstujfs
kzezgrjkllqfyfivgxrxljdffwjmjglrasostmvrshhwtdrtzi
ribdslmychuhvpooixdjqzmylzrpfblfcbidwdnnkgqxojnqct
nkwwdyliehfzmecjavkfgscbcnurghxfqmjsgmjxqqyokwdowr
yjntsvwssaierwknxzircpsqniwpzgkdhiwdhyboofdnnrddzo
fyxvsdekziaqlnduoaybahuftmmewqdjrhttvpsqwkdmsfdlsc
fkpowvjdsgwbguclbxnpjyebgzseslpyqskljnxzzdnoqdnpvb
dugsvkreradmvbompqnuaexysfyixdvcaeteayemzkhwtmcbcj
eiilmkoehthgwosasihrtppondqfymmkwvwprjkoznvtpnnylh
cqccbguzpmupwasettkzwdakflceiptzpgarxcjkzbxycrpxky
tassfmnaodrxngkjixsujslqjgutkyedfczyswuozahcnhqumd
nnuzbogdcrulhupuysbjhtrhsoutncfsgyinxqrxdlvrxfcpvo
eipznjvspadpwrqlsghqqabijyrqjrarkhycfpypupdrpptumy
mgacoguuhqbpqyihvenmllymhluewvrsozoachutuhtbodzdgz
rmwyuuzcaeyggmtsxfckizumufbdgwbtkkzswnjjxgzfnohuxc
zhkzcxtwndatmxblnzoecmzrtfpojrhppptdjvrfukyxxbtzjy
awknopzlrvlshxbbyypkgojkvekzessuagetbkwrneaefmsxzy
zvxlrkdoduuachpwztzmwzyjeajabbgqofessgcbxlkaufrjfa
dbaanhpfrbdwyxaofpokxongdnelnrcpetkotoqsvltvooooio
xmwlhfljbiawsjtmcjylkqnvgwpzacjsgkfrmaffwikjdhszpg
vkzkhzraufisxsorrxtvuehbernobletjsixmdprdcoebhkxvk
obponjdhilxdstnrhboatqdywfcrwfgthgwmchoplpnkdvaada
asmypyngmeogxhgkderyuebnwnibncsvafkyrztdymqfgtkrbp
lbiyzcgnzdrubbwrtueysgrykibyaacvydczvtjopnfxcvepmc
xvmzekqafearplubeprfbowzufjpcvxclhavgooqmgzfroklyp
ejtaxqijnwnogcjdcqlssmmegdzlimhchluvyonpvyjhebbmoe
gecvobbmwzgpivjogswutubbwfxjhhbxrzdvqskchvapjuwkwg
fwctufxhlvdmmybhxfdjuvxofrprsofwtzxtwgfdibqwygbelo
haddyhhbaubnllovwodvpsxaitengucaskgwnhwjwcmrioabnk
kaksunnnnqdhoncjshtsovtidmmiuzrrgtsivxyhbsmsrvkrzy
ogiuwhhtenrvowjalidgdqgeeyytnsxpcrelmdecyxtivqorws
gxyxuomvmmrvkscwqbmkvqyvmxpsjyyzvnegrxntqpuyxpgbev
okgdqfkwzdceqexuaatbgybeonskmolmceewdujgvqotpswxvt
lyouqsrzanlwpuyawfksnktydchxobbwddxjtflptnkhzjugzy
lclxgenocqhpunxpjheqqoyazaxmmfibwybhhsoozcrwauinij
fnnqlahhuftmxuphmeuxklsmjybquacyebncksfmduqtsfrmmg
grybzscnkynflhtdpbnbhqggmapamyegysswbanfrnzevrxqlb
lotcoodzqbtakayzozlcztldjfiexgpdvohlhgtmsaobhiemrn
prigucupteyprwsbjzxdfmvsnmfyfbxhkdapmooyspkfiehjzv
vhmcwmwpetvimjddhgmxegdkxjsljgebfcddnlrvliqdauogfy
uqpeobqdobyemznzpelxweeeagljhtthblgsiltreunmmlpdsl
owsyrpaoplpzvcyakvfnhbsgzqrvwjqdzwbevdontrwssavuli
pdwdjfqfqxxaikpzihjksyokqjojdiujsgvyhvxailtugevhvl
ehteehfktycriauulwwjvratbuwjobxefglsldtoabnpypfopi
cqpdtjszupdhkwvrvmjbdjmxphoqzzlvasgjvzxzvgjxiaoiqe
esbaknogibpejheqnvqunpfyfegfngqxthlbgvvhxslbqxmaww
otmhzconlazumrfpolgblecaudmobdzgpkbqfxwxspkaqhoqkt
pyklioxllkrgnskkltecwowhivjbyghhxzzctvucvfpcytngsm
kdhgtfvqahvvxlxzzxpbepahxeioumdaecugljgcfnrowqbbgc
