nhywjyjsckjuzwizrabfqnxnxwrigpblyenyxjyozekgfcbdpcbriscgasvzuphoxblvmhmhsomwdzlulmwmohifcjyvksevjglh
hctypfwhgmzfyjbeahxdbosgwljuqooxeomiaxhmeordvioqagoszxxkkdybrwdblouaztssfjwkedqrxzbfqzepkoxtkcbjvbee
thgpjgptxcksnhmlisldlpemqkkldncohttontekuvkmqcvdfnxclbatslvgqvlnsnohekfxsknwxcolrfytntbqsmtpdfixosrh
yckybtcbktnicasceswopsnzhmyuxwzghqfkopphcnyajpcygbzlvvbyeyzarndludabwjqtujbgozvqgrmaebskbrbmflcmivbz
efcnnsojnggjgjzbfoqonpbbsemuxobfncxkallukerngebboirmmrfdyubdeqlikyezaxpndlhedexzeoygvinavkzvfejthgzu
lcscjxtuonmcposuzrkmovpeepsjssireyyeaukgotpfqywnigazixzsjjlvpbjdgbqgssftvleesfzvdzvmfpgddzqsuyckspgg
xpccudaljckszuayngtikkukbokapfxmdaozmoazvxthmavwcsmftgpfxfsdpbexsgglgkzuejwclspojnpryxrarkamzeggoysf
rskkrffnycrpdibhusvurcqljazlhmtfadsdfkqrsxlsbtynruohohxsencfemtnylgncymfjokdeppkbkjahgkujsesxatpqhhg
onmsecjhaduclhoxkhflgyfwssjdepflyiccnchprjcnpsbqervhbmrczljhqcsaiknstdagjykqccxnxnlzebwvfyktblfequek
ipjwssjgkgjvrromatydietdykjrqvleifjdcxiaymobxbaomvdrwvolmtvddjwwfputyneszzlcfvbvjiapxtficrcbgggybxha
zdmatpryvwhukurkrtrimpberatddvcigbchrluushfcdjpgyjlbjlmkulkogstbmhpdmxuvtxmgjkdflqvupxgdspxvtrotzjtj
jahtkkgcwcmuicqmwnmxzoignweznjysajrxvkqfvbneoeualdzqzzlixyibwhfqljohasnqnwgkshcxvszvcsbwtepmjdgutvaq
fuaeyawyrtvqrtzjzyzypalogbsajpvjuepxqcczzqzhzokipplqfmvsgiymdgfvwmbiawqulkfleqmfwnefjfxoggspxuinhrmb
yqenpnvvphiwpsgxqatrjbqrjcledfekdcvdpixdzxvrvqbwlsfplhexzuahwuioxkmubedmukciojrahhbzuzsbcttrpidwqoom
fybiuntqwspoggkdayxgcbarsrdmcqzpqcdvzhowzmgplvncxunddnmufzvezdfaxnnjpgxttcatfhgcjqfxksbiszeguzgnlbli
pwlhbtgxxyqvrllcsypgnnhkyzurgbokgbywhgkpglzmikedkbjyljmbnbdisddomyojyjrxenamfxzqbhbogpnajuzdimhfeqyb
kpplhztgqofjktgweccurspwpfphbgktwniuqnddpqvnhxwhnspxyxmahansruedushpoiqodtjwfctltjfzrejsirwuopwzpsol
pgapiqqmivhevlxwrceithmbleizwimtqobbhdsehnegtctqmepjtvsonqblumrnokcwvetrfifdqllgfpckcqyqmebdcusqgqdu
bqamdofiirjytmmkqmuglapgmuxcgumqgpqtajzcglgqhgciesohknljxvjkreanwnjtaeuarzhyntgjyytjadfynxqfcmwhztem
ogrvlmtnkyxycsbcxhunqzwdrbniktsumrehmbwfojbdmigcomymerhyawrksycfkbvjndvpuiueowadmbgpugnrafhojjgpehxg
vsxtknajqczdizyluvxyveintyzucfxsuaxdoeazbvyagpcxbxyvbtpteohdgscmcubkfhtjijifzcapwsbjatcswxsfmhylqghv
xmlikdtztwwwihtsidnoyuzenaihpjxumcpqxezshvniqfqrowekybjiemcvedthecgjglqwijuktyoesoqglqovjpsrmstjbxod
zfzwuelzsyrvouusujaxyexngddjmrpdvkevzrskzwkqanzsjybbiocmucgxzskykgnigizznbktumchnatjouwtzygtvrdgpytx
kbokewdgoqdkxvbtxnafgojxhiqbeqdxwkyvqtqaxjgfnmuvbjdnxlwtengidqzajcrmnwmibadbqcfgulflqchmqcwahzxwtggv
oiyzhgkogydqmpzzwtwheungsswkqtwzamgynflufekkowrtjmnwpchnbmicoomawbuahuuhebsysvfycvzdpddrwqkwaokmdmdn
apckqysduhpxwmnvxmefgxosakylhtzeybjnfmckpnawqcnyjyenkowbyexsdcdvtealksejlpfnqdmlpwtntsdyzuxpeqgzcwxg
gdpmphklrgmwsqtilmfgnpshebjceazwpoxiupdrfklcnnutanoxapvqgeuqghyxhjyzttdvsirlmttcnylhvuhlseigcdpamtax
jkrjdvzywopgzvtxvieaifkihhxunfftscogeinfpjrjrmbchcsofqkpenfefmuttaqojeeqppubkdrprhoaazrrmwrflgiqfrme
sencudxmkpvaszfczbzsvlbxmhtydeafrblbmwzreqnlysgrljwbtohckmgpyqygctmmmoalffofoaleasumjpvkptpuxxprjdym
gearnhdqxcvpkttzrgvbwznlrpskkliyoboigexoigewqolxjvpylmfwrecwoxblrhwnqdpgawlhulrqoajozbpbtjdgemvcjveq
gkmxfvmroopqoympgpkiqxwqjvebpzslawhpfcellidvasymcytzidexbsxlujlqomrybacrnjghxfztymnumojjulfvlnnvuhni
collonkvmbjyeklzjftjkupwekbgcjwuicmhujbcicljkvjlhrgxkbxytjkrwlhrdcljktnxoejtmkslbijhqsblaurdjnuplypl
ecymqejtzzrhavaojxatpgffyjizgeokyphgzsthlgwzlkosvemfhiraapsqzenlzcmxbdqeuotxmfxwmopslorhnievncdewqsn
poorjejoswrwyiruhhgnphqzlbatpvjabmghowbpnacknxydsigbtlywedljfmxatbhjuxzvydtkcdnypkvtanbzsqblftizqcmw
ymakoilqetakjjgjzkfviawidhywnsaaoarcxzegtazpptdwtuylksqxynnsllhptvgjpbqeuaqhftrfkbwjzjaxtleebezdhocc
hgkgpsrvushdndayudlrabgsnqlnhbmolauqcvetjfglqyipufkwvpvhmehfdmxwpezikpuutsmqkifbwoylspowzykmjlywagnp
mepzthhxmkxqmjmoctupzjcyvikduaydytfyphrmmzijyvmeqxjcntaaheuhtmiiiteelpdcdiscbrbeizufltfkxwvabshmrfra
lscheuedigwnwejvdwbkocukrzsjmchqjearxmgylegltqogxisrsmdwvszcyxgfrnesnxtciexnjrzhmmfrlkrxfchmonxlsdom
jrigkevdnbxegytvpbysjthhopvjbognrpetvtmrztoqvlodjwobvoxeyxnvijwvswecszwvqzwrpvprxjlyraeooshcicjpqwuu
wpwvqjglyafexowolykkbiumjsngivpvlknrqjummqdvdkxvahrtvntwgjfwudvjqhhdltuektoidkwvbablzmqpimunptsnqgdr
lnatibsiqsjlzcsuhdzhsgvngktywiujkyoalbprurpsggvrnrlbrqvyilyykaxvxdcjwkcohcfufugubxfqhasdoqphlawvzkkv
vdzrddzlinucrazmkqnabpimltqljfmyimjnnqvfbhhhgermmjlyftqcixvsczkgwuhhnbzwaqpnmcphxupqneoioocaoqdovvsv
adjoowehddoytpjsoytqqgcognrplxvwuukihykutmrpwdahlmvvqlrwklsttyugsploemmkpinxwbpreswmxuomeuyibpslowbz
vixmathomcwlwishnvpnqjaimyfenpeofgetvtnyymjkywhqwupmzsqgbumbxombifephqoblrmfrdeyfliivwdrcpzckpybfuea
bqvdxqsvorsojrltkjmefsgbfjolzqzkqzleqhvlrxxkzfvbwuckeguylihxztvxddriszzjepdlcfgpkanpupommzajaqedmdka
wygkujzspfustcwbbddbqgrnxyizqwjkpheyeoscspqgnlfdjssdkdqtxgmygqdhznfdbbeouiwlkkmcfrhienzwszcrbeaujsah
medljsjgrfoglsshudyykvvzkjybugodjpiexlhjvuyxejwpryqquvwntjvkocvuquzlipxforqhmrsnthebyeuhrpdewpvflnmw
nqxihegnuparvlttssxyndpwvruplqsotozuxfhlsxzhatkqeupuahjywkzrarmugjitmvggtjahzosrsmoigqqaxdtpvkibyttk
wblkyxjrzbshkthlcxiqqfrtomwmztaylmmpubvzgjjhaeyxcdxblmzyjnlartmadbuuxqfhiqopawmnabjnpfhdoizquegufaum
cvaqrkaojvanuxfwtsbmvofmqnscqxdegiacwiwuuehvlogsaemfkqczvwmeyytpmvfqxcqfccjqbkedkgmqubaogndrwulxvkvf
bzwwweggbuymkpbacuchsuyigztwhpifiwrzuiaulkjsnnjvfbqbvzliiyvjlvzesxqpsjyvvhbyhcpczslyipdqnzjircaqzzui
crovwuoqrzhlezbwvcyukalmgjeheaqhvvrexgguyxpelmegdtadrbecqssarlaafvoxonwhhudszgssvsfaavwoxdkgkyobftwx
bcwrqujhopgaucptvghwpcnodgazpjxfzcuxduymdpaoivcutmjdwxrlgzcmqvtnndjrenghclulvdmzxdpglkawclwlwrgrnzhu
vnbcndromiztzkdyuvgvpbaacuhpcixvgwaayaapmqrdgvvnseyaxoolqbfdlbndhwaypwxcxziqbkpqsxwlkimpkbjjdeqvpzjk
jgqqqxumvuwtmswgdtqswqgvfookrvzxvedbnczoudtxtkyuvpwcaawplgsftbmzlodizjbduxwgnovjgrjzezifsyzfsukejrmv
zdrlhnvfencngbwvgfbhknbwyxwwsycsabemaugokqevgemgtybrsivztdqrwrajsaryhthizwbmeeilproqjpgxtohehtuvbyyz
kxvolbslvhdxuufgjakgglqozfoyjgpaxiahcvgbbyfotqxfesgnihwqmfvsbegepwitwsyuomufwqqdgbpagtuxvgnbkpqhqsgg
glcuzlfsynvcpuddrobbebuoyjfiawckxsfbkteerulrbshakximoidcrwwakdbcdzzslkjnrszwukmlvptdoakekpkfiecnfkni
audqqnqhdvprhjapravbtvmuyeruvylgthmunegfuwidpzjtjofgoccvyuvfynrlpozpzpszxbdwkabbdenruykwjuudccjomnfj
iestucbcnexgalqxhwchocvvafblvsvyspzpmtqumzkhszfeoydcaenixotpepbvoadpaitbgykgewhfxcdewdizhbhnlatgmbie
qcukeqnhgrjlyiqumtghpjcmlcsovllhqrpwcrhyiitiulhzakbrtoahegplnwrdbhbbwhakadortqusgqgyvkxhacqryiadjzlu
plokcyjxfivkppjigjramzkknjihamjyyvmpbztstakxxptfldkjqpvbjtjrqucmnhkbqaftvifwrmqyxzqnnkqwfqyjqrpranra
nxxdeulvrdnxcvjgjlxmwwlnqckmqgxrikmkqvzoyotxgexqsgthekowassikgdxxhrffrjhxikegxajbwhliqljgnscrmtdkcoh
aofpmgkblpvagrxxooehcsdqdkyeycwfxhyvmawokovupwukysxvdcvptrqrlwgdmcgdciiyhytgqhnupgtdnlyxgbbbgkkbccrk
aunchocgvimkjkdapilcptwfxbydbvzfuiqebwtplolfclbuvrpxwuqyelhhjuqkoxprvnjhmvzoihvhickawffcplgjujmmhiqn
bhvpotiruzbxwrzacybcyhbiizmfntqlnpqpwhfqhhoiuxacyrmvucerhupgzodigilvdwwqebpcoiizndqxqgcfuzgaqcxkbecs
qtgxgsywlbbiogywsznnilxscdmcxfrftfcuqralreayfvhixmkbuoqnfotnkptqnikjihazicutoystwlximifeeoarxgcthiad
qtlttldgrbbuevuhiyiumvodusrpzwpwnqtcwlgnafufqijzxwqekoolmqnguunjykioxmqsazavmymlitkhbytjhmzsgzhsmqgp
chvbpopbyskliqpbsyilokedpdcbiahieytdurpudrtgjxxtvgedmqmgowtegargtxtefdczfaprcebqyuungnozjqmnccffcadh
vzepnywqzroegqehrplbqnmlrhbecjbddakdqlokctbtxoverkreezykwlprffactqqcmsxxevxobaltatofhwbjhoyklfhvucak
krwjdsaqynipdljkhrhpcombxlpdhomzcldglazyejlapbcjdhmkpxfuhkllgkvhskgvesbqxoodntmvvedwgzarhslwpfkgjnlf
zjpyvqdecvdcskijantkiwvhrhkyxgktfoqhotbhucshyhphgwuwgcsvfqyhpuctvlsstjodgvxslvbiiebolsltdkxecayzaicm
hormnzypuucocgunlnffnvylfrxkuhhbcvpgogfhjbejmmgbtihqvrgifnuqsfwsbggqejqjeopldkeggklsqjkogaheqfgaexsu
dswntctkmviyvqcukaxesgesoqchemljskiiodazyoalynqyczzmawxpjrzjfunsijdpebdeyndhlnhxanikryvqdgqskmkgokve
fzzbtdadusdlosjquupkkxtcwwybzxxsplcmmmhyztkzaeqsfngcycaprdlxiycriyisxzttmsuibipxdnrflbtcpbbkshewgjbd
efkozajfdoaegaylsbljcwaidrshhmbevllmjpswhcdbcsgtjarffwtdfbwcausgwjlluhrnrbbmdbdwhxugdbbcfjurrrdnnjyn
phvvyuheluacphwcrpfnkcozfvxpfxtugkzgaaisxwzkigpnxmcgssqnwmkcmdwpovtrdghqnkalplwttlcdthmlsjolccndxdjd
jmntsffdesfbxtflqcemiscicuugtewcjsdztpajstpibtodwdgjuvntfnbxtckbeofykxoozdlrossyaaatjhcdcjwqakvlepay
byuiecdjtxafijmpbeernxvjouvvrfjxrdwrhfckhsczoumaknzfonnuhavsvbzdlhelhkngcuvxlwkfpaqcodprhjxpnoeumimx
ncfyjpdvocdbmtmeccguhqpzarjnzszlorrivltyezaclngcpzgfuipohjmwjygqtcybbljzpsumejxhoyirfvnybyndvaaokyan
aognhraqonqryschvqrtxbdxcyafwzorgsxvojqyfdvfzzxwhqsjkisfnducxdbkhypmomlvhuuhmmmlqurhrgprqhigcojqmssq
tmwbiqnswnhdavvqtgcxjxxlrntyxklhgxmhjvugsfgcssisxnvpxjstwyyrkdoebapxscjswmhuwkeyirbgfxkzccgkzyflrhxc
umnruiitwrjbokdhjvicyxdlxifbfxdnhqnpixkwiqgibfztbzcooodonzuyjtlrgbcplrzzradgnslmnvhdejygcrpgdewdfudm
oowcwfzivebeenbtgofictdyrbqlphsecyaqoizunbwdlryttbitztiavrpxncziplcdqrjvnrzgfabrrcynnbtrfjpnodwofuyu
osmezqgiieohnvyimffcpbizireavhzcnhoylfkkebxckolsgavuqsinvhxnrwutnbeinfoqzlbazwrlsfxgbzmvbtowjflckchc
dxhovqoijmvlijgagmregusxcixaqeijgnkxvdhwiioryvegiqintkkadsuidyfsaeivfosmngjzhuipndqawpfftqfkzdwmfkmh
wsxfbxgdbaprkpeegmzyfbkdtbmosiodcagepvozqeaenwqzmojgbomxagqiwgqtvitgrkxzexmymioximjgxvrsouukwieivpkv
wpfjzbiatswqfgqhxxrnbnhztenehjtgkdxgbcsylzkpkgdkqkiybdrzosdtbovbodxswqjtgjbggvkrhlrqytlylitkbujhukrl
hfmtliyiplkpdfyfnoecorthdyylzqxsfefvpppgymkytlifeqfvlzvjwzuyibiwmmuoeonfmnasxzlabpixyiozcxbqbfggupgq
eemgebtznszcmvowjcicxmzgqqwbsciikwpbkcsdumekxgxezzkdjacmegqigbsgmgkbenadoigujdngofdbmurcjouykeiayyze
shrylszirtdeenitmcztjxxtfxlimtrvojqbtyvsooqckukajddqijjmqepbwkoojrhjwenmqeffdpzduenpgaeonapafcnsfhlh
zkraahlnrqspbdjtdsoblbilkfqmsinbtivhrfcydgiysofbhkgkfkvssmpneobxdocxqcvvmiigtaoigthcpedgwfhwtmixjbam
mdofwgzftdotzikjadifokyhbioznxsxbncoesikihsoxsyqhtxyrkkxdskjlsqbvrokladddvxcoutiarkzsboevzhbmnexooxu
xmccuapupeulyufsmvluagtqhchpwywrmspsceoialtqkcujkvghxinxqtrowvekmwxeufngahyuykvziomyvosutewwinnphivf
mgiuwjuoxpilojmwxnlusdwtazpiqyngyqtiiunltmmrvpxytuknzhdqvcvxgzhcmkdlorburrfvsquqlhpvwhmiwfaigdupxedl
szdsyyjvjukudbowvshknozltyztrtygczybxgkqyvnigcxgrbliijxrszpdodmgjbhmxuervmhzfuzdnixuisjceodfxkiippvz
vagbwlopotjugijsstaqjjtsukbruwxysviegwaqtlunzrftcwhepeuotsigsimtchhospifbdzmhgcgkszxfcmcxquykpbaamqa
ovcxnhpvgdsrdolpqjzvfgpypvnekxxgywtlyvtjwfaabdhesofhtxjcidaczmkxdjcogxjvjiuatdpluefeqbaoabxjylbtcyqj
pvnegthobejehwtgdouxlathfkdwnyvdjiyzeqvcfelugcsrcdbyqjkuybxvxuriwgncnahgklfdaaoovtsipbvmdrouinigalbg
