18888
18319
18784
19949
19837
19827
18495
19574
16987
19119
18384
19266
14901
18842
19181
19683
19813
19065
18955
19999
16632
16326
18569
18157
18722
18054
19096
18669
15531
19585
19047
18553
19489
18363
19086
19734
19864
18287
14792
17681
18210
19403
18035
17720
18069
17391
17252
17267
15091
16659
17504
14269
18491
18750
19712
14903
18263
15698
17282
15273
15326
16407
14672
16236
17858
17464
16374
15567
17227
15032
14978
14953
16444
17947
16213
19914
15462
19246
14820
13205
16571
17982
14289
13041
14682
14031
14877
13800
18291
13872
13304
16146
19201
13721
17085
11753
18541
15443
15349
14645
18156
13672
15475
15055
13911
12446
16930
9909
12455
15481
12288
14179
12474
14882
9108
10931
17785
14278
14056
9048
13273
16453
12607
18622
10186
11449
12829
15130
13400
13523
14030
10755
16630
17864
10343
16828
11625
13137
12592
13362
7543
11925
12479
12445
12956
12340
12174
13719
14942
11082
8885
13077
13589
11531
11764
11698
10416
12975
12250
13662
16105
15853
7979
11600
7890
8503
13029
12264
13254
12895
10231
11994
9467
11418
11735
7818
10595
14811
10383
14313
13185
10672
9356
9995
9067
9917
8373
9106
13851
12379
11719
13773
12323
7149
10674
6049
12224
8335
7617
7635
