991463
968185
842148
953802
960014
961572
914646
956842
965472
925389
898578
961037
965749
835024
967812
978967
954175
948769
980047
982992
940225
999604
852553
994145
953012
931735
930181
964575
948229
984231
996602
914825
954573
895748
966313
922934
975495
969509
976337
834998
986954
947335
875670
943526
906849
900097
937530
974847
972090
847232
969269
951581
953390
922983
933603
948054
889847
921632
904840
819917
813095
856000
959629
869515
919775
925895
991518
922356
947126
909227
970606
967743
887045
823894
957262
895900
962375
924306
960876
816567
816181
999146
948704
997891
860655
887213
809483
849344
848221
941930
903928
903921
745273
865404
939976
885146
800382
855516
797626
905496
942853
993977
844701
968666
823318
911835
966540
930934
850236
784263
812500
903230
901606
859993
985433
921110
832347
938217
804896
881232
965774
832560
777660
926386
814562
889423
999642
711874
774533
878186
895537
866983
821843
715938
748198
940477
855418
987548
788838
824352
972149
725645
787167
917179
844279
920778
906213
892516
896623
781747
965213
701183
787068
825268
814318
771416
951004
796862
840323
772556
802519
842350
738244
761107
785077
787242
745039
880011
827127
752205
796602
715116
780726
861165
755917
921415
763079
814408
853697
859134
769155
676591
785257
730184
870317
766228
831272
771842
697434
831275
918019
769342
833327
736911
622547
842124
764002
830668
747111
811535
781740
741991
775356
742865
722452
774983
879076
838439
773518
808738
736806
769409
833507
678012
687777
813918
827270
805172
730934
773510
847629
745639
857287
615800
760057
759980
696356
729646
693203
770189
836148
853975
791698
697172
838178
759892
816615
761734
775203
770829
762084
746318
735417
905310
689014
836253
775407
646761
769649
687711
696781
715759
782756
663422
713284
657419
804737
810010
753916
788511
615631
693582
581183
614095
747385
687503
672787
851102
612445
625553
823462
709505
715637
766969
744549
759769
743794
574249
674659
761729
818325
753937
719032
598453
665473
609352
776843
638604
702857
767267
725127
769857
790994
549711
736285
675259
803973
725054
715881
750515
609166
714643
672602
713693
707614
660495
693375
751878
691371
686055
681958
642536
748024
658086
629146
730564
697742
670147
609856
721862
707674
591189
643092
579498
504449
648767
563512
676885
687169
545073
527232
678697
527103
639212
692115
626777
571888
498775
706616
544892
693581
654994
453530
691512
679336
688136
646011
609097
535751
575447
691284
561148
619126
610568
669415
487059
616303
652405
705195
683243
484981
632008
671677
475565
608325
615371
697518
714202
661589
673819
655459
433876
604517
642262
586293
619825
537576
539727
678688
594888
551044
619889
549223
677048
568943
442004
666700
621815
670341
558024
483695
633571
529430
603619
639086
573652
636561
606678
675891
542231
563188
601766
560299
558451
631323
571523
600226
540771
561538
513339
399541
536831
568726
497232
533036
447447
569824
514518
571162
538924
534898
397088
619644
523508
570523
431033
650381
480433
618024
478899
554734
599637
695239
652468
619333
554248
603564
547142
408054
532922
603048
545199
440692
515118
609282
658378
421607
467233
497263
634353
598279
601827
528863
546036
639394
507057
556269
366975
531471
525136
610019
367781
379091
340749
518320
536520
515616
410655
328966
542181
346244
599780
549954
609930
607895
515453
507732
326622
468257
440316
339275
520789
494427
492987
524587
531964
477859
502566
334247
496572
440479
477955
514379
486233
424145
590396
510826
522883
497240
511655
548381
452801
413287
559821
464937
472530
531522
431814
428142
435524
523176
317295
470652
584343
359524
507357
449698
580176
525975
434357
477027
539087
372824
487684
587552
460729
336195
396657
358663
553409
237927
382652
446609
455181
311047
279572
334219
449084
222745
426155
381399
508618
458631
404091
480857
99367
465800
423610
400780
442876
357226
424750
511580
401156
461983
184398
294243
510398
331380
327257
545847
414862
321545
503358
492933
370523
429734
276762
384031
431594
318821
335161
353988
235993
451174
466821
354007
503297
394082
326242
452419
423806
409240
212119
450353
357365
283231
364015
361909
287733
294443
283236
393457
370067
227920
360305
460955
466320
427239
57545
335880
276410
331837
399962
198810
257773
324664
432976
155475
421088
314217
463481
477225
303174
382817
374706
298323
420168
283292
399072
308523
258979
311034
344235
321940
285180
515025
250580
400309
366788
421682
340959
449171
227213
464525
145491
358915
329100
259222
341434
307256
158758
19800
162836
227738
376038
230964
315591
409260
256205
377943
258154
392094
348387
258312
196274
255707
306330
220742
248723
263969
341527
460399
300561
351044
459973
297174
272417
345615
376705
141992
334061
227503
291118
370779
203313
359552
325381
328359
251170
240973
285694
200979
327300
317920
123425
282970
271318
87844
279187
304179
291422
48825
36333
295955
202397
202410
118018
295943
336992
276384
228699
265816
243361
326527
27969
253143
200564
154754
165622
243525
137980
166787
203720
267447
198015
270709
225920
162631
217574
388335
228029
153758
177245
165187
187857
132329
221115
270394
268298
77741
178962
227034
268985
162591
223091
120266
71092
111735
125171
166090
191739
205896
119015
143350
147940
147771
275259
227533
286169
141708
71498
218075
225395
409366
250130
158087
149829
152453
41813
27980
167364
125490
64284
185388
70998
43215
226176
116185
93218
163825
69709
151217
62088
128350
153432
278233
236056
118401
302597
222572
143465
193249
111028
90317
214473
25782
1925
139199
36784
251096
133910
22716
151660
52814
148894
248608
150617
85554
78570
128119
213556
196107
118917
None
73192
21820
163864
47925
201453
195575
13962
140177
44768
None
141701
80992
93026
21
155766
20294
110145
48106
157235
16844
82010
21036
107705
None
66273
141599
69275
None
None
193426
149466
None
293455
109800
4542
73713
246990
None
2110
108603
94459
318582
28038
38168
15315
None
None
1304
None
212332
None
None
27011
None
95033
129787
None
24293
176178
None
7281
None
None
None
26357
83681
281777
None
104135
58184
58460
19385
86166
62382
137421
50645
13824
62734
111399
None
None
None
7545
None
None
65714
None
105183
134474
62118
220610
138141
3574
None
None
76716
None
None
None
54330
11982
5882
None
70395
None
None
None
None
18745
None
None
None
None
2665
43773
None
None
None
None
None
52254
None
None
104105
None
128505
None
1633
None
None
None
None
11868
None
None
None
None
None
32849
None
23962
None
42739
None
None
90144
None
93217
None
98880
None
None
116956
19247
73968
None
69250
None
None
None
None
None
None
None
None
None
None
None
None
43318
None
None
None
None
None
None
None
None
None
None
None
None
None
None
None
None
None
None
None
None
None
None
None
None
None
