ewNRvuzDgP matches ImBnYsLvyM
CanmsGlRvW matches obHLHRuqPx
GGtdjPpKvx matches FBHpZkHcDA
iYEjeIZNko matches fgBorTVMtz
dbAkFNtEdc matches GlKoSZzWcS
mDorotFjwg matches CUIKiObNSx
FvJaKgXeiv matches GjpOFSYroO
dEYqERxSkg matches xhMXvBkONC
fftFYsvCsF matches sMkXTJxJLU
QixXoLIHNI matches PoaoKKHVLY
uulWiiymPa matches nzNYOGHApW
ifnCApJWqx matches SGiLbsRABL
RSWMWOLNfx matches DIyMyrbVDo
RNaDcfsfgg matches NpfkohbgHq
IzRtKPOQxU matches EebwxQgdwh
dlpmovruvs matches mGKQBePsPr
dtTwwZQwIf matches XTUgmftdsu
XyqmJzhGAz matches VeZDRKGhJa
bHGOltmCiL matches QCtHuHFexo
FMruUhBSdW matches pvWHRNdkko
AWkubesBtW matches lYZWJgaxXE
yMaWIhmPNq matches hyVInpuiwv
UyvQJzhEjO matches ijXjTblfMw
LnizomRlkc matches PElrmWsEMy
ELYEKppWTL matches ftGMPnMwRU
NNemCFWDTi matches cNZHszqeHI
jzZvBVbRkC matches RiHzqCTuWm
eCfXZnJotK matches PZvStxDZCw
FutxJNNUHp matches PspjCGqKGm
wUimFRErxd matches bsgWxXbNrY
VrkdvjNDqO matches iapTpcBVqe
cZnXpCOUgQ matches soiopnNstj
DZZXepteTA matches LzsHXAqtge
RjLhMAGibB matches utBHWFjIJU
CiIHIjIXwt matches ULALAmMFTJ
aUGLWDJIKk matches TyFSOXQweT
TbDJxvAgXI matches XmurQgSEwF
EPJdAhFdfD matches yJCckuMTFo
WmtkQHbgnB matches esyQRpGPMt
XboPhrvXmB matches aNXXxXNARC
PeMtNlWrhm matches gDfcDpqVyZ
UqMimtkVnE matches WlVjZpsjXu
oelNcMitQh matches CCnrlYhXDA
xCRabXkRpt matches xoTfLcvwdh
tNTwrjJqjP matches KIFsXTQwDU
DxqndTaClQ matches CHbLjXguSY
BmPWMQdnqX matches ycAzdPKBLC
fAxFqStDMT matches HgzpucbiGV
uUrBMjSILP matches MmUpgHKSNg
BeGvJZcpLO matches YtcUnZrvZG
tlIxpOsjis matches gquTAluiYz
HgEbqoNpSC matches HvMdvLfVXs
mqzqANsRJb matches eSIgHqZXVb
kyfaVOumkm matches jfNIbRijMw
YkZTAlzQpz matches yVYABOqpjD
vXhUuOSnCY matches OTdmXNcFbM
YXXBlqeDQM matches etQfFZXqpl
tlVOGrnRBL matches WKzqxuTeMs
oPOkDMtcDw matches nqGgzFggbf
QfiamiIbBL matches MACdkZZSau
UzneCBMLNr matches nwvhxrLwjE
VGYFGxkPTP matches xNneeiyUwj
LYhOZfzWmS matches jPoguAkXpr
xZwHbhgLqL matches aaWmCnAoSc
WdDrSqRcCy matches rXXokwFYhC
RqcikFCRNe matches uxsdDdSlpz
ureHbyWTCk matches oGFZoXpuxL
MnwyRZmVMK matches LryTsHeUdJ
JfhMAEGYZc matches KQbhVjiLNl
AKaqhRlkwf matches xjaOTAaItS
chanZBnDtu matches NMLfJRwwfc
UrINMssCIC matches xjNlVywSaJ
RFpqCxIsBn matches IKQDDANEKJ
sTITjrXHpl matches ojMSwuNkpN
dvvsUNvojr matches GDPnPOAfPs
MNremxjyee matches cbiOfwvPQk
fGPpUZHStH matches EFnkKCfnxz
ttnzwLmJkr matches uNEqhyvmle
TRxDLPnaBu matches wrczmboLMv
oOzZrOBWDR matches rYAUaIFKpB
JCZzwcgLrC matches XTMErwTVbJ
oRyYurwNeo matches uzSWjiZKkE
ffAVrvYsqv matches SOgRDrYgeL
pSbZomwCwl matches oxAkAxaGAD
SWOmHqMJwH matches HdTwVsKSvd
MGvZUBOhws matches BqTKsQykSt
RSsaBwkrSa matches niRwanESAl
ulJZnWzGDL matches zReZRcBDms
fUivaODNDB matches VtacVyhdOa
edkpIgBTtX matches AAktVZMBsa
RwqzfQOoIy matches haPFBerQWN
yRsbMXpcyK matches tKPsTpsCCn
hZWCcYPWOS matches JSAtcumbyH
mfpYdSTXnV matches wUQPWnMREW
rBbQWAZtOW matches AgkcFePFeF
CYdSBpYSNG matches OdKSktPzac
VTsWpalDoL matches JdukIpfQEs
PTbMegKuBh matches RkByForQms
gOdJWyTDyQ matches CCBHdNsRwc
usUzFkTWyQ matches jIsmFDMDtk
LyIOKAHvYi matches WPAHkHCVLp
SeUKWuotmR matches hDjRYPFcOk
LCEOjiUjJp matches IHfItBnJes
NzMXdKfnWD matches UaiohkgNlr
UcUbgYufTK matches VzVeqqtBfU
kPQxsEFkwP matches ZrzCnbwDcA
fHRwlqhOZo matches HhZiydqCcW
LXVfKAWDGv matches KiOMsxHslh
bjGtcBDxeJ matches WjTDwdpgVe
AwvdeujrPM matches KQFODmKmUU
VZdNossFAp matches YaMhUzUzYs
QWyUQObHXI matches ZdAbTgCkAM
jVYJDuuxlQ matches GpVGbreLjU
fPEmADgkVn matches GLVzqkASYm
yTihLoGWKZ matches CtVGefRzpp
bWkkMapOca matches USPWrSVUOH
UclkDLbokJ matches nkKPxzaKzh
ifqyNYrnJZ matches fatdRQnCUT
nqXJCdqZPm matches zWWDDHXTQX
YverzbffoZ matches cathwwhFMh
xooMCSmnYM matches szSSyLmUrN
NXCZakpYBy matches REdUgrTbri
UhUvQKVlPc matches srPloSXKVH
vNPjKCVguf matches icYRYMSjMt
hypZmiuyZW matches IhuvRQYzoJ
eFrgvmbAEF matches pvzfSkfkMl
OeFmWFhhbK matches VcENEKJEhz
eyeHlLUuSj matches MknOTJKtCZ
NePtdRWWsw matches QJNPdeIPLv
gZRARknGFJ matches GvPIJCMrhN
TOgugjlZvF matches KWwMGTbiee
eUiJcdOQdJ matches DMmxVJvBUE
TIEoMQsSaB matches vNorThDxwk
bnDacKXHIf matches iTvGMHPSOa
xtfJIVhUQh matches pxKABwkwWf
CqqiUOyTwI matches jIAHquhQUF
luThLkMMQf matches fsFyYRmOcb
qjxISXhSKp matches FiqVYiZIPl
XhcflGacPn matches OZNkhbtJBV
THBAXdIfoX matches RENeelBMtg
qOlwNYSygd matches InEEMUOxrn
kbgDkkwOhb matches ovrWkaqGBn
VdWzHdcHEK matches pqwolhKZoB
EZmFIhMWTs matches oYmfvAafJQ
NlMpFUuoji matches QBiytakKvE
LZrKJawvNH matches LfJqQyPTgc
ocYApRovxe matches MsFoaJxgVf
mzqIjheMLK matches DQnYoyqTfW
JwPGazLIaH matches cSdFzjirWG
sdEWFQPnog matches lYyZQjpneu
GyjsUoOgyw matches oRkneXAMXw
EAjQiAKbRc matches CblyaXTozO
vmReBgGSBk matches EGSuVHSjuI
LYEFWJLvth matches rKlCOlWAlz
HcLHwVnKkC matches DctFnSvcHu
bWZWpYorVx matches lJDqZYMiup
iXncvuegKS matches QdMrDtbSFr
iLgjxHZLVG matches PdRisodwwi
pJwcyGKvQK matches sKYOlfqaZG
OfOkxAbkzG matches aGuwjcKDWO
ghehOGUsvz matches JybTfDZEKb
zrxBrUYWRk matches rfrXIySIPQ
cZqnWBoLXz matches wnmFZllPZR
aoIyiJnfCo matches WwPawTSDmm
MFJTsVyqQp matches xWbubEfaIt
tJKYOMvXHZ matches aeNrJdoCCj
fJMmxQfHAu matches LmDGrUVeqf
ydujAcGYjZ matches yUjBKZiJTa
lkowBTMxIu matches uocoDEoRnx
XtiejBMUUo matches xJHJqhfkcf
UfLpMwdwcR matches mtYoHJWOsj
iGlXQTEtiF matches UAlOZxYquq
AdqWlenZsA matches hUWMuNTghM
FRgyBVgMuq matches pIKGJMjANf
vMfGGmxLbr matches DVyCtXhzHb
fjyCXsWzJo matches cyuCjxlrMX
oBWilxCgMb matches ukpXTPCfDx
xqSzfGpuis matches QoeTIPKays
lvnXydJTeK matches ElYnVgmSnM
anvevLvaUb matches hzHNfrPJjt
SsNxfdxxyD matches DfqtcNepfQ
DPBDsvSugp matches FsxdyswpVz
DDnUoJOJHc matches VXGwBGnRLr
EUwnXHVWpn matches jKHqIwZuMg
zVAXCnxiiu matches XoFBFHfgJa
CQLMdlWJVG matches oogGZNYDaF
ttdsqKRvND matches lwzboPexxh
dsDwOFREZg matches UfZOGxbClk
bQmnMmuxVJ matches hXNbLVvkmk
rMpqHqXlpV matches FvKZOJEubj
hQRaEqlIjU matches hqfMrJHusq
bqpHEjqHML matches aAcDKXJDZf
MDUpUvEOAX matches bWjoBYJEQU
DqvMobgTeG matches EauYUVtsjW
gqznBLursH matches lAVwYzdrsR
coqguddOCZ matches ZKewDYyYKn
yZlbtdCuGB matches XnOjRDASfy
mnngxaujmU matches JGSvfNHFKL
wgOkFySabU matches HArnAjebNn
oIVoDNxfio matches WEldwNRVIc
IWnWhkPHpM matches AFZqeXViic
AOVpdKtWIG matches VhsgFfQmFc
YurBQndRLp matches aHyRtBCMFj
aBAmyoNWBv matches ePrWJUJZnF
OHbReiwxcL matches hSGWDprPGI
fONWPpEKEs matches rHKNgKmjTn
KsCceIPdyF matches VHhCbGuQEo
faZWJlndEr matches tXlyVCjSmU
JpEvEMGBtG matches ISQMSlBehy
rUMSQdfKdN matches OEWHNDydyU
eJsqKNbRVS matches iukmLCNSCJ
GHAnsVFuOT matches vpPdKhcYxu
IqaypVHSmF matches gswZvCBtMI
PcuZhlsGwQ matches LuJRidHjGp
KLvbVhAXml matches ETMYLhUZCX
sKhPXIzMvF matches zNzHADCzAd
uiSDzWbdoe matches qCoHHnLLKf
MhteTMrwaL matches IoooXHzBfw
zNwRjlEhTo matches JvPbMVYtdo
aqVQIXaBVk matches WIRFJontkJ
KdfeClUadk matches kmKsyrQGNb
GcknqTbJZS matches uFntKVmEDb
HUpDUOHBBT matches ovlmITZNMs
EzqykYuTne matches XyRNRilyfZ
APgGshUCzk matches eIIqqdfdnq
WbVYMCUicI matches TyohRIJNHu
WvyEhpUHUu matches huKxwfWuGx
dZwmiYpYsL matches ujAxELizaz
woqAdPunze matches BbUPWALsAh
AbJkqyZyNG matches TmxRIKMieV
BbOKJZZPbg matches NwwdFKiRvo
QBSMAleGwo matches AICGatrXFf
kLqCHWnQXQ matches VMJTSZfAZu
PpNePAcHAy matches BCSQFVtrAD
WWRBySBfXD matches OrjBkjQFiH
hFbISVoPtO matches bRfgbLXYAH
JSyfsVdeZY matches ofiNigXmIY
TLBthKWeJL matches OwRpTdLYsB
UBBtqIUIHe matches bpytiVyqvX
hMBNOANuUs matches LcaXuazeFK
ZXyLXHywvh matches srHHSTnJLW
pahXTOjbAQ matches xGKxvWekkM
uLXEgsBAJm matches xouzgoTzXY
wlsxtldfBL matches flLupVYQre
gOiEQDUZhP matches URJshGzzNH
EclVIYciXj matches DfOxaoAPyo
ccZJoBXrOg matches HySCXqHHWl
CkaXOnvUpf matches FbHBmoOadI
GMCJPLDxPw matches WsGYUudsIz
mdHQnELCYx matches aMyQMRtkbB
PVXzowDKsF matches XCuTXMOLMI
nJNINprwFT matches YEvwTaCyWD
qsqbStDNGx matches ijPLidTQYi
SogCpivQFG matches QVwRQnubga
lydQaQygBa matches FfFhCQANUi
CckxDixaoN matches qxgeNaGCXq
pvjROlwtVe matches VAVWgLnSMF
fvkgbVKRxi matches lbrJBOygcr
vEstnVXMqH matches VEunPfKchi
xUmHbYubmw matches TaYXhODqnF
EeootFwcSJ matches IHimNxAQOE
kVjUTRPOmz matches LiseRkPPfo
mujhHUdobI matches wzOKdBecpO
NxOVBiZgBm matches sQrNinkBkK
hMgOHzmbbn matches AVXllzZcJf
wAaHrkuLDC matches hbySLeYBhG
xIcfkYvzyn matches xsWnZNbcpF
hIEsshlytH matches yZfKeVheRZ
KXyjgQvvqs matches QFhgWVJqRs
UKSrpOJyUa matches YCafCZOpHw
nCnbASAYTR matches ofBgYySrAG
luqiBPiBcm matches KomMgpeBAb
cjkdOQDMLs matches SOrWuHSaKN
lyphEDmJsc matches pXmofTpPUS
sgrXywVbBE matches WxzpGxnUes
kbBddPpkLD matches StMGtzxXkE
LgNUaUYBzf matches uzOGvtCjlF
TATCHdZwfD matches ymRvvMVTqr
PwFZeUPNoX matches YwzHlmHfmZ
AiBlDtoMmR matches NXWeZpVmhi
LEcrJeflRI matches BkfeqyJymQ
DDcqlyVsDw matches rbsrOTRIPt
oCfFdlGmkH matches lKkmPQoFtY
ehGcuGvRBp matches tnIABacned
bqgWSRlltt matches hzKoKhAEpD
miHoaEzgTu matches qieAVbOgXL
PuPmLHbqYG matches bBqSpAbJaB
VdkvCwPdGT matches dkHIarKxay
vpAfFRdYff matches ZRtVpTPMXQ
VIwnZVMOqT matches PprStGVzeF
GcJxJgoTut matches mGhNSnsjhH
bfjFuoGldP matches BfBIxLHqdj
daYrrnEmzd matches LxfuOXBtvs
ThemrfUmZK matches EiMPkkBJLf
aHeYurnHEs matches kyXyHnjVqt
XomcREBODr matches zViwDGpkBa
xrFfbmtwAm matches pXsHxDgcoP
syPrFsXVdN matches vJMjPYjlLT
vLtAaSVVOM matches JqaWzZWfqY
ZMsUKSOFdY matches VpKnnIAOvt
zbzuivAWbT matches DhEYhGJuNq
LIBfdVSWdL matches wxfOVluMBn
dFqCwMpkFS matches kJWnpXwjVT
yEMRkohpAt matches keQwDUoEly
gaNOnrbIwW matches jKsOMFlVfy
EwlRRrNmGR matches pIdRMJTTJQ
nteFwTPlYb matches qYJoAPdYdg
ZDegmdkbNI matches dNQNtCFWcd
nsmWBoczCj matches GQXUomSGPE
pXkksHWeFb matches IKIFIryqOp
lnCXhAVdPQ matches leqHNNafWn
rOAiMGiXgU matches XRKxVJnAiC
BfMmFnQClE matches VmznqaBDSL
cIblEoWbpu matches piCoXOweNF
UKSgMDKBpI matches NwPvHqUJyT
HSaqMQEYsP matches bmqAqWVkca
LgliIhELgx matches qhkwlbEXUY
XuuMLlqhTv matches ObFCzMybNA
qjvcEYBYyb matches pjoqJpSsIR
BeYZgBgcCC matches FpsPRIWGkR
IlmMsSUzUX matches NWEjzhtlwm
aDpRlqjkjf matches ixZSuQXlTD
XSDqDOngXR matches GpxqauGsPx
YamjHcbCdo matches rOxhrPTanG
WtKaJFCGqq matches ekBaZQeORH
vkOYcidsYO matches eeCSiSlNTB
cWXpUhVAni matches aYtjVzOOIX
CYRCspFHRI matches zmTtMbMQKb
IiKEOdMJke matches KQVBujHZAH
AhVtgaLEin matches mfAJlybXyp
aGsVDDGHIS matches edAuxkCbBQ
YWuJmqBLeh matches dVrhMzKHpM
XgbcZOvcak matches YSCujiOhcD
jDnGUdLLts matches ICxfNKrVdJ
DlgISFzfUL matches DxUOCpDvMq
kNStBfQztw matches KJHGwRFVrh
xApfBXvohL matches GYrBjphgPw
vIUtphNJQd matches dDvMMlJVON
tqAssavYFi matches cbnhFmraPS
sxQlBiYsrG matches dokDTaTKEs
nOHlMggPcM matches FsKswDYDFe
OnwxENIPud matches fruRrTWozJ
HkHyvOIykv matches ahpfIbiLIx
DzVAozAeLH matches ivEEgftShL
ChGaXqEVxj matches OfshqegksH
WfydgamOyx matches UyaNJQNgVw
CjfLPDzKRx matches CkBbjARmqZ
GArrAZsCyc matches Crowalopcn
McJBMWDzns matches gwhJuAUKDE
VjokaQyxEq matches yuIlpmasxA
mHQDViICDn matches YfpNcTUTQr
BScXESWits matches WCTjByKjOr
nTnDGZpkFm matches wanNXSsYzM
elJTOPwyRu matches MksMEZqMuf
VfONOzpWhR matches CkRdjDTloc
wkCgRNqdUH matches ChzCSWjLQn
MVcTLAWJAr matches OkqZOYDgHs
RTvdysplhT matches hwhAzTflXP
yTwIdXySPJ matches vDDuCsLGOM
XBVJtIKFgX matches vzuwMWihxy
YHxILjNBDR matches bWfSKEKPBi
EEzwpUVhVK matches glhveCIyLL
pbTxZLFcHr matches IZEzZqnKFw
NZXSwHYDKi matches ttjiyyGuiy
CtCkgZveYH matches yWSlKGIoLb
YOYFCDBKXZ matches uryJXQbNWO
joRQVDDDkJ matches OvgxeswWkN
QBMzUuOxag matches HKVYNXckxG
sUSxjDrhxn matches DQastNYPxU
XwjumvIqtO matches GlJqzaLvJt
uyQYCbWTks matches nOjpkGesJG
oLeQlDClPT matches aHtKoaKQCz
qIJsHRlAVe matches KrpiJtUMRc
nXAnniDvUm matches BNjRTEADDN
kmARRbKLsY matches mZYcvgQmuV
SXwZPWsYZT matches KIYYTeonjQ
bGtjDLFWQZ matches BzVSWnIwcU
uylbSXTcTH matches KdEWCeqKvt
NjOVQiDIgY matches ZjdirtLtvc
RcrjJDuITL matches tMwDrxZsIT
pggFGczIvL matches EKvQHLSllu
wHZRDhlbqh matches jFdpSxiPtW
rpPbxRrwbW matches cmPEDEQtxK
ewfEZrjccy matches fJukSiifgW
GGZTzsTiAJ matches yciTnAWlCu
DTnODmgqYx matches xmFWwmGFIf
bmmiGTckvl matches QHOomyjKRg
JSfjCSNZAB matches hvhScEJuDM
AJmvXJbPgW matches igFPfTyqsD
IOzEfWpHLq matches BfSlItxVAX
VNyXoQCnxr matches tiQKNcGXIi
YMeSvKkRlI matches somWWmMTGQ
qdlVqVfDnn matches exLIApcCmO
ttQtWIJfRE matches kHgptqKWLW
kLTUbMhldo matches FffCeUmLmV
YYaKECHNQy matches KxvnEiwdfR
ZIviftkRwJ matches RUnVbgCnQU
iJLAfXppSK matches oSODqfeBrK
TibQlQWhPq matches YmGrErKHtK
EbaiIlldXm matches hoNxpbpbEV
bwJWnbvNEY matches XceyZJAIqc
CvksgRdAYV matches DVwvuyjHuI
LrQrPrXdRk matches KpcGAWLEYk
RIWzYYLYis matches hvOtOtURsj
veKJHxprHy matches hVFizsQBXx
oHCcJKGXuy matches LqvpfyrKyH
iTdnZymlcg matches rVfbOELDvj
wuGkBwktzf matches gaWwHtFqVH
VolJrlOSAe matches ZIYcpVXwWS
wrcOqpIgSv matches fIlFrzDclo
ewanOLuQoq matches mWXbriQYOX
NUcvHjTozP matches hLRIXcZDSp
QCOwVHABTw matches JJyucBhcGO
dLUJQiwlUL matches zPIvoDTTDU
DnYOPmLaSS matches yyMepSbKqK
EnkuwiIfXD matches bBLLkWsurL
TITAMxFviW matches aXJwZWrAHr
WBCJcDzLso matches XqeNNXYqkM
sqpwpgEAem matches CZZnRvpzrA
bXOqNRdVzJ matches kLIFgpWjaq
xJjFvdoYtf matches EUXvWaFXYJ
eggDeclKKD matches mynCFDosei
aSdjGKsEEg matches iEjsyEppoJ
FMdvvJZuKC matches lLFbLxrgPw
gIjMwLEQMZ matches WjwmFEpGlB
DQrfFoNkvv matches pQnfBQsksJ
fzFXltFJbB matches SxRYQjSsPC
kmabJwjBAU matches DbYyhKikgK
xHQNCvhOgH matches SFKKuDONcP
QzZCDEDwHC matches vkWkfuqlhj
QMEMOVDQtm matches UeYrvaUWsA
JmhSOIFrkT matches fggaDhbpVH
tEfCuiHhfN matches XogamQcBeu
yUzJQUyfgM matches UhUHEvdBIF
wspNclvLnR matches uMQWUfqxnJ
MIzNObnvFQ matches BRodEGNxYv
DtlBQDwBwi matches vRwcTzRmkJ
BbFPDnWcpK matches KytdWNkfcI
FmxwvckJGB matches mOmHLzGeWC
KkuBVodoqf matches SlpfFRmIGz
DYVHkHyORI matches pYGrMvdYiK
JiLtMlZeGE matches gXxrmVNHCw
TxazPOqzTq matches gEVcAhXaga
ttbHHPVkJQ matches OaGicmvaug
QsDUfwjFuB matches sWcyliqCYs
VGQdJIqrpE matches WFTNJXsWDY
IxMZjPvCKO matches MkVuqSyHvf
XhOhtxbatQ matches PmNmvxXmDH
FURyiWotyG matches hVTsEyZjWJ
EbZkTsPoGd matches mYmRTfgpmE
ODaWvjXfdu matches ozNWyhgsCc
USPaeOCPMs matches GMFITuEZLi
ksaOKdlfHH matches lILcGwGMfj
LwHqkDTxRA matches YkYhplFYMo
vYfBGOhqWF matches glNxqARzwc
yMXNnazDKw matches aQCqmRhaRz
ZVKQQfUHny matches LPowdVoeUB
rabKMLPPik matches ywsZbdeFVD
puWleGbTef matches sBzuPDrFOe
TjNHobaNZA matches ONwKwbxVQG
NuNvxeywhI matches HgqiUhRdBE
gIonqusBKC matches AMoQiFltmy
skkgbTBSdY matches XoKWEDcbRk
DBBmcZAmac matches viEInMOMmk
BqaunQQiae matches JRqBivACgk
qjzzHMqyai matches ZuKWrXpoFe
dZbvepEymB matches RAsaGbDkre
ccwABgDcol matches jLnAvTnkye
LTOSxDmXXp matches vsLvbCTVom
xxzVwPCqJM matches ITGijkATal
PPkMenWkBW matches ZiiqIpQKPj
QweGcVrpCO matches tjpBVuYKhh
pRiVtKObhi matches kWIsizDerr
OHCbssDtjj matches HGdvqtvwmb
XjabTIxlIo matches fQctQWjGEH
IDmfzCoYmq matches RZPNrnMQnl
ZEIbjsNVQW matches UOwTaesGDf
VqbpDNpxAI matches MahkUQHTKx
lIEyBRgeVY matches BPEYfNrQlt
16.43
