WmBjYTmTSq matches yEWRTLdOMt
MJkprEPLlP matches zgUTRothQp
EtykcyOPta matches kvKSyQywND
QuzFpqWbdD matches YaObEsMlcc
atcomoVeBX matches EgRcjnSBYl
rwSVtsUPmd matches iQpzlPZkSq
OjTOXrtkat matches FHrJnknVpQ
GwTcocWBCx matches ySzyOZUpcu
LZMOdUVBhr matches jgZnjDEVbM
fYyOgigpBw matches QuopBEpzcO
ZOAiAgHwbg matches SxiMDuhExx
CpuaoNivin matches oVpZhOhZjL
uiisENyqol matches jYdjoUEJPz
KadsmYjiSj matches XpeFfKamXj
tBTSPApGrp matches SdfEJiPwzp
HKScGsEJpZ matches vAvSuqizkZ
NExXxGeMRq matches kdnBfahaiU
UwRMwRPZng matches VlwvHRMRLa
ceaiGYXGyl matches XKRDfWYmGn
Ionypztfcs matches ppRUaoRviW
kUpZXasslR matches mjpshUcbKG
oUjBUmHtjg matches FAcDvFVwWw
ujDHBcHZyU matches SSXaEaZypn
wjCoAxaKqr matches ExCgzgmwcd
EUpzQLnOLj matches LFHXUrIIdF
jovGZkuggm matches gGANtcoNoO
jHywhVXtnM matches znnSsdWFXX
gzWAioIdZF matches xFHmbfXuiE
evWUTpmrer matches hGFjNlmMKG
CYBMnTMWKN matches DIzzFDyaCW
YtYorLlttT matches xUGHDPxVEI
doyQzbcJtm matches XHkcRikAoH
yZOYeoGJkP matches egOMaRxGxk
BgwoUaUfFF matches SmwYLvrSvu
ABkmNdMOJJ matches BMifFcrFtx
spTyDiuRuu matches mKpeXhanhi
ktpxPBQSHX matches FIxQcqsoWV
oznGdRXAzf matches DMfdGgeHTX
KZsczLRQwA matches BeWrVuzsyN
HKoYRpqwSQ matches VIURjLUUzo
ATtyOhEVyE matches UojTyRrOem
mVfBBRrjWH matches iPEWSZFmsq
IPoWDBWKrc matches xzpVldNYvd
aCTKZDKwZC matches NolnjOhjPS
rAldrnxLdq matches AVUaGMFIZX
tudiXiNWGN matches JzJttEzUYd
tFUpMyESjw matches WudFEhFrMp
wubeeNvrAr matches cZqYHNMtFP
qAyRzsvTaF matches czqrumImMm
NXjHnuFlnx matches bzbGyKTOCW
gxDIGZICPt matches IRDDTEtZdc
WvZQtvHbZy matches llFnggkDXE
aEXvFDOEzv matches OkYQgYPAVL
vfZZodEYIi matches iHqSflrctJ
FtHhtvOZiX matches zXNCwWyZSg
KIrSBCFnNk matches HdyhfPLnXU
akYYTXpEEW matches HEjFqQmSJy
tRFjoOhxuc matches PNfwYRKhsM
dlZmkQmvdt matches xKcqMCFTyr
BNBXbAObya matches qyuFEZwuji
yCJujfLdde matches hduwjBwnvf
IEwjQjQCXM matches hyfWMxzYjn
VSbAjWcSyX matches uhAJNULpMo
IhKSwRvKWU matches CbpjosxQPf
RLtDHqUpYr matches dmCvAUHHcD
rkdnrOZQtz matches jwRcwSavbU
ZBTcJaLyhi matches ZWBRyKphCS
fuBrjPIlhx matches yycWOzvEsU
gXxKbdRupX matches SeIPalpXgI
uVpjIyRsQK matches yXUOjUIWeD
kLORyBOsPR matches NcBAHNLBLR
UUqfBIMnhb matches UZIMYZZKxM
trUnztyuQF matches axwjgzSwPy
ejkfzILLOR matches MSGlryZMxi
YNtvYxZtPI matches HJinmzKDag
meEXKnzffd matches ynycfCFIiK
ocsLrDtgYb matches tleBjmyWyb
cfgWPPOFBt matches NPEeyzrWGl
pqFgDuQPGT matches WCllzFSBDF
FzVvRUfshZ matches ULEaSRYOie
HeiJnQbslY matches USSqVSShRf
qyGseeQOjM matches wybNNYHBRV
eqbYUaGLFK matches WZxdeTxjJV
VTvzAcLsCN matches BnalezvNLo
bInxQETSgp matches aovEUAGdFr
kOJZkztIkR matches OgiiLrLTtF
hJZLBlbyXJ matches GFhkPqaxVf
vyKCXJFSOq matches VfACcgVmWk
ZHxEwGaQMd matches YzobGwInwo
HJivehCbRY matches cDNyrruTxS
rwFRTpjuoT matches yFxffvoYlT
SehmVMjOeb matches ehyDbixGNS
oyjKpDDgGV matches pFckgpfRtu
aaahOORPSv matches nWoBKqXOAN
duNoOxiTUY matches kscrkQshVV
nTSoLWtNWQ matches HMvFQQmsyK
PBAJJrfIeM matches DnlFESSkZm
WmUKozBHus matches NzWxHQIEXz
qxMQaFkjBO matches mJoSifLqyD
kFYbKBaxRP matches USHdazzfIf
MOtwalKRBC matches UdKtttFuKL
hTwfeBkQlQ matches BnLSIaJMfx
ulKmpXVQRJ matches YVDSlfqFjG
YwIhdJtiTs matches jjqgGPqNqW
DPwGbPPrQR matches oRPsUsbntO
RiaftvHNOh matches eHuMuKclgU
DbxrcvIhRA matches ojyHympfta
haQSLHcPFy matches MeRFXMKSxo
PzjIaqAcel matches OiIfHhilya
muvrvuzPWS matches MEinonwBHw
bxPXfZkuow matches zWeOALLHsL
kWZdDYMxgY matches AejHzgbhrv
xqLrROPRCR matches RzaDAkYuap
kPsJuDvybZ matches FmnBJzKetC
MINgsUCELi matches CmefuNrLLI
usVlYwYlCa matches EDEqUmvKnU
okIzIEaRpT matches IWYoNPsNLI
abhoRAsONn matches CHZbdcMJeQ
rGgEPjVIzv matches tcCoJXeWVM
LNgfZDDGri matches LLRemhKNCD
cgdXuAvAMn matches utEvWPYMqp
KoqDLEjJXm matches TiEQVmTieR
jnMxrNXzdq matches unVICQmVJh
MFxswqANNu matches ewSiiOOXQi
KGWHjtcomA matches zxEKvcKkPP
wKCsPPQkdY matches ARpeqtZeOz
rewAnNOGbV matches sZsItlfCxV
jJQIuwSpgj matches sGcvYcgYeH
shzgfILeHE matches JqsOTNvUrN
jRsqvjIHgM matches dUexkNMgSe
HsXfUbUOzs matches EWbFUlXAyJ
GWuzVoUJUw matches QVJmOanbwh
dkosrwTrUY matches ACMUejTaCP
GJVPfxBZtc matches rwQJoqAdib
FdbdWMmjlO matches ObQTwcmCnK
VnhnllWtBc matches lIYkAPIMNK
YzribrYdZl matches ZNFwNaseMV
YvrXLSwDiw matches zEGSfgLWte
MDhULrIggL matches ZQmQzWwqzP
bRjkZkXHan matches phoNmcbqpZ
DpxhHpFxkn matches WXhRPMTMqo
iifGMMvJJJ matches skmbFWckGZ
iKMtKSVbnE matches iPmdkPuOjm
qSEUdrTksT matches hYXzfBBHMW
mJhdJxogqF matches iJKIlwgbAY
UGTnnfkjlX matches wCbiYPuZAi
AJUxqzStES matches RHuLBoSgjh
bBmFGLvcRT matches FznOtzWuBm
ruInIJlpSN matches EymkhHIxDy
MfmcanmbbP matches STfmlVpVZI
UUNIjQJYSY matches OHENCrUuYj
iXvFEEbaEK matches lxyHxqbJUu
hbVeRGWSbX matches hBneznVQcR
jMJnTwvALe matches YwbsFmFByt
fqIoKizHgH matches NYXanuzTCU
INpWHiDrWL matches gAVMnBVugx
SOQZZxEDyS matches UMzutENzLW
oTGwfzmlBK matches RwiDIkOthE
urZTYvhELy matches RYewvePNAF
pOoJCSzqKa matches DKDftNlgYt
GpmDindejE matches BNJgAkuXOV
oKQENPZkpz matches TfGDvjMUOz
SlClmIJWZQ matches KBUmXMlnKa
ocXZiGHVcz matches qzbMEkBvXs
HEACrBiTSG matches SuVEPNLKOe
pTzawUUnpX matches cBoToXCDpW
mDOTcbmNDU matches VIifnPWhRG
FkJxPdMvxd matches trjJdXSNJw
hjrBXpIctk matches ABbpdUfbPI
AfiHhgbaaD matches qkqbpOPaSK
vqakMFpekN matches wgZRTQVscw
KtgXCpGodP matches iHvFlajFbU
ZgFfpKvmzN matches KlJcaZPmvQ
auEPucGXyK matches TjyrwewCJR
ZLmasdvFIG matches YdBwtfgFny
bKIjTPDHUE matches nqmktPaved
iZdRsmcAdd matches HiFwttpcjr
wbEmoxKSWb matches bVBeazaaAv
FvKDykMQHu matches KfssbRfQbH
okDLQaailD matches XjDchCVaoB
qkMqAueZZX matches uckhGpHcbM
aVEguSxedF matches ZJhqSrLNJS
ubNMDbSULF matches TYdICxFNve
ugxBEWScxb matches OWASaRUfMm
nldGQmjiYC matches wBqUOzItJN
oOGKWTtlaf matches NNVsLKycLQ
FjyquWsHjq matches XsmJyFhjnz
TeeNDksmuF matches XYhLzNagGS
LKfjmuVMSC matches ChGzxFTrwm
JaDaOncTaW matches ClccYPXYJl
XPaNzyejpI matches cYxKmRbQhZ
tRwDcHAbyq matches QCbsXvaXjy
uogvXLCilw matches wHjixoUBRO
feINOSRybK matches PkCqvHOIHG
FYMdceAXqs matches JBRahoYEJG
satjRcekmv matches RVnfKRVZJw
QpbjVwAiNf matches gGBZDhZfJq
wcEiXOCnZg matches VcZMZCkUDk
IvvBdrdRXE matches mrUODPHEzO
ozWCjDscWs matches wATyKFUnro
vgXbfaXYeY matches ucYyilMGkX
iBZZUTNull matches ZxODRjehei
lwwVWoWnYg matches SoHZadPewc
eUTofRghmE matches oBPUOhjeZh
mDCFJmEilS matches aZZxHKKBdZ
PRzkXHvsBQ matches KQDvGSXPIB
yauFotLZOc matches ohRaVWnZmZ
OnvzrFGoLr matches KvJhLKKDMd
ZtVwAYhfxX matches LjVYtlZifz
KYxEwQXlAz matches hIcjVAPGbF
bCBqeTBzMF matches UMRhzFuqdQ
eyeGPymdoh matches YBPFYsbhaW
ysYFaFTNvJ matches MuuRAYGPOE
baRNtQTOWa matches vTbGlhaQVr
tgqMEudEOi matches wPoarDSGKq
CHvTdYabOI matches CdGmPZdIog
OILUMQrGor matches rgYZAjdWnM
PyrslIyTVy matches RfSpDNaICO
HjBJTtxoOW matches srnOUdLtzm
ySrfbvCdUy matches wdAMfOFkGl
tzlhfJNekY matches AVgXQUtvHQ
kOdiCzohwI matches kTRuRyeljN
tWCCKCfYiL matches gkBsXwtMfG
TNfWVrIuxW matches MZyVObygWA
UhWHmCHMRw matches xfFppjTbRB
CDsJISkKmM matches IevVzsfEiz
uTBHaHTMwJ matches lGDSuWPREV
wYFupVZSFv matches OkhgZDiefW
oEiHFVEXGr matches uxChRQSnyl
esQvigAaic matches AwNezOXnbL
AJUcTgfEIY matches pfjcaeiUVe
wsyQrEsNWN matches kUDSzuPvZR
hKbYwEzxri matches qejvQhAyAM
qEILVwURpy matches GRThtMdDzE
iiUbZrSfeG matches kfmTKSmxqR
KNCuzcEpQV matches BjYcTRdXck
RgYNKFlmcG matches JCYBAqvZcA
uvAktksMtT matches IJGmvhtYIF
uGhKCkgRmm matches gKNFdUALdV
xquJqDXhNU matches THIVANXBlC
FuPpbuqGDv matches LXfEDNKFvi
iHBdDebexU matches byVLgbsHOs
JuXvxpsyYI matches wbiOHQyReY
VIXLPNsaGD matches aNvlYKyDBM
IOrhzryEvj matches likStGBNsb
ItNrJOlvSQ matches NeMTmUDxbh
hwiZbVVYXh matches LbNdBkIMXF
eLubMUFbgo matches cvuAGDqGGf
cDFDEOptfp matches xepQYXXiih
tvRjGczwra matches EtrPhuPugm
ngrdBDAIPl matches kpXssXDaxq
ezDarERaFG matches TkTykHlOoF
WWWoDJowSr matches JOLANiRZeb
ifdfYEBzVz matches MZMROPHkdW
nwIFarNXhZ matches kgWVQJyPKX
CTgtTWpUtZ matches scfCzXOXPh
wYiJfORHcW matches CjErRmmJsC
PgVxoMDEGN matches YYTuwoPtWK
kvyEvFNcua matches AYRWhPBprU
GLaMgQJlAq matches SPCzcLnSfK
YaUoNqagVs matches JzGyhFPCCx
hEIRPQhMLi matches bBAOVinjKq
bSAjjfLnTd matches SZsZndiYud
UGjJpausmv matches iCoLqJUqnS
nxCOvZuqBP matches gbxZqvYBMl
zjTWOknSun matches MtpiyDrpZm
ERbafglCbo matches gLjANmbtZy
AgTgZqqOBY matches zeYyRXfsEm
IBlvsTFpCT matches LCQUsJbLqO
UfUarNGRGe matches LtuylCjjRJ
tJKzMwtVMo matches VWFsssncCf
lbWeGNBUoX matches rmuQRXgCIS
iNsrPhfuJM matches xXWuWwiHIs
qDgBEMWvyC matches dBOiWxkeRT
DPhRZtTcPB matches wbSioaxKgf
kQJuNuIyup matches GztVpcsIuz
defMKwxUeg matches ubrvkPTreh
HIVZZYCyvs matches HpgnIiJxSr
AmyQxRtgaP matches NgmiQBnuWx
lunAobWZYu matches imLzQpaMpb
zoSbTkffIh matches HkeHvCIvnO
weLsLYLUOj matches WkkqMwxaCi
zMblLpBDpG matches rfrlsaFmth
UOYXQoljGZ matches UuoeCrTKbU
iOuEASbWNl matches soFNfQxaiX
nIQeGeQIOO matches XVLqFBAdZS
rggTymAwdn matches xpPoMuhfck
ovuTVbZbqO matches BjODacOlsm
UuNVNfXBHL matches hhWWQylPEu
xLbgkXXDbi matches zrQQYztqas
omRGWVxtxh matches FmqCmnJLXm
WXFicKNWhZ matches piUqOdlgMq
RBbPdBfxYw matches yZXbOhDrev
kqYTysMLWn matches xTbcwZBPXX
nyYKZcfyCG matches GweOouSFgS
wPGOeIhiCL matches qcNXyOKbCi
jfndyxfEjD matches YdyQuBoKdE
mwwoDtmJNS matches EAFHWZXNKu
vjOJmPdKAS matches qWiYYQWYVe
PGohSNNodq matches roFoLklVen
TnuvnUjmHk matches npnyNSaLMi
SIQDYIUcXs matches JPDLMFjeqr
kRoOBxbLAm matches NHayXswbrz
CbWnthdFMd matches ybslYvRdza
tIAWRfJeoe matches HkxAPmzeVo
lWOfjhkYwx matches pRNkzrBkgG
zbgxcxTvHy matches CHnkoLaFoA
CMkaopZGrf matches mXHqNYtANl
ETOXHpcTTF matches DVcGDtNsei
rPSlTYkIBD matches DthhhJSLHO
BCkgfpdBMg matches HpmPNLDWVY
llFVowywrO matches uBgIMKYqZm
ovxlLJOBsW matches CKipdobAfN
QvhclgqbcJ matches bqCbffJYpw
ychWiirMLY matches LUXRnkSzLa
XyGFavfQSU matches psUMoOuFpy
UBqMPuXtEJ matches gXCfhNUfKD
FTtWGOCqbR matches iKXOtKKSKv
koxJdejfpi matches XPXxEBUNFH
gbnzNULjne matches NdsgJZqdrB
JpikEGovng matches iiOuxCuZTY
NVYFtlcXRm matches hVyMUSQwSv
ongAKinRsM matches zrSJeiaHTK
mTvVfClXzj matches NyDKkZhEEh
phOMPamryZ matches LEmIZbBfmq
rorZMYCHqT matches hATYUflNGK
XpfyCwfAGv matches UtIwsizIOX
IPEfvxNjCm matches WhGordzlDt
wiQCjQmujk matches ZYwYZQrmmp
qEhfyjJQom matches nIeJPycrFb
grASClXyVL matches sgndHTrcDe
wZsgTtAlYF matches caJQIduQnL
GggqOcaJjp matches rgOaYPRtTi
jmiHzUTPRV matches TdrgrxJgnt
UtUwJQShrb matches PJGuyLjPTA
JsAcevHfth matches gqZUcKVNCf
yYBMdCABPu matches dtsFCiMufd
gkVpsIGhml matches Lgrzfgzatx
RhpYJwTjNp matches gdVbLEKKPS
OyzwcsRXHd matches LVsHNNodgE
vnxgiCHYCA matches QgfsuqggiQ
KQnBkuOKtU matches nNfWuArEnE
amhvsIKtMO matches HjAuhGFQvn
OXHmjucymZ matches BwrCihEMXu
jSdqgnoHZa matches nAizryaEri
nwzbpOYTHa matches tMXYkZMRSk
rCGKBoFzfI matches KkucVAPOPu
yNlJpYUbMT matches twnCBKbzyt
PifNvCLHhh matches TMiMopAAdt
tUVrVLIIbx matches TgBQWFGXpg
eJXIYNEtxl matches oFjoAdseVQ
ssCsXYWDFl matches AsRgelopyF
cABtwFoKWL matches ACzsCCGEwQ
iKPKUzdmRk matches sxwotfVEEr
gSosxuHXpg matches ZJANUpLCya
iMMQTfMGNU matches jhUjoaPqGb
dQlAyLtPTB matches KNNhMiJUtJ
VjxsXixfeC matches fPOYCyElzM
tENqNzFpdt matches gsWbJMWAtw
lAaeMWhyPi matches LtLscfqXCY
YpareDmiBD matches tIfSkgocFj
VydBJtfcAi matches oLFkeTxDxX
TqSSWrBYbj matches ubRZoSpDct
yVwfqFOGDb matches xpamDkHSVp
RCTXGlOxOx matches QKvLXjdoRN
LjjxDBZUEA matches mCMztiDUKJ
agiXgnBgvf matches VWAanuHdAX
FbQdQMZWNo matches VWeXmeEfvV
BQrDrJwjus matches dIzwLQaUpJ
ACXoZrKwUi matches DbPBtYODsy
jCrazntLGp matches uHVCqzDnaK
FAmSdEbBGO matches HlTJFVDlir
QogiExzxkT matches KnbnfOAHhj
wBcImPTxBC matches KpGUtexjHN
GowFQkOvPR matches LLNtRZloDW
WiBjISgBEn matches raUzCuIEWH
uwqgEbZfXl matches xHFxmzomat
jZVDoVvVJN matches AljGXVytGS
GvZFIVnDCa matches CFyxtZkmBd
qRKWJwiaIJ matches licSCeoHZI
pRCWjddowS matches GUzNmuOtSE
gbKMKZTXNH matches zTETJvxtfw
zAvDjkdCVl matches fvSOEYIuof
VhNmpuMueu matches IzgGJOtHLd
JpxeCikLdK matches zLpQhzoJzl
UDVmNGGWET matches TiFuQUrEas
iylIeHKhfo matches cDgGoCfJTh
wMCkPvdSSZ matches MdmpXeTwre
kPhKwvQjaj matches sBdDSYSyQh
joYftPXzPd matches TCeIpEbcgd
LsqIPgIdPd matches VBEFMhiZFL
bPWkbyvxNa matches eVdqFUkYXK
PcHuVnkAbB matches CFcxbbMEQp
ZueApuROLn matches BlIwMNLlyw
FiDshtqDlw matches GUmMpNDDYb
JmZgCyevhF matches mosUUvTZNQ
RDXUGpbPvY matches QcUctmbKOk
NwVkqAAVxX matches EwUgtdgcFW
lhOiiwWiyf matches fpdIlJFcCO
enNSeZLBkN matches YddatdxdfW
SWkIuADMKk matches VnVjZMWdLL
LNWbEydTwp matches bQvBGtReGT
mauEtxXDGd matches BQfAcUJAoz
mnYXlArBUc matches khfqUYjbRi
YeYpBRNLTo matches OTHbiXroTz
hHUjayqgsJ matches RUmkmGciko
phzeaxllkh matches TcnbrcfguC
LQHkzvynyf matches amVRPNeVdH
BxhrlUBpCD matches uvzsCYqmRA
icZgyyoeSk matches IwNWSPivAp
FfMGkxDdpL matches yhQJMoFbua
wMRCeTGLPA matches LqRteZgGtq
xmkUydKHDW matches oPWXxlKEwi
aUtWWBlEpU matches uRiBoTIkse
dxTMTxtQKx matches IFhbtnOVmZ
CEcpchnVfl matches CFWUanHOqY
IpEuYPGIWG matches zGTKOSloRX
MvXOsMdRXi matches fbBQSLAZtd
bSaOBlTSIK matches EmMQpSRcgn
OLazetvHgw matches ogfevIUwnb
BlJsKjsXtl matches zmVenirfaV
nJwRGBMWLr matches BUxamKytIb
wxYkdquHkR matches OBNEBJnTpV
JGSdoYVlra matches SBhmEejOgy
jrGEMujJpJ matches UMjlqDpYik
lfVmsOodbt matches txiGFfhTPm
ImWXOrzGqz matches YAvdajaBkQ
AlIaMyiWEx matches OKQZMyHRqX
GblOqoqHRg matches KtmKrFuYcU
HIklWCgyAP matches oiIZNqHjBf
KeaYCkaAmK matches CDDldtNiKw
fxMEmkogJs matches TwfTUCzNkO
ZCxmjrclbj matches soZHRpriMn
ZdmYIkevRa matches ybFNkstOvI
dlLroVbKZU matches qUEvqpDeeG
RWCipKHuYN matches pDcwhTAQIK
XKDmmCSnmi matches bGperfKDuE
BzMUXKvDGH matches hbFCEsSVjy
gBwnHTMnZt matches gJjSXeZCRj
rbDLzzUxwY matches GUqXHRvPFT
TMkZAJPipF matches KcZeOghvBf
GKaflXsNdC matches HjolqqCslS
dAMnFhsfCF matches YoACCKkAQK
KRmwzdTWQt matches NFTXrabHak
cbrjVFiulb matches frvvEpXNlH
vRIKGenxGd matches rRynVEuvNY
PvAbwzawuC matches yhYgxCUboD
aAgEQUpswQ matches oLwqLUOXfC
JCoqRCnckK matches PoUTZgktKD
BNJkzofuxa matches fGGukaDIgm
wioBYTVRIt matches hThsnytBuY
AnjeYXmcJT matches rjdOrnrISl
IsdLaOFizI matches BqwbSglyZT
OAxzvyfyJo matches CljRunUbLk
ebFQNKVoUv matches GmyhBPNZKC
NMyhucWxEe matches TyxaBWOhzp
nozZvUAIaj matches YSedlYmpif
KVilEghubr matches IobYuboMcd
sQYDKyidmK matches aEWAXdIQYy
xlJrWHoXTr matches kWgmDnygzA
AdiVQgGxfV matches AeTUBsIGIY
BjPQvQwcSv matches uMMKkTjLSA
sNfxgfefQY matches KctBCqhLOY
iWoJWkFJAB matches tJgeaavQKh
WsOGAzifOR matches dikXcZOaAx
IJOZmufIPP matches KGUlGZrqLo
cZubHbHGGj matches CnelvBkHge
PVvsaCFYYv matches USnRymnqDT
FVSxtnTjdG matches uxSlBoUcmU
lKDNjtIxId matches XYvujeIWUd
nybWthiDUs matches xFSsqWJUUq
jOoqoBnlNx matches DscffBNvUk
ANrKowSRvz matches kmqieertBM
MUwpQXLmHj matches MSXKCCKiNT
GOCeUTagnP matches uAoUfxfeIc
DVyZzVBFwv matches ixWaKJmgzL
JPgcdaLnkc matches IBryywovmd
xnfnjkbesd matches zEoQofAgBC
jVXVSehnZP matches FeJcoQKGgP
ZhydHMeqnE matches kBcHxFPWRk
KdgsPhVvLe matches lJuxWNwujQ
iilNmvlcTP matches NkQIDTXBIz
jNYuSTlkrR matches RtkAtJsMoO
AazfkPhfwb matches JKvvYJCFdZ
bXxxIMZYcT matches JyQrKoucRC
FuSsqQujTu matches tarDLjLHyC
GMwnadGrAk matches cCEqIxtEsz
esRSbqgxgm matches magXFCtuAt
cPaLNTSTjq matches MQDwyXBzVP
axXtWjhiry matches dAWGqnJDAn
mkDrrpkAAD matches IJnZgksklu
CCtmJHhnla matches DioQriarpq
clOnXVHDOc matches hMrVdGIegN
QQpqRCSJLn matches NozplAuKDt
RJwvvNOGDP matches ltKVnCvKyy
sUceBfFdXN matches tkARgHgQLB
WXXhkoZJmn matches LGjNjFYyvT
7.48
