50
50
50
50
50
14
3
50
50
2
50
50
50
2
3
3
50
50
50
50
0
9
50
50
50
11
50
4
50
50
9
0
4
14
11
14
9
50
3
50
9
50
50
2
50
50
9
50
0
0
50
50
50
50
50
11
50
11
50
50
11
50
50
50
50
50
2
50
50
50
14
50
50
11
9
0
50
9
50
50
50
50
9
50
50
50
4
50
14
50
4
50
14
50
14
50
11
50
50
9
50
3
14
4
50
11
9
11
50
50
50
50
50
3
50
50
50
50
50
9
14
50
50
14
14
50
14
50
50
50
50
3
50
50
50
50
4
50
50
4
50
50
50
3
50
50
50
50
3
3
14
50
50
50
50
50
3
4
4
50
3
50
50
14
11
50
9
50
50
4
0
50
50
50
3
50
50
50
11
11
9
50
4
50
50
50
50
50
50
50
50
50
50
50
50
11
0
50
50
50
