68859426
68859426
95557161
52568847
52568847
21589738 26723771
5703295
1484088
1484088
13505151
13505151 13867107
13867107 14957512
13867107
6250754
6250754 8563337
6250754 8563337
-27124180
-27124180 -26850873
-26850873 -26491514
-18111144
-16940564 -16557201
-5794499 -2200556
9098342
8111136
6250754
9970952
11947066
12313788 13505151
13505151
18932055
18932055 19055078
14957512
15187855 15336324
15187855 15336324
12313788 12688325
13505151
9425223
9970952 10248936
9970952
11357850
11661384 11872838
9425223 9692204
9098342
9098342 9425223
6031167 6250754
6250754 7066689
7402714
8815785 9098342
3277762
1484088
2014675 2810297
3446008
3282029
3277762 3282029
3277762
1324494
1548925
1548925 1584244
1484088 1548925
1994302
2014675
2014675
1618122 1994302
1994302
2810297 2829232
2983805 3040612
2829232 2983805
2829232
1484088
3040612 3277762
4034031 4091981
4837722 5242933
5703295 5986144
5703295 5986144
7093571 7402714
7093571 7402714
8263400
9650818
6985221 7055210
6985221 7055210
7093571
5986144
5649963 5703295
5649963 5703295
5703295 5986144
5703295 5986144
4408491 4419230
3446008 4034031
3040612 3277762
1994302
3282029 3446008
3277762 3282029
3446008 4034031
4321441
4034031
4091981 4321441
4419230 4726765
4034031 4091981
4837722 5132413
5649963
4778832 4837722
4408491
4091981 4321441
1618122 1706616
1484088 1548925
-71114 -3244
878536 964341
736625
-3244 52197
256403 545792
-429040 -281926
-925046
-1417898 -1308155
52197 256403
256403
256403
256403 545792
843833 851550
878536
878536
2810297
3282029 3446008
3277762
3282029 3446008
3282029
4529554
4408491 4419230
3928653
4034031 4091981
4726765 4778832
4529554 4612167
4529554 4612167
4321441 4408491
4419230 4529554
4778832
4778832
4321441 4408491
4321441 4408491
4321441 4408491
4408491
3558042 3928653
1689894
1706616 1994302
1188367 1322503
851550
1188367 1322503
964341
878536 964341
851550
545792
736625
2014675 2483013
2483013
1618122 1689894
1689894 1706616
1584244 1618122
1689894
1358333 1484088
2983805 3040612
2745665
878536 964341
964341 1188367
964341 1188367
1484088
1548925 1584244
1689894 1706616
1584244
1689894 1706616
2014675 2483013
1994302 2014675
1706616
1584244 1618122
1548925 1584244
1080902 1188367
1324494
1358333 1484088
1900724 1994302
2677458
3446008
2829232 2983805
2983805
2829232
2014675 2483013
1358333 1484088
1358333
1188367 1322503
1080902
878536
414440
545792
545792
-547093 -429040
-429040 -281926
-547093 -429040
-835146 -812384
-1511175 -1480116
-1480116
-1417898 -1308155
-1308155 -1074016
-1769587 -1585690
-1769587 -1585690
-1769587 -1585690
-1074016
-1074016 -1017842
-951635
-1585690 -1547047
-1547047
-2200556 -2117666
-2558839
-2874088 -2732132
-2874088 -2732132
-3579803 -3505251
-3165925
-2356228
-1308155 -1074016
-1511175 -1480116
-2327661 -2296222
-2327661 -2296222
-1769587
-1908141 -1769587
-1908141 -1769587
-2296222 -2200556
-1547047 -1511175
-1769587 -1585690
-2200556 -2117666
-2732132
-2732132 -2558839
-3846284 -3806480
-3579803 -3505251
-3736375 -3579803
-3579803 -3505251
-3846284 -3806480
-3806480 -3742921
-3806480
-4438238 -4198440
-3160222
-3433823
-3579803
-3742921
-3160222 -3038027
-3505251 -3433823
-3433823 -3165925
-3433823 -3165925
-3736375 -3579803
-3736375 -3579803
-2874088
-2874088 -2732132
-2327661 -2296222
-2356228 -2327661
-2117666 -1908141
-2117666
-1417898 -1308155
-1417898
-1308155
-1017842
-281926 -265957
702886 736625
414440
275737 310444
275737
256403
244393
-78626 -71114
-281926
275737
414440 468573
468573
468573 545792
221612
221612
-925046
-547093 -429040
-846696
-78626
263103 275737
263103 275737
244393 256403
244393 256403
275737 310444
310444
702886
843833 851550
702886 736625
702886 736625
702886
468573
310444 414440
468573
468573
275737 310444
618718 702886
618718 702886
702886
702886 736625
1188367
1358333
984566
843833
1118181
1118181
1091434
1584244 1618122
1188367 1322503
1118181
1456503 1484088
1358333
1324494 1358333
1484088 1548925
1456503 1484088
1456503
1618122 1689894
1689894
1421366 1456503
1322503
964341
618718 702886
702886 736625
851550
468573
878536 964341
984566
1322503
1484088
1735126
1689894 1706616
843833
843833 851550
1358333 1421366
1324494
1358333 1421366
1584244 1618122
1618122
1618122
1618122
1706616
1837055 1900724
2037379 2322125
1735126 1792941
1584244
1548925
1118181
1188367 1322503
702886 736625
843833
1421366
1584244 1618122
1735126
1735126 1792941
1188367
1188367
1358333 1421366
1358333
1456503
984566 1080902
1188367
1322503 1324494
618718 628581
736625
851550
1091434 1118181
1584244
1584244
1484088 1548925
1706616
1706616
1689894 1706616
2037379 2322125
2037379 2322125
2354567
2409147 2483013
2483013
2677458
2677458 2711065
2677458 2711065
2354567
2745665
2409147
2037379 2322125
2322125
1900724
1994302 2014675
1735126
2322125
2014675 2037379
2677458
2409147 2483013
2711065
2483013 2677458
2483013 2677458
2354567
1792941 1837055
1706616
1900724 1994302
2037379 2322125
2354567 2409147
2711065 2745665
2711065 2745665
2745665 2789077
2789077
3018935 3040612
3167819 3277762
3040612 3054955
3054955
2925226 2983805
3277762 3282029
3282029 3294735
2983805 3018935
3040612 3054955
2037379 2322125
1792941 1837055
1837055 1900724
1792941 1837055
1994302
1900724 1994302
1735126
1689894 1706616
1689894 1706616
1792941 1837055
1689894 1706616
1706616 1735126
1362848 1421366
1324494
1689894
1689894 1706616
1792941 1837055
1735126
1689894 1706616
1618122 1689894
1792941 1837055
1900724
2037379
2037379
2322125 2354567
2483013
2354567
2409147 2483013
2409147
2677458
2810297 2829232
2829232 2925226
2711065 2745665
2409147 2483013
2409147
2037379
2829232
2983805
3018935 3040612
3054955 3066396
2322125
2037379 2322125
2014675 2037379
1837055 1900724
1735126
1706616
1456503
1618122
1689894 1706616
1792941
1994302
1456503
1421366 1456503
1358333
1421366 1456503
1421366 1456503
1456503
1358333 1362848
984566 987017
984566 987017
987017 1080902
987017 1080902
628581 702886
221612
221612
111943
230765
230765 244393
52197
-281926 -265957
-265957 -139290
-120457 -78626
-120457 -78626
-120457
-78626
-71114
52197
151102
52197 111943
151102
-78626 -75734
-139290
-78626
-311000
-311000 -282058
-373410 -311000
-377804 -374355
-139290
-139290
-78626 -75734
-265957 -139290
-311000 -282058
-139290 -120457
-311000 -282058
-373410 -311000
-429040 -418505
-984346 -951635
-835146
-429040 -418505
-630197
-790312
-790312
-812384
-688231 -670967
-311000
-377804 -374355
-374355
-373410 -311000
-374355
-670967
-630197 -547093
-951635 -927861
-925046
-374355 -373410
-311000 -282058
-126483 -120457
228484
48881
13958 48881
52197
-3244
48881
-71114 -3244
-75734
-282058 -281926
-429040 -418505
-812384
-846696
-925046
-925046
-984346
-1123713 -1074016
-1051340 -1017842
-1074016
-835146
-997675 -984346
-997675 -984346
-1017842
-1219910 -1197705
-927861
-846696 -835146
-835146 -812384
-1074016
-1074016 -1051340
-1480263 -1480116
-1834115 -1829345
-1834115
-1834115 -1829345
-2123233 -2117666
-2117666
-1585690
-1641975 -1585690
-1585690 -1547047
-1834115
-984346
-997675
-1051340
-1123713
-1480116 -1417898
-1480116
-1308155 -1219910
-1480116 -1417898
-1308155 -1219910
-1341495
-1308155
-1219910
-1417898
-1417898 -1341495
-1219910
-984346
-997675 -984346
-1108804
-1219910 -1197705
-927861 -925046
-630197
-790312 -694070
-925046 -846696
-835146
-846696
-925046 -846696
-925046 -846696
-846696
-925046
-951635 -927861
-1108804 -1074016
-1051340
-1123713
-1197705 -1123713
-1480263 -1480116
-1511870 -1511175
-1417898
-1511175
-1197705
-1123713 -1108804
-1108804
-1341495
-1417898 -1341495
-1051340 -1017842
-1017842 -997675
-951635
-374355
-418505 -383596
-373410 -311000
-282058 -281926
-547093 -499517
-577870
-377804 -374355
-499517
-450763 -429040
-577870 -547093
-374355
-71114
-71114 -3244
48881
263103 275737
255534
244393 255534
275737
263103 275737
255534
230765
275737 310444
111943 151102
111943 151102
111943 151102
-120457 -78626
-126483
-281926 -265957
-126483
-429040
-282058
-377804 -374355
-418505
-450763 -429040
-374355
-311000
-383596 -377804
-374355
-311000
-139290
-281926 -265957
13958 48881
-3244
-78626 -75734
-281926 -265957
-281926
-281926 -265957
-265957
-281926
-139290 -126483
-139290
-75734
87132 111943
48881 52197
48881
-71114
-71114
111943
13958
-71114
13958 48881
52197 87132
230765 244393
255534
244393 255534
256403
221612 228484
111943
48881
275737
275737
244393
244393 255534
230765 244393
221612 228484
111943 151102
151102 221612
151102 221612
310444
256403 263103
255534 256403
256403
256403 263103
230765
244393 255534
228484 230765
221612 228484
228484
151102
-282058 -281926
-373410 -311000
-377804
-428279 -418505
-927861 -925046
-951635
-800101
-710947 -694070
-790312
-716105 -710947
-716105
-688231 -670967
-688231
-577870
-577870
-630197
-694070
-688231
-630197 -582258
-429040
-582258
-710947
-688231 -670967
-694070
-710947
-582258
-582258
-582258 -577870
-547093 -499517
-459194 -450763
-418505
-428279
-429040
-577870 -547093
-630197 -582258
-716105 -710947
-846696 -835146
-694070 -688231
-499517 -459194
-577870
-582258 -577870
-577870
-688231
-450763
-582258 -577870
-670967 -630197
-716105
-716105 -710947
-688231 -670967
-716105 -710947
-800101 -790312
-800101
-790312 -716105
-688231 -670967
-716105
-846696
-997675 -984346
-812384
-835146
-812384
-800101
-1074016
-1017842
-1123713 -1108804
-1367338 -1341495
-1392643 -1367338
-1392643
-1440879 -1417898
-1499033
-1484788 -1480263
-1511175
-1417898
-1256034
-1308155 -1291684
-1256034 -1219910
-1417898 -1392643
-1480116
-1480263 -1480116
-1450695
-1440879
-1367338 -1341495
-1440879 -1417898
-1440879 -1417898
-1499033 -1484788
-1480116 -1450695
-1484788 -1480263
-1392643
-1197705
-1107153
-1074016
-835146 -812384
-956961 -951635
-997675 -984346
-1051340
-1051340 -1017842
-956961 -951635
-1107153
-1108804 -1107153
-951635 -927861
-835146
-835146
-812384
-582258 -577870
-670967
-577870
-377804 -374355
-374355
-139290 -126483
-373410
-311000
-377804 -374355
-311000 -282058
-139290
-265957 -139290
-418505
-282058
-282058
-374355 -373410
-281926 -265957
-281926 -265957
-281926 -265957
-282058 -281926
13958
-3244 13958
13958 21406
-377804
-374355
-373410
-311000 -282058
-311000
-428279 -418505
-374355 -373410
-282058 -281926
-468948 -459194
-468948 -459194
-459194 -450763
-377804
-126483
21406 48881
-75734 -71114
-71114
21406 48881
107080
107080 111943
-139290 -126483
-282058 -281926
-120457 -78626
-126483
-78626
-126483
228484
87132 107080
52197 87132
-78626
-78626
-78626
-139290
-139290
-533313 -499517
-533313 -499517
-418505
-120457
-139290
-265957 -139290
-281926 -265957
-139290
-78626
-120457 -78626
-282058 -281926
-139290
-120457
-120457 -78626
-281926
-281926 -265957
-139290 -126483
-377804
-377804
-418505
-429040 -428279
-418505 -383596
-499517
-716105 -710947
-716105
-716105
-780866
-694070 -688231
-670967
-670967 -630197
-670967 -630197
-670967 -630197
-670967 -630197
-716105
-812384
-780866 -716105
-582258
-533313
-547093
-533313
-499517
-459194 -450763
-418505 -383596
-418505
-377804
-377804
-374355
-311000 -282058
-282058 -281926
-282058
-265957 -139290
-139290
-374355 -373410
-139290 -126483
-120457
-78626
21406 48881
48881
87132 107080
87132
228484
111943 151102
221612
228484
228484 230765
48881 52197
52197
221612 228484
-71114
-78626 -75734
-126483
-78626
-78626
-281926
-282058
-373410
-311000
-377804
-450763 -429040
-710947 -694070
-428279
-383596
-373410 -311000
-377804
-418505 -383596
-311000 -282058
-139290 -126483
-126483 -120457
-265957 -139290
-126483
-282058 -281926
-373410
-373410 -311000
-374355 -373410
-374355 -373410
-120457
-282058
-418505 -383596
-468948
-450763 -429040
-383596
-418505
-373410
-311000 -282058
-377804
-373410
-281926 -265957
-3244
13958 21406
107080
87132
151102
48881
13958 21406
48881 52197
107080 111943
111943 151102
230765
111943
230765 244393
244393 255534
151102
111943
21406 48881
-3244 13958
-64371
-65217 -64371
-64371
-265957
-75734 -71114
-3244
13958 21406
21406
-71114
-139290
-418505
-75734 -71114
-71114 -65217
-71114
-120457
-265957 -139290
-78626 -75734
-64371 -3244
-3244
111943 112711
52197
13958 21406
13958 21406
-65217
52197 87132
87132 107080
21406 48881
-78626
-126483
-139290
-126483
-139290 -126483
-265957
-239086 -139290
-120457
-75734 -71114
-3244 13958
13958
-75734
-64371
13958
-71114
-281926 -265957
21406
-64371
-3244
48881
52197 87132
230765 244393
151102
87132 107080
112711 151102
230765
230765
263103
275737 310444
310444
483351
112711
107080 111943
-64371
87132 107080
112711 151102
244393
244393
221612 228484
151102
151102
151102 221612
151102
244393 255534
256403 263103
244393
263103
255534 256403
263103
310444
311619
263103
48881 52197
-65217
-78626 -75734
-120457 -95930
-95930 -78626
-75734
21406
311619 329129
255534 256403
256403 263103
310444
521070
521070 526458
526458
526458 530952
526458 530952
445756 460670
414440 445756
460670
329129 365701
255534 256403
329129
310444 311619
329129
521070 526458
414440
468573
468573
596478 603076
603076
596478
596478
633824
609041
530952
878536
850326
851550 878536
850009
850326
851550 878536
850326
843833 844956
844956 850009
850326 851550
844956 850009
545792
878536 922420
878536
817494 843833
530952
483351
618718
609041 618718
922420 930752
930752 944101
843833
817494
817494
736625 817494
843833
850326
817494 843833
652940 702886
736625 817494
844956 850009
878536
850009
817494 843833
711196 736625
711196
633824 652940
850009 850326
850009
850009 850326
1047782 1066665
1091434 1118181
923340 930752
1118181
1195536
1091434 1118181
1091434
987017 1047782
1152172 1165430
1152172
1091434 1118181
1194630
1195536 1215991
1322503
1371351
1362848 1371351
1080902
1080902
1152172
1091434 1118181
1152172
1322503 1324494
1322503
1358333 1362848
1456503 1484088
1456503
1456503 1484088
1533523
1522715 1533523
1602189 1609135
1706616
1706616
1807277
1792941 1807277
1545221
1522715 1533523
1421366 1456503
1533523 1543209
1484088
1522715
1618122
1371351
1322503 1324494
1637083
1696588
1557901 1584244
1557901
1456503
1421366 1456503
1415773 1421366
1356397
1324494
1267105
1371351
1371351
1331688
1362848
1362848 1371351
1362848
1377321
1356397 1358333
1358333 1362848
1377321
1377321 1415773
1358333 1362848
1362848 1371351
1358333 1362848
1338745 1356397
1338745
1362848 1371351
1456503
1415773 1421366
1522715
1533523
1522715
1522715
1522715 1533523
1543209 1545221
1543209 1545221
1543209 1545221
1618122
1637083
1681907 1683512
1681907 1683512
1683512
1618122 1637083
1618122
1637083
1696588
1618122 1637083
1681907 1683512
1681907
1689894 1696588
1637083
1681907 1683512
1681907 1683512
1696588
1707766
1706616 1707766
1710822 1716635
1792941
1983365
1879070
1900724
1837055 1866967
1912876 1955168
1912876 1955168
1912876 1955168
1810803 1837055
1810803 1837055
1689894
1696588
1689894 1696588
1637083
1609135
1807277 1810803
1637083 1681907
1618122
1584244 1602189
1609135
1584244
1567575
1548925 1557901
1545221 1548925
1548925 1557901
1609135
1557901
1543209 1545221
1421366
1377321 1415773
1377321 1415773
1377321 1415773
1371351
1324494
1324494
1324494
1322503
922420 923340
944101 964341
964341 984566
964341
984566 987017
984566 987017
711196 736625
843833
850009 850326
844956
736625 817494
817494
736625
462920
405339 409948
311619 329129
311619 329129
386527 405339
414440 445756
454057
445756
454057
409948
462920 468573
310444 311619
329129 365701
255534
230765
275086
256403
196459
152851 196459
311619 329129
365701
310444 311619
310444 311619
311619
255534 256403
256403 263103
152851
151102
151102
111943 112711
143010
47352
21406
-75734 -71114
-160889
-231310 -201418
-120457
-75734
-78626 -75734
-78626 -75734
-78626 -75734
-126483
-75734 -71114
-71114
-65217 -64371
52197
244393
228484
199846
228484 230765
310444
365701 386527
275086 275737
405339 409948
545792 580106
530952 545792
603076
596478 603076
521070 526458
526458 530952
521070
545792 580106
580106
545792 580106
526458 530952
521070
521070
490636 521070
521070 526458
468573 483351
580106
652940
633824
702886 711196
628581
530952 545792
483351 490636
483351 490636
526458
618718 628581
530952 545792
530952
460670 462920
460670 462920
490636 521070
468573 483351
483351 490636
462920 468573
311619 329129
256403 263103
275086 275737
199846
221612 228484
199846 221612
221612 228484
151102
52197 54870
47352
21406
48881 52197
87132
196459 199846
199846
112711
151102 152851
-31249 -5651
-31249
-31249
-64371 -31249
-31249
-5651
-64371 -31249
-31249 -5651
-31249
-65217 -64371
-162296 -160889
-201418 -189891
-189891
-160889 -139290
-136680 -126483
-162296 -160889
-95930
-78626
-5651 -3244
-75734
-136680 -126483
-139290 -136680
-162296
-139290
-78626 -75734
-31249 -5651
-31249 -5651
-136680 -126483
-231310 -201418
-288476 -288053
-383596 -377804
-377804
-201418
-289674
-373410
-373410 -311000
-311000 -289674
-231310
-468948
-265957
-288476 -288053
-201418
-265957 -239086
-265957
-282058
-231310 -201418
-3244
-5651
-65217
-64371 -31249
-31249
-201418 -189891
-162296
-139290
-139290 -136680
-120457 -95930
-75734 -71114
-71114
-71114
-160889
-231310
-239086 -231310
-139290 -136680
-78626 -75734
-95930 -78626
-78626
-120457 -95930
-65217 -64371
-64371
-31249
-139290 -136680
-95930
-9868 -5651
143010 151102
275737 310444
263103 275086
275086 275737
275737 310444
386527
230765
152851 196459
196459
52197 54870
111943 112711
151102 152851
112711 143010
143010
199846 221612
199846
221612
199846 221612
228484 230765
107080
107080
87132
107080
196459
199846 221612
255534 256403
256403 263103
256403 263103
310444 311619
329129
256403 263103
263103 275086
221612 228484
199846
244393 255534
196459
221612
228484
310444 311619
311619 329129
263103 275086
414440 441384
386527 405339
405339 409948
445756
409948
414440
409948 414440
454057
445756
386527 405339
365701 386527
445756 454057
454057 460670
462920
468573 483351
414440
409948
386527
275737 310444
263103 275086
230765 244393
244393
230765 244393
255534 256403
256403 263103
52197
10082
13958
21406 47352
21406 47352
47352
52197
52197
-9868
-9868
-59012
4004
4004 10082
13958
21406 47352
-3244 4004
221612
221612
256403
255534 256403
255534 256403
255534 256403
228484
329129 365701
275086 275737
255534 256403
256403 263103
263103 275086
311619
311619 329129
275086 275737
275086 275737
311619 329129
414440 441384
405339 409948
311619
230765 244393
230765 244393
255534 256403
244393 255534
228484
255534 256403
228484 230765
228484 230765
230765
244393
228484
221612 228484
221612
230765
221612 228484
221612 228484
228484 230765
275737
256403 263103
221612
221612
199846
143010 151102
4004 10082
-31249 -9868
-9868
-3244
-65217 -64371
-71114
-71114
-70080
-71114 -70080
-136680
-126483
-231310
-71114 -70080
-65217
-64371
10082 13958
13958
10082
21406
-31249 -9868
48881 52197
52197
47352 48881
47352 48881
52197 54870
111943
112711 143010
112711
107080 111943
52197 54870
52197
54870 87132
112711
112711
196459
152851 196459
143010 151102
196459 199846
230765
152851 196459
143010 151102
54870 87132
52197
111943
47352 48881
95033 107080
107080
199846 221612
221612 228484
199846 221612
54870 87132
48881 52197
48881 52197
48881 52197
52197
54870
87132 87335
54870 87132
87335
95033
111943 112711
95033 107080
221612 228484
230765
263103
275737 310444
256403
230765 244393
263103 275086
263103
275086 275737
310444
311619 329129
405339
405339
409948 414440
490636 521070
533161
521070 526458
483351 490636
460670
460670 462920
462920
521070
533161 537513
580106
596478
521070 526458
490636 521070
386527
386527
409948
255534 256403
275086
275086 275737
386527 405339
311619
490636
483351 490636
405339
256403
244393 255534
263103
263103
255534 256403
255534 256403
386527
386527
275737
275737
244393 255534
275737
263103 275086
409948
445756
445756 454057
468573
441384 445756
460670
445756
255534
255534 256403
256403
365701
310444
386527 405339
490636
490636
490636
526458
533161
526458 530952
533161 537513
521070 526458
386527
405339 409948
441384
468573
460670 462920
468573 483351
483351
454057
414440 441384
311619 329129
365701 386527
490636
483351 490636
460670 462920
462920
483351
490636 521070
526458 530952
521070 526458
530952
736625
693144
652940 693144
580106 596478
603076
580106
545792
580106 596478
633824
702886 711196
633824
609041
850326 851550
843833 844956
736625 761021
736625
736625 761021
807098
853549
853549 878536
930752
984566 987017
1066665
1047782 1066665
944101 964341
987017 1015370
984566 987017
974641
930752
878536 922420
987017 1015370
1047782 1066665
1015370
987017 1015370
1015370 1047782
1015370 1047782
922420
878536
878536
702886
526458
503539
472753 483351
472753 483351
472753
533161
545792
609041 618718
483351 490636
483351 490636
526458 530952
596478 603076
609041 618718
628581 633824
618718 628581
693144
628581
807098
850326
851550
806887
923340
878536
850326 851550
851550
851550
767800 795712
795712
795712 806887
736625 761021
806887 807098
807098
817494 843833
761021
878536 922420
850326
806887
795712
767800 795712
761021
711196 736625
652940 653424
580106 596478
533161 537513
596478 603076
537513 545792
618718 628581
603076 609041
603076 609041
545792 580106
545792
472753
445756 454057
454057 460670
441384 445756
462920
483351 490636
545792 580106
736625 761021
761021 767800
774500
817494
843833
843833 844956
853549 878536
923340
878536
853549 878536
974641
984566
964341 969033
964341 969033
1070440 1080902
1165430
1152172
1118181
1152172 1165430
1118181 1152172
1184590 1188367
1165430
1080902
1066665
1091434
1091434
987017 1015370
987017 1015370
1091434 1118181
987017
844956 850009
817494
817494 843833
843833 844956
774500 795712
795712 806887
702886
811405
811405
795712
795712 806887
806887
795712 806887
653424 693144
795712
795712 806887
811405 817494
878536 922420
878536 922420
878536
930752 944101
964341 969033
922420 923340
1047782
1091434
1194630 1195536
1215991 1226629
1242891 1246092
1242891 1246092
1264606
1215991
1152172 1165430
1080902
1118181
1070440
987017
1047782
1165430
1091434 1118181
1091434
1091434
1091434 1118181
1080902
1194630
1195536
1226629 1242891
1184590 1188367
1066665 1070440
1091434 1118181
1091434 1118181
1080902
987017
984566
974641 984566
984566 987017
974641 984566
944101 964341
944101 964341
984566 987017
944101
944101
1015370
851550
844956
853549
851550 853549
964341
878536 922420
878536 922420
974641 984566
974641 984566
984566 987017
1015370
922420
922420 923340
930752 944101
853549
